Using pre-set license
Built from '2021.3/staging' branch; Version is '2021.3.11f1 (0a5ca18544bf) revision 679073'; Using compiler version '192829333'; Build Type 'Release'
OS: 'Windows 10  (10.0.19044) 64bit Core' Language: 'en' Physical Memory: 32620 MB
BatchMode: 1, IsHumanControllingUs: 0, StartBugReporterOnCrash: 0, Is64bit: 1, IsPro: 1

COMMAND LINE ARGUMENTS:
C:\Program Files\Unity\Hub\Editor\2021.3.11f1\Editor\Unity.exe
-adb2
-batchMode
-noUpm
-name
AssetImportWorker4
-projectPath
C:/Users/timod/Desktop/GGJ-2023/GGJ-2023
-logFile
Logs/AssetImportWorker4.log
-srvPort
49156
Successfully changed project path to: C:/Users/timod/Desktop/GGJ-2023/GGJ-2023
C:/Users/timod/Desktop/GGJ-2023/GGJ-2023
[UnityMemory] Configuration Parameters - Can be set up in boot.config
    "memorysetup-bucket-allocator-granularity=16"
    "memorysetup-bucket-allocator-bucket-count=8"
    "memorysetup-bucket-allocator-block-size=33554432"
    "memorysetup-bucket-allocator-block-count=8"
    "memorysetup-main-allocator-block-size=16777216"
    "memorysetup-thread-allocator-block-size=16777216"
    "memorysetup-gfx-main-allocator-block-size=16777216"
    "memorysetup-gfx-thread-allocator-block-size=16777216"
    "memorysetup-cache-allocator-block-size=4194304"
    "memorysetup-typetree-allocator-block-size=2097152"
    "memorysetup-profiler-bucket-allocator-granularity=16"
    "memorysetup-profiler-bucket-allocator-bucket-count=8"
    "memorysetup-profiler-bucket-allocator-block-size=33554432"
    "memorysetup-profiler-bucket-allocator-block-count=8"
    "memorysetup-profiler-allocator-block-size=16777216"
    "memorysetup-profiler-editor-allocator-block-size=1048576"
    "memorysetup-temp-allocator-size-main=16777216"
    "memorysetup-job-temp-allocator-block-size=2097152"
    "memorysetup-job-temp-allocator-block-size-background=1048576"
    "memorysetup-job-temp-allocator-reduction-small-platforms=262144"
    "memorysetup-temp-allocator-size-background-worker=32768"
    "memorysetup-temp-allocator-size-job-worker=262144"
    "memorysetup-temp-allocator-size-preload-manager=33554432"
    "memorysetup-temp-allocator-size-nav-mesh-worker=65536"
    "memorysetup-temp-allocator-size-audio-worker=65536"
    "memorysetup-temp-allocator-size-cloud-worker=32768"
    "memorysetup-temp-allocator-size-gi-baking-worker=262144"
    "memorysetup-temp-allocator-size-gfx=262144"
Refreshing native plugins compatible for Editor in 110.85 ms, found 4 plugins.
Preloading 0 native plugins for Editor in 0.00 ms.
Initialize engine version: 2021.3.11f1 (0a5ca18544bf)
[Subsystems] Discovering subsystems at path C:/Program Files/Unity/Hub/Editor/2021.3.11f1/Editor/Data/Resources/UnitySubsystems
[Subsystems] Discovering subsystems at path C:/Users/timod/Desktop/GGJ-2023/GGJ-2023/Assets
GfxDevice: creating device client; threaded=0; jobified=0
Direct3D:
    Version:  Direct3D 11.0 [level 11.1]
    Renderer: NVIDIA GeForce RTX 3060 Laptop GPU (ID=0x2560)
    Vendor:   NVIDIA
    VRAM:     6023 MB
    Driver:   30.0.15.1236
Initialize mono
Mono path[0] = 'C:/Program Files/Unity/Hub/Editor/2021.3.11f1/Editor/Data/Managed'
Mono path[1] = 'C:/Program Files/Unity/Hub/Editor/2021.3.11f1/Editor/Data/MonoBleedingEdge/lib/mono/unityjit-win32'
Mono config path = 'C:/Program Files/Unity/Hub/Editor/2021.3.11f1/Editor/Data/MonoBleedingEdge/etc'
Using monoOptions --debugger-agent=transport=dt_socket,embedding=1,server=y,suspend=n,address=127.0.0.1:56604
Begin MonoManager ReloadAssembly
Registering precompiled unity dll's ...
Register platform support module: C:/Program Files/Unity/Hub/Editor/2021.3.11f1/Editor/Data/PlaybackEngines/WindowsStandaloneSupport/UnityEditor.WindowsStandalone.Extensions.dll
Registered in 0.006896 seconds.
Native extension for WindowsStandalone target not found
Refreshing native plugins compatible for Editor in 110.92 ms, found 4 plugins.
Preloading 0 native plugins for Editor in 0.00 ms.
Mono: successfully reloaded assembly
- Completed reload, in  0.648 seconds
Domain Reload Profiling:
	ReloadAssembly (648ms)
		BeginReloadAssembly (72ms)
			ExecutionOrderSort (0ms)
			DisableScriptedObjects (0ms)
			BackupInstance (0ms)
			ReleaseScriptingObjects (0ms)
			CreateAndSetChildDomain (1ms)
		EndReloadAssembly (473ms)
			LoadAssemblies (70ms)
			RebuildTransferFunctionScriptingTraits (0ms)
			SetupTypeCache (90ms)
			ReleaseScriptCaches (0ms)
			RebuildScriptCaches (24ms)
			SetupLoadedEditorAssemblies (308ms)
				LogAssemblyErrors (0ms)
				InitializePlatformSupportModulesInManaged (8ms)
				SetLoadedEditorAssemblies (0ms)
				RefreshPlugins (111ms)
				BeforeProcessingInitializeOnLoad (1ms)
				ProcessInitializeOnLoadAttributes (141ms)
				ProcessInitializeOnLoadMethodAttributes (47ms)
				AfterProcessingInitializeOnLoad (0ms)
				EditorAssembliesLoaded (0ms)
			ExecutionOrderSort2 (0ms)
			AwakeInstancesAfterBackupRestoration (0ms)
Platform modules already initialized, skipping
Registering precompiled user dll's ...
Registered in 0.009784 seconds.
Begin MonoManager ReloadAssembly
Symbol file LoadedFromMemory doesn't match image C:\Users\timod\Desktop\GGJ-2023\GGJ-2023\Library\PackageCache\com.unity.visualscripting@1.7.8\Editor\VisualScripting.Core\Dependencies\YamlDotNet\Unity.VisualScripting.YamlDotNet.dll
Symbol file LoadedFromMemory doesn't match image C:\Users\timod\Desktop\GGJ-2023\GGJ-2023\Library\PackageCache\com.unity.visualscripting@1.7.8\Editor\VisualScripting.Core\Dependencies\DotNetZip\Unity.VisualScripting.IonicZip.dll
Native extension for WindowsStandalone target not found
Refreshing native plugins compatible for Editor in 107.02 ms, found 4 plugins.
Preloading 0 native plugins for Editor in 0.00 ms.
Mono: successfully reloaded assembly
- Completed reload, in  1.247 seconds
Domain Reload Profiling:
	ReloadAssembly (1248ms)
		BeginReloadAssembly (106ms)
			ExecutionOrderSort (0ms)
			DisableScriptedObjects (5ms)
			BackupInstance (0ms)
			ReleaseScriptingObjects (0ms)
			CreateAndSetChildDomain (20ms)
		EndReloadAssembly (1025ms)
			LoadAssemblies (91ms)
			RebuildTransferFunctionScriptingTraits (0ms)
			SetupTypeCache (247ms)
			ReleaseScriptCaches (1ms)
			RebuildScriptCaches (61ms)
			SetupLoadedEditorAssemblies (575ms)
				LogAssemblyErrors (0ms)
				InitializePlatformSupportModulesInManaged (4ms)
				SetLoadedEditorAssemblies (0ms)
				RefreshPlugins (107ms)
				BeforeProcessingInitializeOnLoad (119ms)
				ProcessInitializeOnLoadAttributes (241ms)
				ProcessInitializeOnLoadMethodAttributes (95ms)
				AfterProcessingInitializeOnLoad (9ms)
				EditorAssembliesLoaded (0ms)
			ExecutionOrderSort2 (0ms)
			AwakeInstancesAfterBackupRestoration (5ms)
Platform modules already initialized, skipping
========================================================================
Worker process is ready to serve import requests
Launched and connected shader compiler UnityShaderCompiler.exe after 0.05 seconds
Refreshing native plugins compatible for Editor in 1.01 ms, found 4 plugins.
Preloading 0 native plugins for Editor in 0.00 ms.
Unloading 5533 Unused Serialized files (Serialized files now loaded: 0)
Unloading 43 unused Assets / (0.7 MB). Loaded Objects now: 5983.
Memory consumption went from 215.2 MB to 214.5 MB.
Total: 4.433600 ms (FindLiveObjects: 0.459300 ms CreateObjectMapping: 0.434300 ms MarkObjects: 3.239400 ms  DeleteObjects: 0.299500 ms)

AssetImportParameters requested are different than current active one (requested -> active):
  custom:video-decoder-ogg-theora: a1e56fd34408186e4bbccfd4996cb3dc -> 
  custom:container-muxer-webm: aa71ff27fc2769a1b78a27578f13a17b -> 
  custom:container-demuxer-webm: 4f35f7cbe854078d1ac9338744f61a02 -> 
  custom:video-encoder-webm-vp8: eb34c28f22e8b96e1ab97ce403110664 -> 
  custom:video-codec-MediaFoundation-h265: 746d11721c4dcdbdad8f713fa42b33f4 -> 
  custom:audio-encoder-webm-vorbis: bf7c407c2cedff20999df2af8eb42d56 -> 
  custom:framework-win-MediaFoundation: 216162199b28c13a410421893ffa2e32 -> 
  custom:container-demuxer-ogg: 62fdf1f143b41e24485cea50d1cbac27 -> 
  custom:video-decoder-webm-vp8: 9c59270c3fd7afecdb556c50c9e8de78 -> 
  custom:audio-decoder-ogg-vorbis: bf7c407c2cedff20999df2af8eb42d56 -> 
========================================================================
Received Import Request.
  Time since last request: 622814.639180 seconds.
  path: Assets/audio/assemble
  artifactKey: Guid(89ad571ce8fea184cbc58b4a0579f87a) Importer(815301076,1909f56bfc062723c751e8b465ee728b)
Start importing Assets/audio/assemble using Guid(89ad571ce8fea184cbc58b4a0579f87a) Importer(815301076,1909f56bfc062723c751e8b465ee728b)  -> (artifact id: 'eceb238992ea0eed80d276fc21f511d7') in 0.017498 seconds 
========================================================================
Received Import Request.
  Time since last request: 7.810560 seconds.
  path: Assets/audio/assemble/thonk.wav
  artifactKey: Guid(b27c76c373ad4a24ead4c1a68743c449) Importer(815301076,1909f56bfc062723c751e8b465ee728b)
Start importing Assets/audio/assemble/thonk.wav using Guid(b27c76c373ad4a24ead4c1a68743c449) Importer(815301076,1909f56bfc062723c751e8b465ee728b)  -> (artifact id: '77418cdf188b95e5936d5dee8a9deb9a') in 0.090975 seconds 
========================================================================
Received Import Request.
  Time since last request: 575.963703 seconds.
  path: Assets/audio/forrest.aiff
  artifactKey: Guid(5092e3c7ba0274b428a3e9ee2dd8c289) Importer(815301076,1909f56bfc062723c751e8b465ee728b)
Start importing Assets/audio/forrest.aiff using Guid(5092e3c7ba0274b428a3e9ee2dd8c289) Importer(815301076,1909f56bfc062723c751e8b465ee728b)  -> (artifact id: '9b078b1943c73a20359299d397bc9485') in 0.023587 seconds 
========================================================================
Received Import Request.
  Time since last request: 19.542575 seconds.
  path: Assets/audio/quiet_forrest_windy.wav
  artifactKey: Guid(d38fd7e1ee77a46458457c356fb74c14) Importer(815301076,1909f56bfc062723c751e8b465ee728b)
Start importing Assets/audio/quiet_forrest_windy.wav using Guid(d38fd7e1ee77a46458457c356fb74c14) Importer(815301076,1909f56bfc062723c751e8b465ee728b)  -> (artifact id: '2d2795de5b258d7e1aee414ecd8f5804') in 0.015778 seconds 
========================================================================
Received Import Request.
  Time since last request: 31.108199 seconds.
  path: Assets/audio/flowing-river-in-the-woods.wav
  artifactKey: Guid(76faed7029e49d846865cd3c7895a26d) Importer(815301076,1909f56bfc062723c751e8b465ee728b)
Start importing Assets/audio/flowing-river-in-the-woods.wav using Guid(76faed7029e49d846865cd3c7895a26d) Importer(815301076,1909f56bfc062723c751e8b465ee728b)  -> (artifact id: '60c6ade0b7e616f171919a8667d2ef16') in 0.051785 seconds 
========================================================================
Received Import Request.
  Time since last request: 1100.403605 seconds.
  path: Assets/audio/ambiance
  artifactKey: Guid(8a180a8c13bfad64bbe405f72e00fdc5) Importer(815301076,1909f56bfc062723c751e8b465ee728b)
Start importing Assets/audio/ambiance using Guid(8a180a8c13bfad64bbe405f72e00fdc5) Importer(815301076,1909f56bfc062723c751e8b465ee728b)  -> (artifact id: 'dbede9b705a09fbe8962b96d9562d4c6') in 0.007470 seconds 
========================================================================
Received Import Request.
  Time since last request: 12.837914 seconds.
  path: Assets/audio/ambiance/quiet forrest wind.wav
  artifactKey: Guid(e1fb895131cd62947ae9efc4f601fc77) Importer(815301076,1909f56bfc062723c751e8b465ee728b)
Start importing Assets/audio/ambiance/quiet forrest wind.wav using Guid(e1fb895131cd62947ae9efc4f601fc77) Importer(815301076,1909f56bfc062723c751e8b465ee728b)  -> (artifact id: 'caa4a75056a1a407894e3f82aadf8369') in 0.022028 seconds 
========================================================================
Received Import Request.
  Time since last request: 5.009395 seconds.
  path: Assets/audio/ambiance/river in the woods.wav
  artifactKey: Guid(faeac9f34529d834088efa117d7ec49d) Importer(815301076,1909f56bfc062723c751e8b465ee728b)
Start importing Assets/audio/ambiance/river in the woods.wav using Guid(faeac9f34529d834088efa117d7ec49d) Importer(815301076,1909f56bfc062723c751e8b465ee728b)  -> (artifact id: '7bc505ab575e3c742814b32102371f0f') in 0.017526 seconds 
========================================================================
Received Import Request.
  Time since last request: 22.903424 seconds.
  path: Assets/audio/ambiance/forrest.wav
  artifactKey: Guid(33781826e2b936e4aa3592d174bfd58e) Importer(815301076,1909f56bfc062723c751e8b465ee728b)
Start importing Assets/audio/ambiance/forrest.wav using Guid(33781826e2b936e4aa3592d174bfd58e) Importer(815301076,1909f56bfc062723c751e8b465ee728b)  -> (artifact id: '0c0b2008f3b7361aea5e293f903cc409') in 0.015036 seconds 
========================================================================
Received Import Request.
  Time since last request: 53.440622 seconds.
  path: Assets/audio/explore loop opt 2.wav
  artifactKey: Guid(951b6c82ba1ee62419e8d177217cf6ab) Importer(815301076,1909f56bfc062723c751e8b465ee728b)
Start importing Assets/audio/explore loop opt 2.wav using Guid(951b6c82ba1ee62419e8d177217cf6ab) Importer(815301076,1909f56bfc062723c751e8b465ee728b)  -> (artifact id: '306a4e155fa7f864cd0b7ff68530baee') in 0.013811 seconds 
========================================================================
Received Import Request.
  Time since last request: 630.065742 seconds.
  path: Assets/audio/explore loop lyr1.wav
  artifactKey: Guid(55d477c55b3bfa64983a676be1945f0b) Importer(815301076,1909f56bfc062723c751e8b465ee728b)
Start importing Assets/audio/explore loop lyr1.wav using Guid(55d477c55b3bfa64983a676be1945f0b) Importer(815301076,1909f56bfc062723c751e8b465ee728b)  -> (artifact id: 'a761668723e2ab236598cd7d1d377f0e') in 0.019499 seconds 
========================================================================
Received Import Request.
  Time since last request: 0.000026 seconds.
  path: Assets/audio/explore loop lyr3 opt 1.wav
  artifactKey: Guid(2a40a770b9f600f4fb3e83b40cf7f3e1) Importer(815301076,1909f56bfc062723c751e8b465ee728b)
Start importing Assets/audio/explore loop lyr3 opt 1.wav using Guid(2a40a770b9f600f4fb3e83b40cf7f3e1) Importer(815301076,1909f56bfc062723c751e8b465ee728b)  -> (artifact id: '2917ca3b59b4fe36fe03cc8e25ab1885') in 0.016223 seconds 
========================================================================
Received Import Request.
  Time since last request: 2489.708818 seconds.
  path: Assets/Scenes
  artifactKey: Guid(109e9bdd0fcc649c5bc59085c35bdc83) Importer(815301076,1909f56bfc062723c751e8b465ee728b)
Start importing Assets/Scenes using Guid(109e9bdd0fcc649c5bc59085c35bdc83) Importer(815301076,1909f56bfc062723c751e8b465ee728b)  -> (artifact id: 'dc551c28631bb03ca9b61942ea6fe31a') in 0.009996 seconds 
========================================================================
Received Import Request.
  Time since last request: 78.731876 seconds.
  path: Assets/fonts
  artifactKey: Guid(d19bbaed8b408f541ab338c58c5d7da2) Importer(815301076,1909f56bfc062723c751e8b465ee728b)
Start importing Assets/fonts using Guid(d19bbaed8b408f541ab338c58c5d7da2) Importer(815301076,1909f56bfc062723c751e8b465ee728b)  -> (artifact id: '2705001d8ca6387c739e79b75bc18977') in 0.006688 seconds 
========================================================================
Received Import Request.
  Time since last request: 41.321791 seconds.
  path: Assets/fonts/karmatic-arcade
  artifactKey: Guid(eb256414cb8005b41bbea82f2608f52f) Importer(815301076,1909f56bfc062723c751e8b465ee728b)
Start importing Assets/fonts/karmatic-arcade using Guid(eb256414cb8005b41bbea82f2608f52f) Importer(815301076,1909f56bfc062723c751e8b465ee728b)  -> (artifact id: '8beaa5c3671a9a20ecf1c781b2c21456') in 0.008340 seconds 
========================================================================
Received Import Request.
  Time since last request: 0.040468 seconds.
  path: Assets/fonts/karmatic-arcade/ka1.ttf
  artifactKey: Guid(844075f74aa069842a523787e786549c) Importer(815301076,1909f56bfc062723c751e8b465ee728b)
Start importing Assets/fonts/karmatic-arcade/ka1.ttf using Guid(844075f74aa069842a523787e786549c) Importer(815301076,1909f56bfc062723c751e8b465ee728b)  -> (artifact id: '11e48d0789ceee85a5fcf795521afe91') in 0.230779 seconds 
========================================================================
Received Import Request.
  Time since last request: 17.749194 seconds.
  path: Assets/fonts/karmatic-arcade/ka1 SDF.asset
  artifactKey: Guid(fbfc7b55029eae444a662ecbe8c679ee) Importer(815301076,1909f56bfc062723c751e8b465ee728b)
Start importing Assets/fonts/karmatic-arcade/ka1 SDF.asset using Guid(fbfc7b55029eae444a662ecbe8c679ee) Importer(815301076,1909f56bfc062723c751e8b465ee728b) UnassignedReferenceException: The variable material of TMP_FontAsset has not been assigned.
You probably need to assign the material variable of the TMP_FontAsset script in the inspector.
  at (wrapper managed-to-native) UnityEngine.Material.HasProperty(UnityEngine.Material,int)
  at TMPro.TMP_FontAsset.ReadFontAssetDefinition () [0x0008f] in C:\Users\timod\Desktop\GGJ-2023\GGJ-2023\Library\PackageCache\com.unity.textmeshpro@3.0.6\Scripts\Runtime\TMP_FontAsset.cs:588 
  at TMPro.TMP_FontAsset.OnValidate () [0x00010] in C:\Users\timod\Desktop\GGJ-2023\GGJ-2023\Library\PackageCache\com.unity.textmeshpro@3.0.6\Scripts\Runtime\TMP_FontAsset.cs:555 

(Filename: Library/PackageCache/com.unity.textmeshpro@3.0.6/Scripts/Runtime/TMP_FontAsset.cs Line: 588)

 -> (artifact id: 'eddb8bf495c13ef43e9dd4a69f74ac8b') in 0.023443 seconds 
========================================================================
Received Import Request.
  Time since last request: 15.589876 seconds.
  path: Assets/Scenes/title screen
  artifactKey: Guid(e86134ffc65bb4646a97bafe034f6d9b) Importer(815301076,1909f56bfc062723c751e8b465ee728b)
Start importing Assets/Scenes/title screen using Guid(e86134ffc65bb4646a97bafe034f6d9b) Importer(815301076,1909f56bfc062723c751e8b465ee728b)  -> (artifact id: 'f64bf8e4968d36abad60cdc76e1ca640') in 0.007470 seconds 
========================================================================
Received Import Request.
  Time since last request: 26.845706 seconds.
  path: Assets/Scenes/title screen.unity
  artifactKey: Guid(ad5d6336ef61fc8439fe53c477cfcb48) Importer(815301076,1909f56bfc062723c751e8b465ee728b)
Start importing Assets/Scenes/title screen.unity using Guid(ad5d6336ef61fc8439fe53c477cfcb48) Importer(815301076,1909f56bfc062723c751e8b465ee728b)  -> (artifact id: '2ce494592d12c27b8e59b3f07582845f') in 0.007539 seconds 
========================================================================
Received Import Request.
  Time since last request: 99.500409 seconds.
  path: Assets/fonts/karmatic-arcade/ka1 SDF.asset
  artifactKey: Guid(fbfc7b55029eae444a662ecbe8c679ee) Importer(815301076,1909f56bfc062723c751e8b465ee728b)
Start importing Assets/fonts/karmatic-arcade/ka1 SDF.asset using Guid(fbfc7b55029eae444a662ecbe8c679ee) Importer(815301076,1909f56bfc062723c751e8b465ee728b) UnassignedReferenceException: The variable material of TMP_FontAsset has not been assigned.
You probably need to assign the material variable of the TMP_FontAsset script in the inspector.
  at (wrapper managed-to-native) UnityEngine.Material.HasProperty(UnityEngine.Material,int)
  at TMPro.TMP_FontAsset.ReadFontAssetDefinition () [0x0008f] in C:\Users\timod\Desktop\GGJ-2023\GGJ-2023\Library\PackageCache\com.unity.textmeshpro@3.0.6\Scripts\Runtime\TMP_FontAsset.cs:588 
  at TMPro.TMP_FontAsset.OnValidate () [0x00010] in C:\Users\timod\Desktop\GGJ-2023\GGJ-2023\Library\PackageCache\com.unity.textmeshpro@3.0.6\Scripts\Runtime\TMP_FontAsset.cs:555 

(Filename: Library/PackageCache/com.unity.textmeshpro@3.0.6/Scripts/Runtime/TMP_FontAsset.cs Line: 588)

 -> (artifact id: '8ed2da30ea9c803d64940c1e612094d0') in 0.014076 seconds 
========================================================================
Received Import Request.
  Time since last request: 39.639131 seconds.
  path: Assets/TextMesh Pro/Resources/Fonts & Materials/LiberationSans SDF.asset
  artifactKey: Guid(8f586378b4e144a9851e7b34d9b748ee) Importer(815301076,1909f56bfc062723c751e8b465ee728b)
Start importing Assets/TextMesh Pro/Resources/Fonts & Materials/LiberationSans SDF.asset using Guid(8f586378b4e144a9851e7b34d9b748ee) Importer(815301076,1909f56bfc062723c751e8b465ee728b)  -> (artifact id: 'fcf77386a9d61468019b230fe155b012') in 0.097973 seconds 
========================================================================
Received Import Request.
  Time since last request: 62.352029 seconds.
  path: Assets/fonts/benegraphic
  artifactKey: Guid(8937ccc01c1af16428c81b6784038e21) Importer(815301076,1909f56bfc062723c751e8b465ee728b)
Start importing Assets/fonts/benegraphic using Guid(8937ccc01c1af16428c81b6784038e21) Importer(815301076,1909f56bfc062723c751e8b465ee728b)  -> (artifact id: 'c8e1eae28380beb3e3581d84abb05fa2') in 0.006814 seconds 
========================================================================
Received Import Request.
  Time since last request: 0.049552 seconds.
  path: Assets/fonts/benegraphic/Benegraphic.ttf
  artifactKey: Guid(ed87734f772d41d4682dc9f4bd8d71f5) Importer(815301076,1909f56bfc062723c751e8b465ee728b)
Start importing Assets/fonts/benegraphic/Benegraphic.ttf using Guid(ed87734f772d41d4682dc9f4bd8d71f5) Importer(815301076,1909f56bfc062723c751e8b465ee728b)  -> (artifact id: '8d8f2c4774a593ca375c6698dda29721') in 0.019681 seconds 
========================================================================
Received Import Request.
  Time since last request: 7.601845 seconds.
  path: Assets/Animations
  artifactKey: Guid(704413b715c2b0440a0e9ca5c75c8621) Importer(815301076,1909f56bfc062723c751e8b465ee728b)
Start importing Assets/Animations using Guid(704413b715c2b0440a0e9ca5c75c8621) Importer(815301076,1909f56bfc062723c751e8b465ee728b)  -> (artifact id: '01f5b421ed61f894eb975742e2f79a57') in 0.006858 seconds 
========================================================================
Received Import Request.
  Time since last request: 21.697469 seconds.
  path: Assets/fonts/title font.asset
  artifactKey: Guid(fbfc7b55029eae444a662ecbe8c679ee) Importer(815301076,1909f56bfc062723c751e8b465ee728b)
Start importing Assets/fonts/title font.asset using Guid(fbfc7b55029eae444a662ecbe8c679ee) Importer(815301076,1909f56bfc062723c751e8b465ee728b) UnassignedReferenceException: The variable material of TMP_FontAsset has not been assigned.
You probably need to assign the material variable of the TMP_FontAsset script in the inspector.
  at (wrapper managed-to-native) UnityEngine.Material.HasProperty(UnityEngine.Material,int)
  at TMPro.TMP_FontAsset.ReadFontAssetDefinition () [0x0008f] in C:\Users\timod\Desktop\GGJ-2023\GGJ-2023\Library\PackageCache\com.unity.textmeshpro@3.0.6\Scripts\Runtime\TMP_FontAsset.cs:588 
  at TMPro.TMP_FontAsset.OnValidate () [0x00010] in C:\Users\timod\Desktop\GGJ-2023\GGJ-2023\Library\PackageCache\com.unity.textmeshpro@3.0.6\Scripts\Runtime\TMP_FontAsset.cs:555 

(Filename: Library/PackageCache/com.unity.textmeshpro@3.0.6/Scripts/Runtime/TMP_FontAsset.cs Line: 588)

 -> (artifact id: '784b85beb570edc3b8577884043b2ae4') in 0.018599 seconds 
========================================================================
Received Import Request.
  Time since last request: 2.367260 seconds.
  path: Assets/fonts/adlibitum
  artifactKey: Guid(5da66e57995f51840a5eb682fc77e0ff) Importer(815301076,1909f56bfc062723c751e8b465ee728b)
Start importing Assets/fonts/adlibitum using Guid(5da66e57995f51840a5eb682fc77e0ff) Importer(815301076,1909f56bfc062723c751e8b465ee728b)  -> (artifact id: 'c1642a8114944993b8ffd858833b112e') in 0.006893 seconds 
========================================================================
Received Import Request.
  Time since last request: 0.660983 seconds.
  path: Assets/fonts/adlibitum/Adlibitum TRIAL.ttf
  artifactKey: Guid(83155febf1591014ea556b71dfa5a893) Importer(815301076,1909f56bfc062723c751e8b465ee728b)
Start importing Assets/fonts/adlibitum/Adlibitum TRIAL.ttf using Guid(83155febf1591014ea556b71dfa5a893) Importer(815301076,1909f56bfc062723c751e8b465ee728b)  -> (artifact id: '2acbc32cd3d936b505e923b6df88683a') in 0.026006 seconds 
========================================================================
Received Import Request.
  Time since last request: 0.000026 seconds.
  path: Assets/fonts/adlibitum/Adlibitum_Light TRIAL.ttf
  artifactKey: Guid(b2b9a31c47176a643a71e2536579894d) Importer(815301076,1909f56bfc062723c751e8b465ee728b)
Start importing Assets/fonts/adlibitum/Adlibitum_Light TRIAL.ttf using Guid(b2b9a31c47176a643a71e2536579894d) Importer(815301076,1909f56bfc062723c751e8b465ee728b)  -> (artifact id: '145687540a4b5f32457e696743983709') in 0.047368 seconds 
========================================================================
Received Import Request.
  Time since last request: 37.922340 seconds.
  path: Assets/fonts/benegraphic/Benegraphic SDF.asset
  artifactKey: Guid(0dd59f359b02dfe468bfdf4026093abe) Importer(815301076,1909f56bfc062723c751e8b465ee728b)
Start importing Assets/fonts/benegraphic/Benegraphic SDF.asset using Guid(0dd59f359b02dfe468bfdf4026093abe) Importer(815301076,1909f56bfc062723c751e8b465ee728b) Shader 'TextMeshPro/Distance Field': fallback shader 'TextMeshPro/Mobile/Distance Field' not found
 -> (artifact id: '2be2080a4466ff7c7566871ff65b1eb8') in 0.071997 seconds 
========================================================================
Received Import Request.
  Time since last request: 11.504324 seconds.
  path: Assets/fonts/black-night
  artifactKey: Guid(8af2c8d23b0a3ee489122afd914b770d) Importer(815301076,1909f56bfc062723c751e8b465ee728b)
Start importing Assets/fonts/black-night using Guid(8af2c8d23b0a3ee489122afd914b770d) Importer(815301076,1909f56bfc062723c751e8b465ee728b)  -> (artifact id: '4bf52fbcecc3ac6d4324f7e4a7bcb41a') in 0.009022 seconds 
========================================================================
Received Import Request.
  Time since last request: 0.054323 seconds.
  path: Assets/fonts/black-night/BlackNight.ttf
  artifactKey: Guid(1df60761c1bbcf744a53560052b52ab7) Importer(815301076,1909f56bfc062723c751e8b465ee728b)
Start importing Assets/fonts/black-night/BlackNight.ttf using Guid(1df60761c1bbcf744a53560052b52ab7) Importer(815301076,1909f56bfc062723c751e8b465ee728b)  -> (artifact id: '2c9f1c6c856299876afca91e99d3573e') in 0.027329 seconds 
========================================================================
Received Import Request.
  Time since last request: 7.762171 seconds.
  path: Assets/fonts/black-night/BlackNight SDF.asset
  artifactKey: Guid(3ca4a0bc4d76a844db1368e53dc12b44) Importer(815301076,1909f56bfc062723c751e8b465ee728b)
Start importing Assets/fonts/black-night/BlackNight SDF.asset using Guid(3ca4a0bc4d76a844db1368e53dc12b44) Importer(815301076,1909f56bfc062723c751e8b465ee728b) Shader 'TextMeshPro/Distance Field': fallback shader 'TextMeshPro/Mobile/Distance Field' not found
 -> (artifact id: 'd8d78ec9ecfde6ad1c2c53662a13f145') in 0.035835 seconds 
========================================================================
Received Import Request.
  Time since last request: 8.611830 seconds.
  path: Assets/fonts/cyber_hashtags
  artifactKey: Guid(a8eafbd4353478d4382de7e95c4bf5e9) Importer(815301076,1909f56bfc062723c751e8b465ee728b)
Start importing Assets/fonts/cyber_hashtags using Guid(a8eafbd4353478d4382de7e95c4bf5e9) Importer(815301076,1909f56bfc062723c751e8b465ee728b)  -> (artifact id: '46fdfbb83328772ac659fa81328ad24d') in 0.006585 seconds 
========================================================================
Received Import Request.
  Time since last request: 1.672093 seconds.
  path: Assets/fonts/dragraces
  artifactKey: Guid(3f5428a0f6a7af448bb7c0a9a4d14040) Importer(815301076,1909f56bfc062723c751e8b465ee728b)
Start importing Assets/fonts/dragraces using Guid(3f5428a0f6a7af448bb7c0a9a4d14040) Importer(815301076,1909f56bfc062723c751e8b465ee728b)  -> (artifact id: '1ede3a962ca435b02e9f4baa8830642b') in 0.007982 seconds 
========================================================================
Received Import Request.
  Time since last request: 2.016082 seconds.
  path: Assets/fonts/mary-jane-olyff
  artifactKey: Guid(ac0e339044d3d1d4e9378642c3b016d9) Importer(815301076,1909f56bfc062723c751e8b465ee728b)
Start importing Assets/fonts/mary-jane-olyff using Guid(ac0e339044d3d1d4e9378642c3b016d9) Importer(815301076,1909f56bfc062723c751e8b465ee728b)  -> (artifact id: 'f6e5ffe22e42e7d5d7b4fb58c7cbc005') in 0.007670 seconds 
========================================================================
Received Import Request.
  Time since last request: 36.392084 seconds.
  path: Assets/fonts/stitch-warrior
  artifactKey: Guid(1cf70d2471116494287f4c6762aee832) Importer(815301076,1909f56bfc062723c751e8b465ee728b)
Start importing Assets/fonts/stitch-warrior using Guid(1cf70d2471116494287f4c6762aee832) Importer(815301076,1909f56bfc062723c751e8b465ee728b)  -> (artifact id: '3d56117def0493b3e1412a1f84f6c644') in 0.009267 seconds 
========================================================================
Received Import Request.
  Time since last request: 3.822043 seconds.
  path: Assets/fonts/unsteady-oversteer
  artifactKey: Guid(669188a1e5e75e745bfca283d5098073) Importer(815301076,1909f56bfc062723c751e8b465ee728b)
Start importing Assets/fonts/unsteady-oversteer using Guid(669188a1e5e75e745bfca283d5098073) Importer(815301076,1909f56bfc062723c751e8b465ee728b)  -> (artifact id: '27c4018614b216e3a309864c9b43be87') in 0.008835 seconds 
========================================================================
Received Import Request.
  Time since last request: 2.989357 seconds.
  path: Assets/fonts/minim
  artifactKey: Guid(fd7eb01f461ee2a4ba16a994bc520858) Importer(815301076,1909f56bfc062723c751e8b465ee728b)
Start importing Assets/fonts/minim using Guid(fd7eb01f461ee2a4ba16a994bc520858) Importer(815301076,1909f56bfc062723c751e8b465ee728b)  -> (artifact id: '4870edb87fc88d7a4a48215316a3e994') in 0.007102 seconds 
========================================================================
Received Import Request.
  Time since last request: 0.037943 seconds.
  path: Assets/fonts/minim/minim.ttf
  artifactKey: Guid(859dd57b9805a2d43b9e7cc58c0dc14c) Importer(815301076,1909f56bfc062723c751e8b465ee728b)
Start importing Assets/fonts/minim/minim.ttf using Guid(859dd57b9805a2d43b9e7cc58c0dc14c) Importer(815301076,1909f56bfc062723c751e8b465ee728b)  -> (artifact id: '5ad1da90662122a40ad867ff9ee184c0') in 0.021548 seconds 
========================================================================
Received Import Request.
  Time since last request: 9.732316 seconds.
  path: Assets/fonts/minim/minim_o SDF.asset
  artifactKey: Guid(8f76783a9c556eb4fa5a0c86f3be2981) Importer(815301076,1909f56bfc062723c751e8b465ee728b)
Start importing Assets/fonts/minim/minim_o SDF.asset using Guid(8f76783a9c556eb4fa5a0c86f3be2981) Importer(815301076,1909f56bfc062723c751e8b465ee728b) Shader 'TextMeshPro/Distance Field': fallback shader 'TextMeshPro/Mobile/Distance Field' not found
 -> (artifact id: 'd6945ba579fdd3f1c9e42101c97c059b') in 0.039095 seconds 
========================================================================
Received Import Request.
  Time since last request: 11.452747 seconds.
  path: Assets/fonts/monarchia
  artifactKey: Guid(eb40211ae6457e748a48a9233e40539d) Importer(815301076,1909f56bfc062723c751e8b465ee728b)
Start importing Assets/fonts/monarchia using Guid(eb40211ae6457e748a48a9233e40539d) Importer(815301076,1909f56bfc062723c751e8b465ee728b)  -> (artifact id: '16e66887829b7c37ed3b19b596d5c43f') in 0.006897 seconds 
========================================================================
Received Import Request.
  Time since last request: 0.064737 seconds.
  path: Assets/fonts/monarchia/MONARCHI.TTF
  artifactKey: Guid(be2619be84821384ca501101befe49ab) Importer(815301076,1909f56bfc062723c751e8b465ee728b)
Start importing Assets/fonts/monarchia/MONARCHI.TTF using Guid(be2619be84821384ca501101befe49ab) Importer(815301076,1909f56bfc062723c751e8b465ee728b)  -> (artifact id: 'be3d70fa50caed390b0fe9e86ea65836') in 0.023308 seconds 
========================================================================
Received Import Request.
  Time since last request: 6.819998 seconds.
  path: Assets/fonts/monarchia/MONARCHI SDF.asset
  artifactKey: Guid(c8ae48fbd12f31c498985beb77f55a0d) Importer(815301076,1909f56bfc062723c751e8b465ee728b)
Start importing Assets/fonts/monarchia/MONARCHI SDF.asset using Guid(c8ae48fbd12f31c498985beb77f55a0d) Importer(815301076,1909f56bfc062723c751e8b465ee728b) Shader 'TextMeshPro/Distance Field': fallback shader 'TextMeshPro/Mobile/Distance Field' not found
 -> (artifact id: '5962700f3bb98cab4199766d486233ba') in 0.026237 seconds 
========================================================================
Received Import Request.
  Time since last request: 7.328593 seconds.
  path: Assets/fonts/metamorphose-requiem
  artifactKey: Guid(2b959ade076c3d047956897d912c3b49) Importer(815301076,1909f56bfc062723c751e8b465ee728b)
Start importing Assets/fonts/metamorphose-requiem using Guid(2b959ade076c3d047956897d912c3b49) Importer(815301076,1909f56bfc062723c751e8b465ee728b)  -> (artifact id: '7caea871a880aa285372ef078b8b134a') in 0.007423 seconds 
========================================================================
Received Import Request.
  Time since last request: 8.792773 seconds.
  path: Assets/fonts/monumental-gothic
  artifactKey: Guid(4b51311e74813c34eae55ee81cedd4e2) Importer(815301076,1909f56bfc062723c751e8b465ee728b)
Start importing Assets/fonts/monumental-gothic using Guid(4b51311e74813c34eae55ee81cedd4e2) Importer(815301076,1909f56bfc062723c751e8b465ee728b)  -> (artifact id: '2a64315ccdbb19d8b35dd58a62a18f33') in 0.006589 seconds 
========================================================================
Received Import Request.
  Time since last request: 0.146838 seconds.
  path: Assets/fonts/monumental-gothic/MONUGD__.TTF
  artifactKey: Guid(fcad0f4d1b88ad0479f4982869673d67) Importer(815301076,1909f56bfc062723c751e8b465ee728b)
Start importing Assets/fonts/monumental-gothic/MONUGD__.TTF using Guid(fcad0f4d1b88ad0479f4982869673d67) Importer(815301076,1909f56bfc062723c751e8b465ee728b)  -> (artifact id: '62069c23cb4e97674da7feb8a965a987') in 0.018858 seconds 
========================================================================
Received Import Request.
  Time since last request: 1.943215 seconds.
  path: Assets/fonts/monumental-gothic/INSTALL.txt
  artifactKey: Guid(60b7cde4f96cde945a3c5da6eb75f0cf) Importer(815301076,1909f56bfc062723c751e8b465ee728b)
Start importing Assets/fonts/monumental-gothic/INSTALL.txt using Guid(60b7cde4f96cde945a3c5da6eb75f0cf) Importer(815301076,1909f56bfc062723c751e8b465ee728b)  -> (artifact id: '1cf16d176410db196351e93e9838d66d') in 0.012374 seconds 
========================================================================
Received Import Request.
  Time since last request: 17.053429 seconds.
  path: Assets/fonts/medieval-victoriana
  artifactKey: Guid(41ee321f7dee3e345b44d675aaafec0f) Importer(815301076,1909f56bfc062723c751e8b465ee728b)
Start importing Assets/fonts/medieval-victoriana using Guid(41ee321f7dee3e345b44d675aaafec0f) Importer(815301076,1909f56bfc062723c751e8b465ee728b)  -> (artifact id: '2d05d67db9f6df972cc8084a7d9f00c8') in 0.007529 seconds 
========================================================================
Received Import Request.
  Time since last request: 121.712249 seconds.
  path: Assets/fonts/sabo
  artifactKey: Guid(2fe7ab7c7dcf7ae459b1d08c4952c27c) Importer(815301076,1909f56bfc062723c751e8b465ee728b)
Start importing Assets/fonts/sabo using Guid(2fe7ab7c7dcf7ae459b1d08c4952c27c) Importer(815301076,1909f56bfc062723c751e8b465ee728b)  -> (artifact id: 'd5ad97443f1910db97055eeb69430f0b') in 0.006946 seconds 
========================================================================
Received Import Request.
  Time since last request: 0.057193 seconds.
  path: Assets/fonts/sabo/Sabo-Regular.otf
  artifactKey: Guid(7e48103900ed14b4e951a8d118568fe4) Importer(815301076,1909f56bfc062723c751e8b465ee728b)
Start importing Assets/fonts/sabo/Sabo-Regular.otf using Guid(7e48103900ed14b4e951a8d118568fe4) Importer(815301076,1909f56bfc062723c751e8b465ee728b)  -> (artifact id: '24aa0d83fe2e10a564d4fbed07ca989b') in 0.021744 seconds 
========================================================================
Received Import Request.
  Time since last request: 5.066965 seconds.
  path: Assets/fonts/sabo/Sabo-Regular SDF.asset
  artifactKey: Guid(d006ee8a553a09d4e888ac0f0f5f369d) Importer(815301076,1909f56bfc062723c751e8b465ee728b)
Start importing Assets/fonts/sabo/Sabo-Regular SDF.asset using Guid(d006ee8a553a09d4e888ac0f0f5f369d) Importer(815301076,1909f56bfc062723c751e8b465ee728b) Shader 'TextMeshPro/Distance Field': fallback shader 'TextMeshPro/Mobile/Distance Field' not found
 -> (artifact id: 'bad23d65bddee5d7698836076265133c') in 0.053036 seconds 
========================================================================
Received Import Request.
  Time since last request: 284.891415 seconds.
  path: Assets/Animations/walk cycle
  artifactKey: Guid(aab5fa6d75920f14584381d158490cd5) Importer(815301076,1909f56bfc062723c751e8b465ee728b)
Start importing Assets/Animations/walk cycle using Guid(aab5fa6d75920f14584381d158490cd5) Importer(815301076,1909f56bfc062723c751e8b465ee728b)  -> (artifact id: '213e073678a97a489b9f2c542a0dc684') in 0.007826 seconds 
========================================================================
Received Import Request.
  Time since last request: 0.476695 seconds.
  path: Assets/Animations/walk cycle/MsKip idle-Sheet.png
  artifactKey: Guid(0e4a6f59e4b9f8c46b0c4d594425456e) Importer(815301076,1909f56bfc062723c751e8b465ee728b)
Start importing Assets/Animations/walk cycle/MsKip idle-Sheet.png using Guid(0e4a6f59e4b9f8c46b0c4d594425456e) Importer(815301076,1909f56bfc062723c751e8b465ee728b)  -> (artifact id: '3cf086e6ab1846cc36d6585c9777a3b4') in 0.082110 seconds 
========================================================================
Received Import Request.
  Time since last request: 0.144085 seconds.
  path: Assets/Animations/walk cycle/MsKip idle-Sheet.controller
  artifactKey: Guid(7662b6f3ac35347469a4699d75cf97b6) Importer(815301076,1909f56bfc062723c751e8b465ee728b)
Start importing Assets/Animations/walk cycle/MsKip idle-Sheet.controller using Guid(7662b6f3ac35347469a4699d75cf97b6) Importer(815301076,1909f56bfc062723c751e8b465ee728b)  -> (artifact id: 'ef71625241fd5ac18764d06f1eb5d311') in 0.009158 seconds 
========================================================================
Received Import Request.
  Time since last request: 544.242008 seconds.
  path: Assets/Temp art/download.png
  artifactKey: Guid(7b9c8073a6e0ab24f8df41fd3b7c2ed7) Importer(815301076,1909f56bfc062723c751e8b465ee728b)
Start importing Assets/Temp art/download.png using Guid(7b9c8073a6e0ab24f8df41fd3b7c2ed7) Importer(815301076,1909f56bfc062723c751e8b465ee728b)  -> (artifact id: 'a8183adda937d0a4476a6ab974ebb62c') in 0.039526 seconds 
========================================================================
Received Import Request.
  Time since last request: 15.207290 seconds.
  path: Assets/Temp art/download.png
  artifactKey: Guid(7b9c8073a6e0ab24f8df41fd3b7c2ed7) Importer(815301076,1909f56bfc062723c751e8b465ee728b)
Start importing Assets/Temp art/download.png using Guid(7b9c8073a6e0ab24f8df41fd3b7c2ed7) Importer(815301076,1909f56bfc062723c751e8b465ee728b)  -> (artifact id: 'b6c47c13bd5aba0a951aeb0ff4310d6e') in 0.020686 seconds 
