Using pre-set license
Built from '2021.3/staging' branch; Version is '2021.3.11f1 (0a5ca18544bf) revision 679073'; Using compiler version '192829333'; Build Type 'Release'
OS: 'Windows 10  (10.0.19044) 64bit Core' Language: 'en' Physical Memory: 32620 MB
BatchMode: 1, IsHumanControllingUs: 0, StartBugReporterOnCrash: 0, Is64bit: 1, IsPro: 1

COMMAND LINE ARGUMENTS:
C:\Program Files\Unity\Hub\Editor\2021.3.11f1\Editor\Unity.exe
-adb2
-batchMode
-noUpm
-name
AssetImportWorker2
-projectPath
C:/Users/timod/Desktop/GGJ-2023/GGJ-2023
-logFile
Logs/AssetImportWorker2.log
-srvPort
49156
Successfully changed project path to: C:/Users/timod/Desktop/GGJ-2023/GGJ-2023
C:/Users/timod/Desktop/GGJ-2023/GGJ-2023
[UnityMemory] Configuration Parameters - Can be set up in boot.config
    "memorysetup-bucket-allocator-granularity=16"
    "memorysetup-bucket-allocator-bucket-count=8"
    "memorysetup-bucket-allocator-block-size=33554432"
    "memorysetup-bucket-allocator-block-count=8"
    "memorysetup-main-allocator-block-size=16777216"
    "memorysetup-thread-allocator-block-size=16777216"
    "memorysetup-gfx-main-allocator-block-size=16777216"
    "memorysetup-gfx-thread-allocator-block-size=16777216"
    "memorysetup-cache-allocator-block-size=4194304"
    "memorysetup-typetree-allocator-block-size=2097152"
    "memorysetup-profiler-bucket-allocator-granularity=16"
    "memorysetup-profiler-bucket-allocator-bucket-count=8"
    "memorysetup-profiler-bucket-allocator-block-size=33554432"
    "memorysetup-profiler-bucket-allocator-block-count=8"
    "memorysetup-profiler-allocator-block-size=16777216"
    "memorysetup-profiler-editor-allocator-block-size=1048576"
    "memorysetup-temp-allocator-size-main=16777216"
    "memorysetup-job-temp-allocator-block-size=2097152"
    "memorysetup-job-temp-allocator-block-size-background=1048576"
    "memorysetup-job-temp-allocator-reduction-small-platforms=262144"
    "memorysetup-temp-allocator-size-background-worker=32768"
    "memorysetup-temp-allocator-size-job-worker=262144"
    "memorysetup-temp-allocator-size-preload-manager=33554432"
    "memorysetup-temp-allocator-size-nav-mesh-worker=65536"
    "memorysetup-temp-allocator-size-audio-worker=65536"
    "memorysetup-temp-allocator-size-cloud-worker=32768"
    "memorysetup-temp-allocator-size-gi-baking-worker=262144"
    "memorysetup-temp-allocator-size-gfx=262144"
Refreshing native plugins compatible for Editor in 112.54 ms, found 4 plugins.
Preloading 0 native plugins for Editor in 0.00 ms.
Initialize engine version: 2021.3.11f1 (0a5ca18544bf)
[Subsystems] Discovering subsystems at path C:/Program Files/Unity/Hub/Editor/2021.3.11f1/Editor/Data/Resources/UnitySubsystems
[Subsystems] Discovering subsystems at path C:/Users/timod/Desktop/GGJ-2023/GGJ-2023/Assets
GfxDevice: creating device client; threaded=0; jobified=0
Direct3D:
    Version:  Direct3D 11.0 [level 11.1]
    Renderer: NVIDIA GeForce RTX 3060 Laptop GPU (ID=0x2560)
    Vendor:   NVIDIA
    VRAM:     6023 MB
    Driver:   30.0.15.1236
Initialize mono
Mono path[0] = 'C:/Program Files/Unity/Hub/Editor/2021.3.11f1/Editor/Data/Managed'
Mono path[1] = 'C:/Program Files/Unity/Hub/Editor/2021.3.11f1/Editor/Data/MonoBleedingEdge/lib/mono/unityjit-win32'
Mono config path = 'C:/Program Files/Unity/Hub/Editor/2021.3.11f1/Editor/Data/MonoBleedingEdge/etc'
Using monoOptions --debugger-agent=transport=dt_socket,embedding=1,server=y,suspend=n,address=127.0.0.1:56532
Begin MonoManager ReloadAssembly
Registering precompiled unity dll's ...
Register platform support module: C:/Program Files/Unity/Hub/Editor/2021.3.11f1/Editor/Data/PlaybackEngines/WindowsStandaloneSupport/UnityEditor.WindowsStandalone.Extensions.dll
Registered in 0.007090 seconds.
Native extension for WindowsStandalone target not found
Refreshing native plugins compatible for Editor in 109.09 ms, found 4 plugins.
Preloading 0 native plugins for Editor in 0.00 ms.
Mono: successfully reloaded assembly
- Completed reload, in  0.943 seconds
Domain Reload Profiling:
	ReloadAssembly (944ms)
		BeginReloadAssembly (79ms)
			ExecutionOrderSort (0ms)
			DisableScriptedObjects (0ms)
			BackupInstance (0ms)
			ReleaseScriptingObjects (0ms)
			CreateAndSetChildDomain (1ms)
		EndReloadAssembly (630ms)
			LoadAssemblies (76ms)
			RebuildTransferFunctionScriptingTraits (0ms)
			SetupTypeCache (233ms)
			ReleaseScriptCaches (0ms)
			RebuildScriptCaches (26ms)
			SetupLoadedEditorAssemblies (316ms)
				LogAssemblyErrors (0ms)
				InitializePlatformSupportModulesInManaged (7ms)
				SetLoadedEditorAssemblies (0ms)
				RefreshPlugins (109ms)
				BeforeProcessingInitializeOnLoad (2ms)
				ProcessInitializeOnLoadAttributes (144ms)
				ProcessInitializeOnLoadMethodAttributes (54ms)
				AfterProcessingInitializeOnLoad (0ms)
				EditorAssembliesLoaded (0ms)
			ExecutionOrderSort2 (0ms)
			AwakeInstancesAfterBackupRestoration (0ms)
Platform modules already initialized, skipping
Registering precompiled user dll's ...
Registered in 0.009739 seconds.
Begin MonoManager ReloadAssembly
Symbol file LoadedFromMemory doesn't match image C:\Users\timod\Desktop\GGJ-2023\GGJ-2023\Library\PackageCache\com.unity.visualscripting@1.7.8\Editor\VisualScripting.Core\Dependencies\YamlDotNet\Unity.VisualScripting.YamlDotNet.dll
Symbol file LoadedFromMemory doesn't match image C:\Users\timod\Desktop\GGJ-2023\GGJ-2023\Library\PackageCache\com.unity.visualscripting@1.7.8\Editor\VisualScripting.Core\Dependencies\DotNetZip\Unity.VisualScripting.IonicZip.dll
Native extension for WindowsStandalone target not found
Refreshing native plugins compatible for Editor in 112.55 ms, found 4 plugins.
Preloading 0 native plugins for Editor in 0.00 ms.
Mono: successfully reloaded assembly
- Completed reload, in  1.371 seconds
Domain Reload Profiling:
	ReloadAssembly (1372ms)
		BeginReloadAssembly (108ms)
			ExecutionOrderSort (0ms)
			DisableScriptedObjects (6ms)
			BackupInstance (0ms)
			ReleaseScriptingObjects (0ms)
			CreateAndSetChildDomain (24ms)
		EndReloadAssembly (1144ms)
			LoadAssemblies (96ms)
			RebuildTransferFunctionScriptingTraits (0ms)
			SetupTypeCache (250ms)
			ReleaseScriptCaches (1ms)
			RebuildScriptCaches (67ms)
			SetupLoadedEditorAssemblies (678ms)
				LogAssemblyErrors (0ms)
				InitializePlatformSupportModulesInManaged (6ms)
				SetLoadedEditorAssemblies (0ms)
				RefreshPlugins (113ms)
				BeforeProcessingInitializeOnLoad (120ms)
				ProcessInitializeOnLoadAttributes (316ms)
				ProcessInitializeOnLoadMethodAttributes (114ms)
				AfterProcessingInitializeOnLoad (9ms)
				EditorAssembliesLoaded (0ms)
			ExecutionOrderSort2 (0ms)
			AwakeInstancesAfterBackupRestoration (6ms)
Platform modules already initialized, skipping
========================================================================
Worker process is ready to serve import requests
Launched and connected shader compiler UnityShaderCompiler.exe after 0.08 seconds
Refreshing native plugins compatible for Editor in 1.24 ms, found 4 plugins.
Preloading 0 native plugins for Editor in 0.00 ms.
Unloading 5533 Unused Serialized files (Serialized files now loaded: 0)
Unloading 43 unused Assets / (0.7 MB). Loaded Objects now: 5983.
Memory consumption went from 215.2 MB to 214.5 MB.
Total: 4.671400 ms (FindLiveObjects: 0.415300 ms CreateObjectMapping: 0.425900 ms MarkObjects: 3.489700 ms  DeleteObjects: 0.339300 ms)

AssetImportParameters requested are different than current active one (requested -> active):
  custom:video-decoder-ogg-theora: a1e56fd34408186e4bbccfd4996cb3dc -> 
  custom:container-muxer-webm: aa71ff27fc2769a1b78a27578f13a17b -> 
  custom:container-demuxer-webm: 4f35f7cbe854078d1ac9338744f61a02 -> 
  custom:video-encoder-webm-vp8: eb34c28f22e8b96e1ab97ce403110664 -> 
  custom:video-codec-MediaFoundation-h265: 746d11721c4dcdbdad8f713fa42b33f4 -> 
  custom:audio-encoder-webm-vorbis: bf7c407c2cedff20999df2af8eb42d56 -> 
  custom:framework-win-MediaFoundation: 216162199b28c13a410421893ffa2e32 -> 
  custom:container-demuxer-ogg: 62fdf1f143b41e24485cea50d1cbac27 -> 
  custom:video-decoder-webm-vp8: 9c59270c3fd7afecdb556c50c9e8de78 -> 
  custom:audio-decoder-ogg-vorbis: bf7c407c2cedff20999df2af8eb42d56 -> 
========================================================================
Received Import Request.
  Time since last request: 610487.477621 seconds.
  path: Assets/audio/dignoise
  artifactKey: Guid(513041bc67e2dad4ea0fd39d999e884d) Importer(815301076,1909f56bfc062723c751e8b465ee728b)
Start importing Assets/audio/dignoise using Guid(513041bc67e2dad4ea0fd39d999e884d) Importer(815301076,1909f56bfc062723c751e8b465ee728b)  -> (artifact id: '4c01ce9b7738010bc761281abac99b52') in 0.015477 seconds 
========================================================================
Received Import Request.
  Time since last request: 15.267993 seconds.
  path: Assets/audio/stepnoise
  artifactKey: Guid(f57bf6357e338a24f9c83c0f4d300eec) Importer(815301076,1909f56bfc062723c751e8b465ee728b)
Start importing Assets/audio/stepnoise using Guid(f57bf6357e338a24f9c83c0f4d300eec) Importer(815301076,1909f56bfc062723c751e8b465ee728b)  -> (artifact id: 'c187be916d6bd07e232deffaba7be882') in 0.006505 seconds 
========================================================================
Received Import Request.
  Time since last request: 12.784800 seconds.
  path: Assets/audio/character
  artifactKey: Guid(eea293a6fe1ea0041a7984432f678221) Importer(815301076,1909f56bfc062723c751e8b465ee728b)
Start importing Assets/audio/character using Guid(eea293a6fe1ea0041a7984432f678221) Importer(815301076,1909f56bfc062723c751e8b465ee728b)  -> (artifact id: '3cea6dec1c14fe2b3da3ccfe98b482f5') in 0.006346 seconds 
========================================================================
Received Import Request.
  Time since last request: 98.654454 seconds.
  path: Assets/audio/explore loop.wav
  artifactKey: Guid(fa39d080294bdb04db0803febc933194) Importer(815301076,1909f56bfc062723c751e8b465ee728b)
Start importing Assets/audio/explore loop.wav using Guid(fa39d080294bdb04db0803febc933194) Importer(815301076,1909f56bfc062723c751e8b465ee728b)  -> (artifact id: '4e0e3af537da18737f1de9f79d1259f4') in 0.092334 seconds 
========================================================================
Received Import Request.
  Time since last request: 318.440243 seconds.
  path: Assets/audio/stepnoise/step1.wav
  artifactKey: Guid(2ba3d708f7a799541a92c33b11e92f32) Importer(815301076,1909f56bfc062723c751e8b465ee728b)
Start importing Assets/audio/stepnoise/step1.wav using Guid(2ba3d708f7a799541a92c33b11e92f32) Importer(815301076,1909f56bfc062723c751e8b465ee728b)  -> (artifact id: 'b9e0a191f2c87aa6efa5e2ea684b8811') in 0.023317 seconds 
========================================================================
Received Import Request.
  Time since last request: 0.000039 seconds.
  path: Assets/audio/stepnoise/step5.wav
  artifactKey: Guid(411a2a2ba4ecb38498633ad948bd4b50) Importer(815301076,1909f56bfc062723c751e8b465ee728b)
Start importing Assets/audio/stepnoise/step5.wav using Guid(411a2a2ba4ecb38498633ad948bd4b50) Importer(815301076,1909f56bfc062723c751e8b465ee728b)  -> (artifact id: 'a0b80a2e3a8b2cdb112e4e60229ef74a') in 0.012502 seconds 
========================================================================
Received Import Request.
  Time since last request: 0.000024 seconds.
  path: Assets/audio/stepnoise/step3.wav
  artifactKey: Guid(6f401cb918a7c464083e99d5183b820f) Importer(815301076,1909f56bfc062723c751e8b465ee728b)
Start importing Assets/audio/stepnoise/step3.wav using Guid(6f401cb918a7c464083e99d5183b820f) Importer(815301076,1909f56bfc062723c751e8b465ee728b)  -> (artifact id: '877bfaaebc3404e8966c0f793ecea2f9') in 0.013343 seconds 
========================================================================
Received Import Request.
  Time since last request: 3.303341 seconds.
  path: Assets/audio/stepnoise/step4.wav.asd
  artifactKey: Guid(3fbff782d3014674291d05327993d3c8) Importer(815301076,1909f56bfc062723c751e8b465ee728b)
Start importing Assets/audio/stepnoise/step4.wav.asd using Guid(3fbff782d3014674291d05327993d3c8) Importer(815301076,1909f56bfc062723c751e8b465ee728b)  -> (artifact id: 'edd7557f6a0ed576df72253319a3307f') in 0.010475 seconds 
========================================================================
Received Import Request.
  Time since last request: 9.279547 seconds.
  path: Assets/audio/stepnoise/step4.wav
  artifactKey: Guid(a99e9eae0fb27be46a4ea20cf3dbf9b3) Importer(815301076,1909f56bfc062723c751e8b465ee728b)
Start importing Assets/audio/stepnoise/step4.wav using Guid(a99e9eae0fb27be46a4ea20cf3dbf9b3) Importer(815301076,1909f56bfc062723c751e8b465ee728b)  -> (artifact id: '44285a16cc82fe2d2a93d181b2645a86') in 0.021702 seconds 
========================================================================
Received Import Request.
  Time since last request: 81.960660 seconds.
  path: Assets/audio/stepnoise/step1.wav
  artifactKey: Guid(2ba3d708f7a799541a92c33b11e92f32) Importer(815301076,1909f56bfc062723c751e8b465ee728b)
Start importing Assets/audio/stepnoise/step1.wav using Guid(2ba3d708f7a799541a92c33b11e92f32) Importer(815301076,1909f56bfc062723c751e8b465ee728b)  -> (artifact id: 'a85e9e7a8e088f1d8ddf171fa1e4fae4') in 0.017893 seconds 
========================================================================
Received Import Request.
  Time since last request: 116.170658 seconds.
  path: Assets/audio/stepnoise/step2.wav
  artifactKey: Guid(f9d34eebddfffb5438175044625653fa) Importer(815301076,1909f56bfc062723c751e8b465ee728b)
Start importing Assets/audio/stepnoise/step2.wav using Guid(f9d34eebddfffb5438175044625653fa) Importer(815301076,1909f56bfc062723c751e8b465ee728b)  -> (artifact id: 'd992f47f5120d71262e8badcf6bb6aad') in 0.022552 seconds 
========================================================================
Received Import Request.
  Time since last request: 42.292477 seconds.
  path: Assets/audio/stepnoise/step1 1.wav
  artifactKey: Guid(9f521d1a9ef32e442a3965fb4b0a91d5) Importer(815301076,1909f56bfc062723c751e8b465ee728b)
Start importing Assets/audio/stepnoise/step1 1.wav using Guid(9f521d1a9ef32e442a3965fb4b0a91d5) Importer(815301076,1909f56bfc062723c751e8b465ee728b)  -> (artifact id: 'f3ff42ed8638f1f851f95dae8ed4a208') in 0.034462 seconds 
========================================================================
Received Import Request.
  Time since last request: 14.204515 seconds.
  path: Assets/audio/stepnoise/step1.wav
  artifactKey: Guid(9f521d1a9ef32e442a3965fb4b0a91d5) Importer(815301076,1909f56bfc062723c751e8b465ee728b)
Start importing Assets/audio/stepnoise/step1.wav using Guid(9f521d1a9ef32e442a3965fb4b0a91d5) Importer(815301076,1909f56bfc062723c751e8b465ee728b)  -> (artifact id: 'b3d3165f68c3017f2406378749b6ed7a') in 0.009645 seconds 
========================================================================
Received Import Request.
  Time since last request: 3393.851760 seconds.
  path: Assets/audio/character/stresskip.wav
  artifactKey: Guid(0a2049c773ede9749963848ab92778fa) Importer(815301076,1909f56bfc062723c751e8b465ee728b)
Start importing Assets/audio/character/stresskip.wav using Guid(0a2049c773ede9749963848ab92778fa) Importer(815301076,1909f56bfc062723c751e8b465ee728b)  -> (artifact id: '669b93a615256964e1e9a5b32a51b686') in 0.031943 seconds 
========================================================================
Received Import Request.
  Time since last request: 1432.970210 seconds.
  path: Assets/audio/relic.find.wav
  artifactKey: Guid(28ed6478898e8d44fa3e1149fd49003f) Importer(815301076,1909f56bfc062723c751e8b465ee728b)
Start importing Assets/audio/relic.find.wav using Guid(28ed6478898e8d44fa3e1149fd49003f) Importer(815301076,1909f56bfc062723c751e8b465ee728b)  -> (artifact id: '9a8c846dff43696f927bdade298dec37') in 0.016145 seconds 
========================================================================
Received Import Request.
  Time since last request: 97.553707 seconds.
  path: Assets/audio/relic.find-1.wav
  artifactKey: Guid(669550ea281ad3747be37f91457f65a8) Importer(815301076,1909f56bfc062723c751e8b465ee728b)
Start importing Assets/audio/relic.find-1.wav using Guid(669550ea281ad3747be37f91457f65a8) Importer(815301076,1909f56bfc062723c751e8b465ee728b)  -> (artifact id: '37a1afcd62e4dd184947dbe2adeb3773') in 0.014912 seconds 
========================================================================
Received Import Request.
  Time since last request: 742.859736 seconds.
  path: Assets/audio/relic.find.wav
  artifactKey: Guid(669550ea281ad3747be37f91457f65a8) Importer(815301076,1909f56bfc062723c751e8b465ee728b)
Start importing Assets/audio/relic.find.wav using Guid(669550ea281ad3747be37f91457f65a8) Importer(815301076,1909f56bfc062723c751e8b465ee728b)  -> (artifact id: '7d19171c0d6e02813ecd7d338ea3ec64') in 0.010233 seconds 
========================================================================
Received Import Request.
  Time since last request: 1437.003000 seconds.
  path: Assets/audio/oinknoise
  artifactKey: Guid(e46b6ebb386d64f4cba91a6cf7590360) Importer(815301076,1909f56bfc062723c751e8b465ee728b)
Start importing Assets/audio/oinknoise using Guid(e46b6ebb386d64f4cba91a6cf7590360) Importer(815301076,1909f56bfc062723c751e8b465ee728b)  -> (artifact id: 'a69964986b2b6922589866f52c946774') in 0.006880 seconds 
========================================================================
Received Import Request.
  Time since last request: 298.760668 seconds.
  path: Assets/audio/128160__ibirdfilm__diesel-truck-idling-front.wav
  artifactKey: Guid(983a529f1f9984742b147bb3d181ceec) Importer(815301076,1909f56bfc062723c751e8b465ee728b)
Start importing Assets/audio/128160__ibirdfilm__diesel-truck-idling-front.wav using Guid(983a529f1f9984742b147bb3d181ceec) Importer(815301076,1909f56bfc062723c751e8b465ee728b)  -> (artifact id: '098615271a7b9512fb718ef3f16cf13d') in 0.022970 seconds 
========================================================================
Received Import Request.
  Time since last request: 18.550171 seconds.
  path: Assets/audio/truck.wav
  artifactKey: Guid(983a529f1f9984742b147bb3d181ceec) Importer(815301076,1909f56bfc062723c751e8b465ee728b)
Start importing Assets/audio/truck.wav using Guid(983a529f1f9984742b147bb3d181ceec) Importer(815301076,1909f56bfc062723c751e8b465ee728b)  -> (artifact id: '08178b8be21d8cd8dd216cfb2b3ad997') in 0.012930 seconds 
========================================================================
Received Import Request.
  Time since last request: 1636.345414 seconds.
  path: Assets/audio/level end car vroom.wav
  artifactKey: Guid(b69be5251bdc7c74bba920dd3c52223d) Importer(815301076,1909f56bfc062723c751e8b465ee728b)
Start importing Assets/audio/level end car vroom.wav using Guid(b69be5251bdc7c74bba920dd3c52223d) Importer(815301076,1909f56bfc062723c751e8b465ee728b)  -> (artifact id: '1f8b11bb6c2d8b6f103ddfb8837d8d9b') in 0.014973 seconds 
========================================================================
Received Import Request.
  Time since last request: 420.808538 seconds.
  path: Assets/audio/vroom
  artifactKey: Guid(9bcf927e691abcf48b4bbc6fef291ca3) Importer(815301076,1909f56bfc062723c751e8b465ee728b)
Start importing Assets/audio/vroom using Guid(9bcf927e691abcf48b4bbc6fef291ca3) Importer(815301076,1909f56bfc062723c751e8b465ee728b)  -> (artifact id: '71ade0aa193ea0f0eb3ea7e372ba1aef') in 0.006409 seconds 
========================================================================
Received Import Request.
  Time since last request: 173.360501 seconds.
  path: Assets/Temp art
  artifactKey: Guid(f5ab33b238548cf4994164532f44fddc) Importer(815301076,1909f56bfc062723c751e8b465ee728b)
Start importing Assets/Temp art using Guid(f5ab33b238548cf4994164532f44fddc) Importer(815301076,1909f56bfc062723c751e8b465ee728b)  -> (artifact id: '89ea714b40245c1083b1021b9f9ffbf8') in 0.006535 seconds 
========================================================================
Received Import Request.
  Time since last request: 0.627369 seconds.
  path: Assets/Temp art/cirkel linksboven 1.png
  artifactKey: Guid(0a250096099f9c7408be89f32f92b738) Importer(815301076,1909f56bfc062723c751e8b465ee728b)
Start importing Assets/Temp art/cirkel linksboven 1.png using Guid(0a250096099f9c7408be89f32f92b738) Importer(815301076,1909f56bfc062723c751e8b465ee728b)  -> (artifact id: '305bb52b879a6321a893c31dc6dd2dd2') in 0.037809 seconds 
========================================================================
Received Import Request.
  Time since last request: 0.000022 seconds.
  path: Assets/Temp art/cirkel rechtsboven.png
  artifactKey: Guid(84449b6c94b8ce541a17f874c18a3c8a) Importer(815301076,1909f56bfc062723c751e8b465ee728b)
Start importing Assets/Temp art/cirkel rechtsboven.png using Guid(84449b6c94b8ce541a17f874c18a3c8a) Importer(815301076,1909f56bfc062723c751e8b465ee728b)  -> (artifact id: '52a9037d48b8a60c0e70fd8317d87a6a') in 0.014618 seconds 
========================================================================
Received Import Request.
  Time since last request: 1930.094749 seconds.
  path: Assets/audio/oinknoise/oink1.wav
  artifactKey: Guid(c0db08b00bd02c24da09c3a575d6de7a) Importer(815301076,1909f56bfc062723c751e8b465ee728b)
Start importing Assets/audio/oinknoise/oink1.wav using Guid(c0db08b00bd02c24da09c3a575d6de7a) Importer(815301076,1909f56bfc062723c751e8b465ee728b)  -> (artifact id: '829c4c40baf2d023013493ffc35e664b') in 0.020162 seconds 
========================================================================
Received Import Request.
  Time since last request: 0.000031 seconds.
  path: Assets/audio/oinknoise/oink5.wav
  artifactKey: Guid(57750177a850ea54cb7fe59b84baa2ed) Importer(815301076,1909f56bfc062723c751e8b465ee728b)
Start importing Assets/audio/oinknoise/oink5.wav using Guid(57750177a850ea54cb7fe59b84baa2ed) Importer(815301076,1909f56bfc062723c751e8b465ee728b)  -> (artifact id: 'd961be79fb33899304bdb2ddaef0cdf8') in 0.033883 seconds 
Editor requested this worker to shutdown with reason: Scaling down because of idle timeout
AssetImportWorkerClient::OnTransportError - code=2 error=End of file
AssetImportWorker is now disconnected from the server
Process exiting
Exiting without the bug reporter. Application will terminate with return code 0