Using pre-set license
Built from '2021.3/staging' branch; Version is '2021.3.11f1 (0a5ca18544bf) revision 679073'; Using compiler version '192829333'; Build Type 'Release'
OS: 'Windows 10  (10.0.19044) 64bit Core' Language: 'en' Physical Memory: 32620 MB
BatchMode: 1, IsHumanControllingUs: 0, StartBugReporterOnCrash: 0, Is64bit: 1, IsPro: 1

COMMAND LINE ARGUMENTS:
C:\Program Files\Unity\Hub\Editor\2021.3.11f1\Editor\Unity.exe
-adb2
-batchMode
-noUpm
-name
AssetImportWorker2
-projectPath
C:/Users/timod/Desktop/GGJ-2023/GGJ-2023
-logFile
Logs/AssetImportWorker2.log
-srvPort
57759
Successfully changed project path to: C:/Users/timod/Desktop/GGJ-2023/GGJ-2023
C:/Users/timod/Desktop/GGJ-2023/GGJ-2023
[UnityMemory] Configuration Parameters - Can be set up in boot.config
    "memorysetup-bucket-allocator-granularity=16"
    "memorysetup-bucket-allocator-bucket-count=8"
    "memorysetup-bucket-allocator-block-size=33554432"
    "memorysetup-bucket-allocator-block-count=8"
    "memorysetup-main-allocator-block-size=16777216"
    "memorysetup-thread-allocator-block-size=16777216"
    "memorysetup-gfx-main-allocator-block-size=16777216"
    "memorysetup-gfx-thread-allocator-block-size=16777216"
    "memorysetup-cache-allocator-block-size=4194304"
    "memorysetup-typetree-allocator-block-size=2097152"
    "memorysetup-profiler-bucket-allocator-granularity=16"
    "memorysetup-profiler-bucket-allocator-bucket-count=8"
    "memorysetup-profiler-bucket-allocator-block-size=33554432"
    "memorysetup-profiler-bucket-allocator-block-count=8"
    "memorysetup-profiler-allocator-block-size=16777216"
    "memorysetup-profiler-editor-allocator-block-size=1048576"
    "memorysetup-temp-allocator-size-main=16777216"
    "memorysetup-job-temp-allocator-block-size=2097152"
    "memorysetup-job-temp-allocator-block-size-background=1048576"
    "memorysetup-job-temp-allocator-reduction-small-platforms=262144"
    "memorysetup-temp-allocator-size-background-worker=32768"
    "memorysetup-temp-allocator-size-job-worker=262144"
    "memorysetup-temp-allocator-size-preload-manager=33554432"
    "memorysetup-temp-allocator-size-nav-mesh-worker=65536"
    "memorysetup-temp-allocator-size-audio-worker=65536"
    "memorysetup-temp-allocator-size-cloud-worker=32768"
    "memorysetup-temp-allocator-size-gi-baking-worker=262144"
    "memorysetup-temp-allocator-size-gfx=262144"
Refreshing native plugins compatible for Editor in 170.32 ms, found 4 plugins.
Preloading 0 native plugins for Editor in 0.00 ms.
Initialize engine version: 2021.3.11f1 (0a5ca18544bf)
[Subsystems] Discovering subsystems at path C:/Program Files/Unity/Hub/Editor/2021.3.11f1/Editor/Data/Resources/UnitySubsystems
[Subsystems] Discovering subsystems at path C:/Users/timod/Desktop/GGJ-2023/GGJ-2023/Assets
GfxDevice: creating device client; threaded=0; jobified=0
Direct3D:
    Version:  Direct3D 11.0 [level 11.1]
    Renderer: NVIDIA GeForce RTX 3060 Laptop GPU (ID=0x2560)
    Vendor:   NVIDIA
    VRAM:     6023 MB
    Driver:   30.0.15.1236
Initialize mono
Mono path[0] = 'C:/Program Files/Unity/Hub/Editor/2021.3.11f1/Editor/Data/Managed'
Mono path[1] = 'C:/Program Files/Unity/Hub/Editor/2021.3.11f1/Editor/Data/MonoBleedingEdge/lib/mono/unityjit-win32'
Mono config path = 'C:/Program Files/Unity/Hub/Editor/2021.3.11f1/Editor/Data/MonoBleedingEdge/etc'
Using monoOptions --debugger-agent=transport=dt_socket,embedding=1,server=y,suspend=n,address=127.0.0.1:56264
Begin MonoManager ReloadAssembly
Registering precompiled unity dll's ...
Register platform support module: C:/Program Files/Unity/Hub/Editor/2021.3.11f1/Editor/Data/PlaybackEngines/WindowsStandaloneSupport/UnityEditor.WindowsStandalone.Extensions.dll
Registered in 0.011531 seconds.
Native extension for WindowsStandalone target not found
Refreshing native plugins compatible for Editor in 130.20 ms, found 4 plugins.
Preloading 0 native plugins for Editor in 0.00 ms.
Mono: successfully reloaded assembly
- Completed reload, in  0.932 seconds
Domain Reload Profiling:
	ReloadAssembly (933ms)
		BeginReloadAssembly (109ms)
			ExecutionOrderSort (0ms)
			DisableScriptedObjects (0ms)
			BackupInstance (0ms)
			ReleaseScriptingObjects (0ms)
			CreateAndSetChildDomain (1ms)
		EndReloadAssembly (651ms)
			LoadAssemblies (104ms)
			RebuildTransferFunctionScriptingTraits (0ms)
			SetupTypeCache (173ms)
			ReleaseScriptCaches (0ms)
			RebuildScriptCaches (40ms)
			SetupLoadedEditorAssemblies (364ms)
				LogAssemblyErrors (0ms)
				InitializePlatformSupportModulesInManaged (9ms)
				SetLoadedEditorAssemblies (0ms)
				RefreshPlugins (130ms)
				BeforeProcessingInitializeOnLoad (1ms)
				ProcessInitializeOnLoadAttributes (169ms)
				ProcessInitializeOnLoadMethodAttributes (54ms)
				AfterProcessingInitializeOnLoad (0ms)
				EditorAssembliesLoaded (0ms)
			ExecutionOrderSort2 (0ms)
			AwakeInstancesAfterBackupRestoration (0ms)
Platform modules already initialized, skipping
Registering precompiled user dll's ...
Registered in 0.009440 seconds.
Begin MonoManager ReloadAssembly
Symbol file LoadedFromMemory doesn't match image C:\Users\timod\Desktop\GGJ-2023\GGJ-2023\Library\PackageCache\com.unity.visualscripting@1.7.8\Editor\VisualScripting.Core\Dependencies\YamlDotNet\Unity.VisualScripting.YamlDotNet.dll
Symbol file LoadedFromMemory doesn't match image C:\Users\timod\Desktop\GGJ-2023\GGJ-2023\Library\PackageCache\com.unity.visualscripting@1.7.8\Editor\VisualScripting.Core\Dependencies\DotNetZip\Unity.VisualScripting.IonicZip.dll
Native extension for WindowsStandalone target not found
Refreshing native plugins compatible for Editor in 144.54 ms, found 4 plugins.
Preloading 0 native plugins for Editor in 0.00 ms.
Mono: successfully reloaded assembly
- Completed reload, in  1.783 seconds
Domain Reload Profiling:
	ReloadAssembly (1784ms)
		BeginReloadAssembly (140ms)
			ExecutionOrderSort (0ms)
			DisableScriptedObjects (9ms)
			BackupInstance (0ms)
			ReleaseScriptingObjects (0ms)
			CreateAndSetChildDomain (27ms)
		EndReloadAssembly (1477ms)
			LoadAssemblies (130ms)
			RebuildTransferFunctionScriptingTraits (0ms)
			SetupTypeCache (378ms)
			ReleaseScriptCaches (1ms)
			RebuildScriptCaches (94ms)
			SetupLoadedEditorAssemblies (794ms)
				LogAssemblyErrors (0ms)
				InitializePlatformSupportModulesInManaged (8ms)
				SetLoadedEditorAssemblies (0ms)
				RefreshPlugins (145ms)
				BeforeProcessingInitializeOnLoad (173ms)
				ProcessInitializeOnLoadAttributes (331ms)
				ProcessInitializeOnLoadMethodAttributes (125ms)
				AfterProcessingInitializeOnLoad (12ms)
				EditorAssembliesLoaded (0ms)
			ExecutionOrderSort2 (0ms)
			AwakeInstancesAfterBackupRestoration (10ms)
Platform modules already initialized, skipping
========================================================================
Worker process is ready to serve import requests
Launched and connected shader compiler UnityShaderCompiler.exe after 0.06 seconds
Refreshing native plugins compatible for Editor in 3.52 ms, found 4 plugins.
Preloading 0 native plugins for Editor in 0.00 ms.
Unloading 5546 Unused Serialized files (Serialized files now loaded: 0)
Unloading 43 unused Assets / (0.7 MB). Loaded Objects now: 5996.
Memory consumption went from 217.5 MB to 216.8 MB.
Total: 7.318400 ms (FindLiveObjects: 0.474700 ms CreateObjectMapping: 0.789700 ms MarkObjects: 5.563300 ms  DeleteObjects: 0.489300 ms)

AssetImportParameters requested are different than current active one (requested -> active):
  custom:video-decoder-ogg-theora: a1e56fd34408186e4bbccfd4996cb3dc -> 
  custom:container-muxer-webm: aa71ff27fc2769a1b78a27578f13a17b -> 
  custom:container-demuxer-webm: 4f35f7cbe854078d1ac9338744f61a02 -> 
  custom:video-encoder-webm-vp8: eb34c28f22e8b96e1ab97ce403110664 -> 
  custom:video-codec-MediaFoundation-h265: 746d11721c4dcdbdad8f713fa42b33f4 -> 
  custom:audio-encoder-webm-vorbis: bf7c407c2cedff20999df2af8eb42d56 -> 
  custom:framework-win-MediaFoundation: 216162199b28c13a410421893ffa2e32 -> 
  custom:container-demuxer-ogg: 62fdf1f143b41e24485cea50d1cbac27 -> 
  custom:video-decoder-webm-vp8: 9c59270c3fd7afecdb556c50c9e8de78 -> 
  custom:audio-decoder-ogg-vorbis: bf7c407c2cedff20999df2af8eb42d56 -> 
========================================================================
Received Import Request.
  Time since last request: 635527.664160 seconds.
  path: Assets/Animations/radio-Sheet.png
  artifactKey: Guid(c262396ad09415e46a66165f87896a70) Importer(815301076,1909f56bfc062723c751e8b465ee728b)
Start importing Assets/Animations/radio-Sheet.png using Guid(c262396ad09415e46a66165f87896a70) Importer(815301076,1909f56bfc062723c751e8b465ee728b)  -> (artifact id: '8cc1146dc0452f1f7cef91396985689e') in 0.335461 seconds 
========================================================================
Received Import Request.
  Time since last request: 24.439731 seconds.
  path: Assets/Art/Tilemaps
  artifactKey: Guid(872d4ea2fed15e045be20ea9c131e03e) Importer(815301076,1909f56bfc062723c751e8b465ee728b)
Start importing Assets/Art/Tilemaps using Guid(872d4ea2fed15e045be20ea9c131e03e) Importer(815301076,1909f56bfc062723c751e8b465ee728b)  -> (artifact id: '8e40f172fd9f83bb6968a0fec996ef65') in 0.006660 seconds 
========================================================================
Received Import Request.
  Time since last request: 0.047017 seconds.
  path: Assets/Art/Tilemaps/Gras grond.prefab
  artifactKey: Guid(bcf1ea768d044934c88e3694eeb8cc2b) Importer(815301076,1909f56bfc062723c751e8b465ee728b)
Start importing Assets/Art/Tilemaps/Gras grond.prefab using Guid(bcf1ea768d044934c88e3694eeb8cc2b) Importer(815301076,1909f56bfc062723c751e8b465ee728b)  -> (artifact id: 'f6bdb9cf5d1af3f7e9c74f4b088021e0') in 0.406628 seconds 
========================================================================
Received Import Request.
  Time since last request: 0.000047 seconds.
  path: Assets/Art/Tilemaps/Zand-Gras transitite 1.png
  artifactKey: Guid(c814f9620fdbf2845bcb34aa145cee68) Importer(815301076,1909f56bfc062723c751e8b465ee728b)
Start importing Assets/Art/Tilemaps/Zand-Gras transitite 1.png using Guid(c814f9620fdbf2845bcb34aa145cee68) Importer(815301076,1909f56bfc062723c751e8b465ee728b)  -> (artifact id: '5eb9562e2456fc49316b50eed5a85ece') in 0.163762 seconds 
========================================================================
Received Import Request.
  Time since last request: 3.367974 seconds.
  path: Assets/Art/Tilemaps/Accesoires
  artifactKey: Guid(a244f4cc1d1fde2449ed518accb837cc) Importer(815301076,1909f56bfc062723c751e8b465ee728b)
Start importing Assets/Art/Tilemaps/Accesoires using Guid(a244f4cc1d1fde2449ed518accb837cc) Importer(815301076,1909f56bfc062723c751e8b465ee728b)  -> (artifact id: 'badc6acde0c41b17690dea4afc719035') in 0.007058 seconds 
========================================================================
Received Import Request.
  Time since last request: 0.071999 seconds.
  path: Assets/Art/Tilemaps/Accesoires/Gras accesoires.png
  artifactKey: Guid(bf75556982308314cae519fdaff51819) Importer(815301076,1909f56bfc062723c751e8b465ee728b)
Start importing Assets/Art/Tilemaps/Accesoires/Gras accesoires.png using Guid(bf75556982308314cae519fdaff51819) Importer(815301076,1909f56bfc062723c751e8b465ee728b)  -> (artifact id: 'fa66ca359e415890943e05f720e4f9e7') in 0.094737 seconds 
========================================================================
Received Import Request.
  Time since last request: 291.758652 seconds.
  path: Assets/Art/Tilemaps/Tilepallete
  artifactKey: Guid(8c4234977a57bb74ea00ca3b9d94b9c5) Importer(815301076,1909f56bfc062723c751e8b465ee728b)
Start importing Assets/Art/Tilemaps/Tilepallete using Guid(8c4234977a57bb74ea00ca3b9d94b9c5) Importer(815301076,1909f56bfc062723c751e8b465ee728b)  -> (artifact id: 'b2022ce1adbd4a1e9d240a52482a071f') in 0.007119 seconds 
========================================================================
Received Import Request.
  Time since last request: 0.070640 seconds.
  path: Assets/Art/Tilemaps/Tilepallete/1 forest tile 1.asset
  artifactKey: Guid(e3def87e354a738428146b50e058ea6f) Importer(815301076,1909f56bfc062723c751e8b465ee728b)
Start importing Assets/Art/Tilemaps/Tilepallete/1 forest tile 1.asset using Guid(e3def87e354a738428146b50e058ea6f) Importer(815301076,1909f56bfc062723c751e8b465ee728b)  -> (artifact id: 'b54ad4ddc377911395df46d96e5d9a26') in 0.026612 seconds 
========================================================================
Received Import Request.
  Time since last request: 0.013084 seconds.
  path: Assets/Art/Tilemaps/Tilepallete/bosrand_1.asset
  artifactKey: Guid(10d480de1ebf1c14c8d95a28bd86f737) Importer(815301076,1909f56bfc062723c751e8b465ee728b)
Start importing Assets/Art/Tilemaps/Tilepallete/bosrand_1.asset using Guid(10d480de1ebf1c14c8d95a28bd86f737) Importer(815301076,1909f56bfc062723c751e8b465ee728b)  -> (artifact id: '4a4aedfcd27e6877ab7d1ca35a118c09') in 0.018909 seconds 
========================================================================
Received Import Request.
  Time since last request: 0.000039 seconds.
  path: Assets/Art/Tilemaps/Tilepallete/bosrand_15.asset
  artifactKey: Guid(c677befbc8e342b49ac039151ff16107) Importer(815301076,1909f56bfc062723c751e8b465ee728b)
Start importing Assets/Art/Tilemaps/Tilepallete/bosrand_15.asset using Guid(c677befbc8e342b49ac039151ff16107) Importer(815301076,1909f56bfc062723c751e8b465ee728b)  -> (artifact id: 'fd11b9e5039bfc11cd5a5fde82dd79cc') in 0.017095 seconds 
========================================================================
Received Import Request.
  Time since last request: 0.000068 seconds.
  path: Assets/Art/Tilemaps/Tilepallete/Sand base tile.asset
  artifactKey: Guid(1faca0335db999844adfdf71112e4028) Importer(815301076,1909f56bfc062723c751e8b465ee728b)
Start importing Assets/Art/Tilemaps/Tilepallete/Sand base tile.asset using Guid(1faca0335db999844adfdf71112e4028) Importer(815301076,1909f56bfc062723c751e8b465ee728b)  -> (artifact id: 'b083e1a8fc776568b223af7d109ffe1c') in 0.024866 seconds 
========================================================================
Received Import Request.
  Time since last request: 0.000027 seconds.
  path: Assets/Art/Tilemaps/Tilepallete/Gras accesoires_7.asset
  artifactKey: Guid(8e97e0af2131a204e922b238eb355935) Importer(815301076,1909f56bfc062723c751e8b465ee728b)
Start importing Assets/Art/Tilemaps/Tilepallete/Gras accesoires_7.asset using Guid(8e97e0af2131a204e922b238eb355935) Importer(815301076,1909f56bfc062723c751e8b465ee728b)  -> (artifact id: 'dbaf5de933434b7ad9ef5095da9b0a58') in 0.019725 seconds 
========================================================================
Received Import Request.
  Time since last request: 0.000029 seconds.
  path: Assets/Art/Tilemaps/Tilepallete/Tilemap Forestfloor Grass 1_2.asset
  artifactKey: Guid(315fb3d4375079e479d26665c8e62198) Importer(815301076,1909f56bfc062723c751e8b465ee728b)
Start importing Assets/Art/Tilemaps/Tilepallete/Tilemap Forestfloor Grass 1_2.asset using Guid(315fb3d4375079e479d26665c8e62198) Importer(815301076,1909f56bfc062723c751e8b465ee728b)  -> (artifact id: '4ec8bd9e711df5b656bd37c1e9737239') in 0.018300 seconds 
========================================================================
Received Import Request.
  Time since last request: 0.000032 seconds.
  path: Assets/Art/Tilemaps/Tilepallete/Tilemap Forestfloor Grass 1_21.asset
  artifactKey: Guid(97224c24bc84b0749afdb5db07273eea) Importer(815301076,1909f56bfc062723c751e8b465ee728b)
Start importing Assets/Art/Tilemaps/Tilepallete/Tilemap Forestfloor Grass 1_21.asset using Guid(97224c24bc84b0749afdb5db07273eea) Importer(815301076,1909f56bfc062723c751e8b465ee728b)  -> (artifact id: 'f8f351daa1b2e22b86d61a94a6c5915a') in 0.015810 seconds 
========================================================================
Received Import Request.
  Time since last request: 0.000046 seconds.
  path: Assets/Art/Tilemaps/Tilepallete/Tilemap Forestfloor Grass 1_4.asset
  artifactKey: Guid(4edc9394cc084694780500f1b50c26ab) Importer(815301076,1909f56bfc062723c751e8b465ee728b)
Start importing Assets/Art/Tilemaps/Tilepallete/Tilemap Forestfloor Grass 1_4.asset using Guid(4edc9394cc084694780500f1b50c26ab) Importer(815301076,1909f56bfc062723c751e8b465ee728b)  -> (artifact id: '954d6ba2496070df9fe3d6f892ddb4af') in 0.016894 seconds 
========================================================================
Received Import Request.
  Time since last request: 0.000040 seconds.
  path: Assets/Art/Tilemaps/Tilepallete/Gras accesoires_9.asset
  artifactKey: Guid(4a581d311b121524295c5b0f745686c8) Importer(815301076,1909f56bfc062723c751e8b465ee728b)
Start importing Assets/Art/Tilemaps/Tilepallete/Gras accesoires_9.asset using Guid(4a581d311b121524295c5b0f745686c8) Importer(815301076,1909f56bfc062723c751e8b465ee728b)  -> (artifact id: 'facf13f8066c387fa2bdf3209ee09991') in 0.014587 seconds 
========================================================================
Received Import Request.
  Time since last request: 0.000032 seconds.
  path: Assets/Art/Tilemaps/Tilepallete/Gras accesoires_11.asset
  artifactKey: Guid(d03c3a08898186343b8286be5092b9d2) Importer(815301076,1909f56bfc062723c751e8b465ee728b)
Start importing Assets/Art/Tilemaps/Tilepallete/Gras accesoires_11.asset using Guid(d03c3a08898186343b8286be5092b9d2) Importer(815301076,1909f56bfc062723c751e8b465ee728b)  -> (artifact id: 'e515dc1e9f15cf416a232ccd02b0f269') in 0.015081 seconds 
========================================================================
Received Import Request.
  Time since last request: 0.000033 seconds.
  path: Assets/Art/Tilemaps/Tilepallete/Gras accesoires_1.asset
  artifactKey: Guid(841759b3815903f4ebf6eae37861bb53) Importer(815301076,1909f56bfc062723c751e8b465ee728b)
Start importing Assets/Art/Tilemaps/Tilepallete/Gras accesoires_1.asset using Guid(841759b3815903f4ebf6eae37861bb53) Importer(815301076,1909f56bfc062723c751e8b465ee728b)  -> (artifact id: '2b5f10567f45b37e5eee3f07881b8254') in 0.014213 seconds 
========================================================================
Received Import Request.
  Time since last request: 0.000033 seconds.
  path: Assets/Art/Tilemaps/Tilepallete/Tilemap Forestfloor Grass 1_11.asset
  artifactKey: Guid(6e6543d06d59d784883ef63fe002d004) Importer(815301076,1909f56bfc062723c751e8b465ee728b)
Start importing Assets/Art/Tilemaps/Tilepallete/Tilemap Forestfloor Grass 1_11.asset using Guid(6e6543d06d59d784883ef63fe002d004) Importer(815301076,1909f56bfc062723c751e8b465ee728b)  -> (artifact id: '5136fc1063f42f2b6c2b442bff1d87fc') in 0.013668 seconds 
========================================================================
Received Import Request.
  Time since last request: 0.000045 seconds.
  path: Assets/Art/Tilemaps/Tilepallete/bosrand_13.asset
  artifactKey: Guid(0838d6a99c142a14f80347c1aebcad41) Importer(815301076,1909f56bfc062723c751e8b465ee728b)
Start importing Assets/Art/Tilemaps/Tilepallete/bosrand_13.asset using Guid(0838d6a99c142a14f80347c1aebcad41) Importer(815301076,1909f56bfc062723c751e8b465ee728b)  -> (artifact id: '99f2f64a5d6d7fa2a47538db837bd7b5') in 0.013919 seconds 
========================================================================
Received Import Request.
  Time since last request: 0.000029 seconds.
  path: Assets/Art/Tilemaps/Tilepallete/Gras accesoires_0.asset
  artifactKey: Guid(3f2f679566b79b6409611c628558d086) Importer(815301076,1909f56bfc062723c751e8b465ee728b)
Start importing Assets/Art/Tilemaps/Tilepallete/Gras accesoires_0.asset using Guid(3f2f679566b79b6409611c628558d086) Importer(815301076,1909f56bfc062723c751e8b465ee728b)  -> (artifact id: '20cfb23e633ec4cb08da4790312048ba') in 0.014374 seconds 
========================================================================
Received Import Request.
  Time since last request: 0.000034 seconds.
  path: Assets/Art/Tilemaps/Tilepallete/bosrand_11.asset
  artifactKey: Guid(24cc79df9fc578642919786f02fb6d5e) Importer(815301076,1909f56bfc062723c751e8b465ee728b)
Start importing Assets/Art/Tilemaps/Tilepallete/bosrand_11.asset using Guid(24cc79df9fc578642919786f02fb6d5e) Importer(815301076,1909f56bfc062723c751e8b465ee728b)  -> (artifact id: 'f57c74ad406c60d7a697a47bc4dc975f') in 0.014609 seconds 
========================================================================
Received Import Request.
  Time since last request: 0.000036 seconds.
  path: Assets/Art/Tilemaps/Tilepallete/Tilemap Forestfloor Grass 1_10.asset
  artifactKey: Guid(541e0b4833d27e7448bc28a06653ec42) Importer(815301076,1909f56bfc062723c751e8b465ee728b)
Start importing Assets/Art/Tilemaps/Tilepallete/Tilemap Forestfloor Grass 1_10.asset using Guid(541e0b4833d27e7448bc28a06653ec42) Importer(815301076,1909f56bfc062723c751e8b465ee728b)  -> (artifact id: 'dec9cbd73acd8ad9498f6a1b85c2fac1') in 0.014760 seconds 
========================================================================
Received Import Request.
  Time since last request: 0.000035 seconds.
  path: Assets/Art/Tilemaps/Tilepallete/Tilemap Forestfloor Grass 1_12.asset
  artifactKey: Guid(9c5964aaf075fde448824378410dc28b) Importer(815301076,1909f56bfc062723c751e8b465ee728b)
Start importing Assets/Art/Tilemaps/Tilepallete/Tilemap Forestfloor Grass 1_12.asset using Guid(9c5964aaf075fde448824378410dc28b) Importer(815301076,1909f56bfc062723c751e8b465ee728b)  -> (artifact id: 'e4a9fb463560f463b1c16d51d8cfb60b') in 0.014538 seconds 
========================================================================
Received Import Request.
  Time since last request: 0.000050 seconds.
  path: Assets/Art/Tilemaps/Tilepallete/Steentjes en rivier.prefab
  artifactKey: Guid(fc6d83f247b1f71498db433d12fe9096) Importer(815301076,1909f56bfc062723c751e8b465ee728b)
Start importing Assets/Art/Tilemaps/Tilepallete/Steentjes en rivier.prefab using Guid(fc6d83f247b1f71498db433d12fe9096) Importer(815301076,1909f56bfc062723c751e8b465ee728b)  -> (artifact id: '4ab39ae33580ede1e3f6546bab156866') in 0.021791 seconds 
========================================================================
Received Import Request.
  Time since last request: 0.000032 seconds.
  path: Assets/Art/Tilemaps/Tilepallete/Tilemap Forestfloor Grass 1_7.asset
  artifactKey: Guid(8f66b178869130149a946963806a50ed) Importer(815301076,1909f56bfc062723c751e8b465ee728b)
Start importing Assets/Art/Tilemaps/Tilepallete/Tilemap Forestfloor Grass 1_7.asset using Guid(8f66b178869130149a946963806a50ed) Importer(815301076,1909f56bfc062723c751e8b465ee728b)  -> (artifact id: '3224cc5eb49de816db1c1170dfd577c2') in 0.013905 seconds 
========================================================================
Received Import Request.
  Time since last request: 0.000039 seconds.
  path: Assets/Art/Tilemaps/Tilepallete/bosrand_14.asset
  artifactKey: Guid(ba3fcd4bd43c1294e88e5a1c85e447b5) Importer(815301076,1909f56bfc062723c751e8b465ee728b)
Start importing Assets/Art/Tilemaps/Tilepallete/bosrand_14.asset using Guid(ba3fcd4bd43c1294e88e5a1c85e447b5) Importer(815301076,1909f56bfc062723c751e8b465ee728b)  -> (artifact id: 'd8ebc2c54ec642e555943a9a9c113092') in 0.015602 seconds 
========================================================================
Received Import Request.
  Time since last request: 0.000043 seconds.
  path: Assets/Art/Tilemaps/Tilepallete/bosrand_6.asset
  artifactKey: Guid(e77bfbdb0ebd7834bb0c126086026674) Importer(815301076,1909f56bfc062723c751e8b465ee728b)
Start importing Assets/Art/Tilemaps/Tilepallete/bosrand_6.asset using Guid(e77bfbdb0ebd7834bb0c126086026674) Importer(815301076,1909f56bfc062723c751e8b465ee728b)  -> (artifact id: '5461b21fffde78370313205983625670') in 0.013835 seconds 
========================================================================
Received Import Request.
  Time since last request: 0.000042 seconds.
  path: Assets/Art/Tilemaps/Tilepallete/Tilemap Forestfloor Grass 1_5.asset
  artifactKey: Guid(077840f995d41b84f8a0af78c9648203) Importer(815301076,1909f56bfc062723c751e8b465ee728b)
Start importing Assets/Art/Tilemaps/Tilepallete/Tilemap Forestfloor Grass 1_5.asset using Guid(077840f995d41b84f8a0af78c9648203) Importer(815301076,1909f56bfc062723c751e8b465ee728b)  -> (artifact id: '0db34ec9007301c3e438c8c8cb8087ea') in 0.015088 seconds 
========================================================================
Received Import Request.
  Time since last request: 0.000030 seconds.
  path: Assets/Art/Tilemaps/Tilepallete/Gras accesoires_19.asset
  artifactKey: Guid(f0099104cbedf6748b255bc91f0d3ba0) Importer(815301076,1909f56bfc062723c751e8b465ee728b)
Start importing Assets/Art/Tilemaps/Tilepallete/Gras accesoires_19.asset using Guid(f0099104cbedf6748b255bc91f0d3ba0) Importer(815301076,1909f56bfc062723c751e8b465ee728b)  -> (artifact id: '7b7044635a5a2536046ea95efc158fa3') in 0.013848 seconds 
========================================================================
Received Import Request.
  Time since last request: 0.000032 seconds.
  path: Assets/Art/Tilemaps/Tilepallete/bosrand_7.asset
  artifactKey: Guid(ccd161e0d37dfe64f8cedc93eb92a230) Importer(815301076,1909f56bfc062723c751e8b465ee728b)
Start importing Assets/Art/Tilemaps/Tilepallete/bosrand_7.asset using Guid(ccd161e0d37dfe64f8cedc93eb92a230) Importer(815301076,1909f56bfc062723c751e8b465ee728b)  -> (artifact id: '3aa5449e20f0df5816f5bedaefbc0dd1') in 0.013997 seconds 
========================================================================
Received Import Request.
  Time since last request: 0.000034 seconds.
  path: Assets/Art/Tilemaps/Tilepallete/Tilemap Forestfloor Grass 1_6.asset
  artifactKey: Guid(09ac82f8e0fe70e4ca5463914d84a607) Importer(815301076,1909f56bfc062723c751e8b465ee728b)
Start importing Assets/Art/Tilemaps/Tilepallete/Tilemap Forestfloor Grass 1_6.asset using Guid(09ac82f8e0fe70e4ca5463914d84a607) Importer(815301076,1909f56bfc062723c751e8b465ee728b)  -> (artifact id: '9f3152f948057c09f7dc31505075c0aa') in 0.013615 seconds 
========================================================================
Received Import Request.
  Time since last request: 0.000046 seconds.
  path: Assets/Art/Tilemaps/Tilepallete/Gras accesoires_13.asset
  artifactKey: Guid(cb62462ec828a4a49ae27fee7ab5d942) Importer(815301076,1909f56bfc062723c751e8b465ee728b)
Start importing Assets/Art/Tilemaps/Tilepallete/Gras accesoires_13.asset using Guid(cb62462ec828a4a49ae27fee7ab5d942) Importer(815301076,1909f56bfc062723c751e8b465ee728b)  -> (artifact id: '8d7e14e84b90f600f5b601c116e0ca8c') in 0.014852 seconds 
========================================================================
Received Import Request.
  Time since last request: 0.000038 seconds.
  path: Assets/Art/Tilemaps/Tilepallete/Gras accesoires_6.asset
  artifactKey: Guid(c892b06dca4d4e44ba71f404b5ca6cff) Importer(815301076,1909f56bfc062723c751e8b465ee728b)
Start importing Assets/Art/Tilemaps/Tilepallete/Gras accesoires_6.asset using Guid(c892b06dca4d4e44ba71f404b5ca6cff) Importer(815301076,1909f56bfc062723c751e8b465ee728b)  -> (artifact id: '8c55af56c47993e23ca90ad8acd7814a') in 0.014158 seconds 
========================================================================
Received Import Request.
  Time since last request: 0.000025 seconds.
  path: Assets/Art/Tilemaps/Tilepallete/Gras accesoires_3.asset
  artifactKey: Guid(93e59451744626c429f3e482e36ea6bb) Importer(815301076,1909f56bfc062723c751e8b465ee728b)
Start importing Assets/Art/Tilemaps/Tilepallete/Gras accesoires_3.asset using Guid(93e59451744626c429f3e482e36ea6bb) Importer(815301076,1909f56bfc062723c751e8b465ee728b)  -> (artifact id: 'a84c0b89ab1b5e162291c83a23708562') in 0.015466 seconds 
========================================================================
Received Import Request.
  Time since last request: 0.000027 seconds.
  path: Assets/Art/Tilemaps/Tilepallete/Tilemap Forestfloor Grass 1_0.asset
  artifactKey: Guid(5c49188ebfe1a59468b0adf7ed85f16e) Importer(815301076,1909f56bfc062723c751e8b465ee728b)
Start importing Assets/Art/Tilemaps/Tilepallete/Tilemap Forestfloor Grass 1_0.asset using Guid(5c49188ebfe1a59468b0adf7ed85f16e) Importer(815301076,1909f56bfc062723c751e8b465ee728b)  -> (artifact id: 'c6dd058472886ca9276e46f702be4656') in 0.013304 seconds 
========================================================================
Received Import Request.
  Time since last request: 0.000035 seconds.
  path: Assets/Art/Tilemaps/Tilepallete/Tree.asset
  artifactKey: Guid(00ffb8b5573c52e40afd2fc9a9f74a92) Importer(815301076,1909f56bfc062723c751e8b465ee728b)
Start importing Assets/Art/Tilemaps/Tilepallete/Tree.asset using Guid(00ffb8b5573c52e40afd2fc9a9f74a92) Importer(815301076,1909f56bfc062723c751e8b465ee728b)  -> (artifact id: '2540b9791ef43280922726de4d1a3196') in 0.007134 seconds 
========================================================================
Received Import Request.
  Time since last request: 0.000039 seconds.
  path: Assets/Art/Tilemaps/Tilepallete/Tilemap Forestfloor Grass 1_16.asset
  artifactKey: Guid(d8da71968d42bd64880a33eda22d2fab) Importer(815301076,1909f56bfc062723c751e8b465ee728b)
Start importing Assets/Art/Tilemaps/Tilepallete/Tilemap Forestfloor Grass 1_16.asset using Guid(d8da71968d42bd64880a33eda22d2fab) Importer(815301076,1909f56bfc062723c751e8b465ee728b)  -> (artifact id: 'd893cc9be255603a225bbe2ccc418d89') in 0.012715 seconds 
========================================================================
Received Import Request.
  Time since last request: 0.000032 seconds.
  path: Assets/Art/Tilemaps/Tilepallete/bosrand_4.asset
  artifactKey: Guid(047ea7a0fbc123443a33957a7d5ddcc1) Importer(815301076,1909f56bfc062723c751e8b465ee728b)
Start importing Assets/Art/Tilemaps/Tilepallete/bosrand_4.asset using Guid(047ea7a0fbc123443a33957a7d5ddcc1) Importer(815301076,1909f56bfc062723c751e8b465ee728b)  -> (artifact id: '65deaf9686693c9163a6a61e1ce66f1a') in 0.015401 seconds 
========================================================================
Received Import Request.
  Time since last request: 0.000056 seconds.
  path: Assets/Art/Tilemaps/Tilepallete/Gras accesoires_12.asset
  artifactKey: Guid(5a1b6fac2fef4d44782f9fdc8a479aa4) Importer(815301076,1909f56bfc062723c751e8b465ee728b)
Start importing Assets/Art/Tilemaps/Tilepallete/Gras accesoires_12.asset using Guid(5a1b6fac2fef4d44782f9fdc8a479aa4) Importer(815301076,1909f56bfc062723c751e8b465ee728b)  -> (artifact id: '9c17ddb4c213e2f943f609a385d3b0cd') in 0.012477 seconds 
========================================================================
Received Import Request.
  Time since last request: 0.000032 seconds.
  path: Assets/Art/Tilemaps/Tilepallete/Tilemap Forestfloor Grass 1_23.asset
  artifactKey: Guid(973378fa0e0507d4d84cb451d1ce71b2) Importer(815301076,1909f56bfc062723c751e8b465ee728b)
Start importing Assets/Art/Tilemaps/Tilepallete/Tilemap Forestfloor Grass 1_23.asset using Guid(973378fa0e0507d4d84cb451d1ce71b2) Importer(815301076,1909f56bfc062723c751e8b465ee728b)  -> (artifact id: 'fc8807e0e41b846ce2cfb3ce64c849eb') in 0.013273 seconds 
========================================================================
Received Import Request.
  Time since last request: 0.716144 seconds.
  path: Assets/Art/Tilemaps/Tilepallete/Water accesoires_1.asset
  artifactKey: Guid(6ca37e0d23266bf45b686bbb525c3d28) Importer(815301076,1909f56bfc062723c751e8b465ee728b)
Start importing Assets/Art/Tilemaps/Tilepallete/Water accesoires_1.asset using Guid(6ca37e0d23266bf45b686bbb525c3d28) Importer(815301076,1909f56bfc062723c751e8b465ee728b)  -> (artifact id: '5cfc1e3b04b07b1f6c7aa6a2b8ef6e5a') in 0.014015 seconds 
========================================================================
Received Import Request.
  Time since last request: 0.000030 seconds.
  path: Assets/Art/Tilemaps/Tilepallete/Zand-Gras transitite 1_5.asset
  artifactKey: Guid(38307990587a9fd45afbfdece034bc0c) Importer(815301076,1909f56bfc062723c751e8b465ee728b)
Start importing Assets/Art/Tilemaps/Tilepallete/Zand-Gras transitite 1_5.asset using Guid(38307990587a9fd45afbfdece034bc0c) Importer(815301076,1909f56bfc062723c751e8b465ee728b)  -> (artifact id: '07c12a88f1f3a14f1b5837cdf4689c80') in 0.013732 seconds 
========================================================================
Received Import Request.
  Time since last request: 0.000025 seconds.
  path: Assets/Art/Tilemaps/Tilepallete/Zand-Gras transitite 1_12.asset
  artifactKey: Guid(d7e42da93c535ac4d84f7983e82024f2) Importer(815301076,1909f56bfc062723c751e8b465ee728b)
Start importing Assets/Art/Tilemaps/Tilepallete/Zand-Gras transitite 1_12.asset using Guid(d7e42da93c535ac4d84f7983e82024f2) Importer(815301076,1909f56bfc062723c751e8b465ee728b)  -> (artifact id: '7bb1dc3c356acf2d310d5d2a730e29ba') in 0.013712 seconds 
========================================================================
Received Import Request.
  Time since last request: 0.000030 seconds.
  path: Assets/Art/Tilemaps/Tilepallete/Zand-Gras transitite_9.asset
  artifactKey: Guid(0dcc49753e8929145abacad4809ed06f) Importer(815301076,1909f56bfc062723c751e8b465ee728b)
Start importing Assets/Art/Tilemaps/Tilepallete/Zand-Gras transitite_9.asset using Guid(0dcc49753e8929145abacad4809ed06f) Importer(815301076,1909f56bfc062723c751e8b465ee728b)  -> (artifact id: 'ae1cc3ff7d1670eeb69c4a1ba28fd5c2') in 0.010929 seconds 
========================================================================
Received Import Request.
  Time since last request: 0.000037 seconds.
  path: Assets/Art/Tilemaps/Tilepallete/Zand-Gras transitite_11.asset
  artifactKey: Guid(b8f9203297f6899419645c5efd45df5d) Importer(815301076,1909f56bfc062723c751e8b465ee728b)
Start importing Assets/Art/Tilemaps/Tilepallete/Zand-Gras transitite_11.asset using Guid(b8f9203297f6899419645c5efd45df5d) Importer(815301076,1909f56bfc062723c751e8b465ee728b)  -> (artifact id: 'f10240867aa3a80098358ce8d5d503ee') in 0.011749 seconds 
========================================================================
Received Import Request.
  Time since last request: 0.000038 seconds.
  path: Assets/Art/Tilemaps/Tilepallete/Zand-Gras transitite_6.asset
  artifactKey: Guid(6dcb1cd19db01e94e9165fd37fc091ea) Importer(815301076,1909f56bfc062723c751e8b465ee728b)
Start importing Assets/Art/Tilemaps/Tilepallete/Zand-Gras transitite_6.asset using Guid(6dcb1cd19db01e94e9165fd37fc091ea) Importer(815301076,1909f56bfc062723c751e8b465ee728b)  -> (artifact id: '4c0363f50c1ab0cb245e52beda9661b6') in 0.011176 seconds 
========================================================================
Received Import Request.
  Time since last request: 0.000027 seconds.
  path: Assets/Art/Tilemaps/Tilepallete/Zand-Gras transitite_2.asset
  artifactKey: Guid(286e1ec91f24b8840b80c185c761b315) Importer(815301076,1909f56bfc062723c751e8b465ee728b)
Start importing Assets/Art/Tilemaps/Tilepallete/Zand-Gras transitite_2.asset using Guid(286e1ec91f24b8840b80c185c761b315) Importer(815301076,1909f56bfc062723c751e8b465ee728b)  -> (artifact id: 'd93a42eabb727f1b6e0931173f39f51a') in 0.011617 seconds 
========================================================================
Received Import Request.
  Time since last request: 0.000038 seconds.
  path: Assets/Art/Tilemaps/Tilepallete/Zand-Gras transitite_0.asset
  artifactKey: Guid(4841af49ed3a7d54fbbb4783715bf837) Importer(815301076,1909f56bfc062723c751e8b465ee728b)
Start importing Assets/Art/Tilemaps/Tilepallete/Zand-Gras transitite_0.asset using Guid(4841af49ed3a7d54fbbb4783715bf837) Importer(815301076,1909f56bfc062723c751e8b465ee728b)  -> (artifact id: '33e48c8e8a2df839b4c429de7a6cfa7c') in 0.010824 seconds 
========================================================================
Received Import Request.
  Time since last request: 0.000039 seconds.
  path: Assets/Art/Tilemaps/Tilepallete/Zand-Gras transitite 1_17.asset
  artifactKey: Guid(aaa094e3b71f71d40a120aefeefd1807) Importer(815301076,1909f56bfc062723c751e8b465ee728b)
Start importing Assets/Art/Tilemaps/Tilepallete/Zand-Gras transitite 1_17.asset using Guid(aaa094e3b71f71d40a120aefeefd1807) Importer(815301076,1909f56bfc062723c751e8b465ee728b)  -> (artifact id: '90ac99ad470a71c909ede99df59277b4') in 0.013403 seconds 
========================================================================
Received Import Request.
  Time since last request: 0.000028 seconds.
  path: Assets/Art/Tilemaps/Tilepallete/Zand-Gras transitite 1_4.asset
  artifactKey: Guid(9b95ebaee331d2d4080fc576c0af673f) Importer(815301076,1909f56bfc062723c751e8b465ee728b)
Start importing Assets/Art/Tilemaps/Tilepallete/Zand-Gras transitite 1_4.asset using Guid(9b95ebaee331d2d4080fc576c0af673f) Importer(815301076,1909f56bfc062723c751e8b465ee728b)  -> (artifact id: '09f7e67763c5c1c4980419ba1c63c7d9') in 0.013845 seconds 
========================================================================
Received Import Request.
  Time since last request: 0.000030 seconds.
  path: Assets/Art/Tilemaps/Tilepallete/Zand-Gras transitite_17.asset
  artifactKey: Guid(b573eade4046b5247a8774f3ff5c956d) Importer(815301076,1909f56bfc062723c751e8b465ee728b)
Start importing Assets/Art/Tilemaps/Tilepallete/Zand-Gras transitite_17.asset using Guid(b573eade4046b5247a8774f3ff5c956d) Importer(815301076,1909f56bfc062723c751e8b465ee728b)  -> (artifact id: '214128d9adf7dc2fb7c89981d157ae2e') in 0.009472 seconds 
========================================================================
Received Import Request.
  Time since last request: 0.000025 seconds.
  path: Assets/Art/Tilemaps/Tilepallete/Zand-Gras transitite_8.asset
  artifactKey: Guid(b8128c85118d94a42ad96de799b82036) Importer(815301076,1909f56bfc062723c751e8b465ee728b)
Start importing Assets/Art/Tilemaps/Tilepallete/Zand-Gras transitite_8.asset using Guid(b8128c85118d94a42ad96de799b82036) Importer(815301076,1909f56bfc062723c751e8b465ee728b)  -> (artifact id: 'c471dfdd9ef4998731b29928fb28f5cf') in 0.012535 seconds 
========================================================================
Received Import Request.
  Time since last request: 0.000034 seconds.
  path: Assets/Art/Tilemaps/Tilepallete/Zand-Gras transitite 1_23.asset
  artifactKey: Guid(cae8ed7d348a3b44db475f2957ebeee2) Importer(815301076,1909f56bfc062723c751e8b465ee728b)
Start importing Assets/Art/Tilemaps/Tilepallete/Zand-Gras transitite 1_23.asset using Guid(cae8ed7d348a3b44db475f2957ebeee2) Importer(815301076,1909f56bfc062723c751e8b465ee728b)  -> (artifact id: 'd9fc930fee8a1b098fe703e693fb7539') in 0.014955 seconds 
========================================================================
Received Import Request.
  Time since last request: 0.000066 seconds.
  path: Assets/Art/Tilemaps/Tilepallete/Zand-Gras transitite_10.asset
  artifactKey: Guid(b5c27edc539854640a0866aedf97fcac) Importer(815301076,1909f56bfc062723c751e8b465ee728b)
Start importing Assets/Art/Tilemaps/Tilepallete/Zand-Gras transitite_10.asset using Guid(b5c27edc539854640a0866aedf97fcac) Importer(815301076,1909f56bfc062723c751e8b465ee728b)  -> (artifact id: '7dd6681243dcd0e69f5c9c4c56dfc22c') in 0.011618 seconds 
========================================================================
Received Import Request.
  Time since last request: 0.000036 seconds.
  path: Assets/Art/Tilemaps/Tilepallete/Zand-Gras transitite 1_14.asset
  artifactKey: Guid(abea24ded99d4cc4eb258fe3e220e00a) Importer(815301076,1909f56bfc062723c751e8b465ee728b)
Start importing Assets/Art/Tilemaps/Tilepallete/Zand-Gras transitite 1_14.asset using Guid(abea24ded99d4cc4eb258fe3e220e00a) Importer(815301076,1909f56bfc062723c751e8b465ee728b)  -> (artifact id: 'b7e7ea0f4bc68f48405c6db625f7db62') in 0.014075 seconds 
========================================================================
Received Import Request.
  Time since last request: 0.000029 seconds.
  path: Assets/Art/Tilemaps/Tilepallete/Zand-Gras transitite 1_15.asset
  artifactKey: Guid(2cc0cd3dc4634eb4dbaae42cdcc592d2) Importer(815301076,1909f56bfc062723c751e8b465ee728b)
Start importing Assets/Art/Tilemaps/Tilepallete/Zand-Gras transitite 1_15.asset using Guid(2cc0cd3dc4634eb4dbaae42cdcc592d2) Importer(815301076,1909f56bfc062723c751e8b465ee728b)  -> (artifact id: 'faa411af74c066b7fcc7290e35985911') in 0.014233 seconds 
========================================================================
Received Import Request.
  Time since last request: 0.000050 seconds.
  path: Assets/Art/Tilemaps/Tilepallete/Zand-Gras transitite 1_21.asset
  artifactKey: Guid(36dbedff9282f3841b3970b863279509) Importer(815301076,1909f56bfc062723c751e8b465ee728b)
Start importing Assets/Art/Tilemaps/Tilepallete/Zand-Gras transitite 1_21.asset using Guid(36dbedff9282f3841b3970b863279509) Importer(815301076,1909f56bfc062723c751e8b465ee728b)  -> (artifact id: '98d8d34e35a3f29b441758afa93c7a1f') in 0.013783 seconds 
========================================================================
Received Import Request.
  Time since last request: 0.000033 seconds.
  path: Assets/Art/Tilemaps/Tilepallete/Zand-Gras transitite 1_2.asset
  artifactKey: Guid(abf71ed300f3881469267061f9c272f9) Importer(815301076,1909f56bfc062723c751e8b465ee728b)
Start importing Assets/Art/Tilemaps/Tilepallete/Zand-Gras transitite 1_2.asset using Guid(abf71ed300f3881469267061f9c272f9) Importer(815301076,1909f56bfc062723c751e8b465ee728b)  -> (artifact id: '99d4ae6fac8b654cd7f0b6f3dcaaf87a') in 0.012943 seconds 
========================================================================
Received Import Request.
  Time since last request: 0.000027 seconds.
  path: Assets/Art/Tilemaps/Tilepallete/Zand-Gras transitite_7.asset
  artifactKey: Guid(326a8e6233c23844ba64d0afe923e82c) Importer(815301076,1909f56bfc062723c751e8b465ee728b)
Start importing Assets/Art/Tilemaps/Tilepallete/Zand-Gras transitite_7.asset using Guid(326a8e6233c23844ba64d0afe923e82c) Importer(815301076,1909f56bfc062723c751e8b465ee728b)  -> (artifact id: 'a756fd7460c7aa4ad9cb20c0e63fb547') in 0.012224 seconds 
========================================================================
Received Import Request.
  Time since last request: 0.000032 seconds.
  path: Assets/Art/Tilemaps/Tilepallete/Zand-Gras transitite 1_10.asset
  artifactKey: Guid(d973952b9d3fc08498793d94ba9ada21) Importer(815301076,1909f56bfc062723c751e8b465ee728b)
Start importing Assets/Art/Tilemaps/Tilepallete/Zand-Gras transitite 1_10.asset using Guid(d973952b9d3fc08498793d94ba9ada21) Importer(815301076,1909f56bfc062723c751e8b465ee728b)  -> (artifact id: 'ad81ae7238889f1a7339febfa55c91fd') in 0.013023 seconds 
========================================================================
Received Import Request.
  Time since last request: 0.000028 seconds.
  path: Assets/Art/Tilemaps/Tilepallete/Zand-Gras transitite 1_22.asset
  artifactKey: Guid(f4391de88cedfa4498b20011c621864a) Importer(815301076,1909f56bfc062723c751e8b465ee728b)
Start importing Assets/Art/Tilemaps/Tilepallete/Zand-Gras transitite 1_22.asset using Guid(f4391de88cedfa4498b20011c621864a) Importer(815301076,1909f56bfc062723c751e8b465ee728b)  -> (artifact id: 'b913dd1edbb5a16344845bdee2105c61') in 0.013051 seconds 
========================================================================
Received Import Request.
  Time since last request: 0.000035 seconds.
  path: Assets/Art/Tilemaps/Tilepallete/Zand-Gras transitite 1_7.asset
  artifactKey: Guid(f269273d852838e43ba65d1e31162444) Importer(815301076,1909f56bfc062723c751e8b465ee728b)
Start importing Assets/Art/Tilemaps/Tilepallete/Zand-Gras transitite 1_7.asset using Guid(f269273d852838e43ba65d1e31162444) Importer(815301076,1909f56bfc062723c751e8b465ee728b)  -> (artifact id: 'c451dc4b6dfef525955f0c021e4b7571') in 0.013899 seconds 
========================================================================
Received Import Request.
  Time since last request: 0.000051 seconds.
  path: Assets/Art/Tilemaps/Tilepallete/Zand-Gras transitite_19.asset
  artifactKey: Guid(0c872095134dd71419ca62c2cef6ebc0) Importer(815301076,1909f56bfc062723c751e8b465ee728b)
Start importing Assets/Art/Tilemaps/Tilepallete/Zand-Gras transitite_19.asset using Guid(0c872095134dd71419ca62c2cef6ebc0) Importer(815301076,1909f56bfc062723c751e8b465ee728b)  -> (artifact id: 'f7b8e40f457e65e7633e0ac2694b6868') in 0.013959 seconds 
========================================================================
Received Import Request.
  Time since last request: 0.000046 seconds.
  path: Assets/Art/Tilemaps/Tilepallete/Zand-Gras transitite 1_0.asset
  artifactKey: Guid(c085adb204f24e84ab9561d47644a3d1) Importer(815301076,1909f56bfc062723c751e8b465ee728b)
Start importing Assets/Art/Tilemaps/Tilepallete/Zand-Gras transitite 1_0.asset using Guid(c085adb204f24e84ab9561d47644a3d1) Importer(815301076,1909f56bfc062723c751e8b465ee728b)  -> (artifact id: 'd830fb762e56b81c958f7bfc246109ba') in 0.012433 seconds 
========================================================================
Received Import Request.
  Time since last request: 0.000042 seconds.
  path: Assets/Art/Tilemaps/Tilepallete/Zand-Gras transitite_4.asset
  artifactKey: Guid(ca27aece4d999d9429c414e9530da29f) Importer(815301076,1909f56bfc062723c751e8b465ee728b)
Start importing Assets/Art/Tilemaps/Tilepallete/Zand-Gras transitite_4.asset using Guid(ca27aece4d999d9429c414e9530da29f) Importer(815301076,1909f56bfc062723c751e8b465ee728b)  -> (artifact id: '3fc77fbb438e261487581d3dd5dca0e6') in 0.012793 seconds 
========================================================================
Received Import Request.
  Time since last request: 0.000068 seconds.
  path: Assets/Art/Tilemaps/Tilepallete/Zand-Gras transitite 1_20.asset
  artifactKey: Guid(6795793a9db6e9445b708c2f0bde56db) Importer(815301076,1909f56bfc062723c751e8b465ee728b)
Start importing Assets/Art/Tilemaps/Tilepallete/Zand-Gras transitite 1_20.asset using Guid(6795793a9db6e9445b708c2f0bde56db) Importer(815301076,1909f56bfc062723c751e8b465ee728b)  -> (artifact id: '1e0388b25a6713875a824ec3f19597fa') in 0.016102 seconds 
========================================================================
Received Import Request.
  Time since last request: 4.237463 seconds.
  path: Assets/Art/Tilemaps/Woods
  artifactKey: Guid(19f010066f85e32498d989f220b165ed) Importer(815301076,1909f56bfc062723c751e8b465ee728b)
Start importing Assets/Art/Tilemaps/Woods using Guid(19f010066f85e32498d989f220b165ed) Importer(815301076,1909f56bfc062723c751e8b465ee728b)  -> (artifact id: '5d1a196e6aaa5e05a78cb82af30370db') in 0.007050 seconds 
========================================================================
Received Import Request.
  Time since last request: 0.061834 seconds.
  path: Assets/Art/Tilemaps/Woods/1 forest tile 1.png
  artifactKey: Guid(8e99551d26cae414aae70c83a1aa8911) Importer(815301076,1909f56bfc062723c751e8b465ee728b)
Start importing Assets/Art/Tilemaps/Woods/1 forest tile 1.png using Guid(8e99551d26cae414aae70c83a1aa8911) Importer(815301076,1909f56bfc062723c751e8b465ee728b)  -> (artifact id: 'e32784fc9812d359b53829609c748820') in 0.020666 seconds 
========================================================================
Received Import Request.
  Time since last request: 0.000045 seconds.
  path: Assets/Art/Tilemaps/Woods/bosrand.png
  artifactKey: Guid(231717c8e35167043810ebfdc64467a5) Importer(815301076,1909f56bfc062723c751e8b465ee728b)
Start importing Assets/Art/Tilemaps/Woods/bosrand.png using Guid(231717c8e35167043810ebfdc64467a5) Importer(815301076,1909f56bfc062723c751e8b465ee728b)  -> (artifact id: '319b3203565900e445eb7443b8663e5c') in 0.190516 seconds 
========================================================================
Received Import Request.
  Time since last request: 0.000043 seconds.
  path: Assets/Art/Tilemaps/Woods/FOREPST.asset
  artifactKey: Guid(e940b415f3ca1544b902792278533753) Importer(815301076,1909f56bfc062723c751e8b465ee728b)
Start importing Assets/Art/Tilemaps/Woods/FOREPST.asset using Guid(e940b415f3ca1544b902792278533753) Importer(815301076,1909f56bfc062723c751e8b465ee728b)  -> (artifact id: '61b4e7c67403584387964abe1d0f802a') in 0.032050 seconds 
========================================================================
Received Import Request.
  Time since last request: 233.091109 seconds.
  path: Assets/Temp art/pig_item_found.png
  artifactKey: Guid(0a71008b1c8177645a542be2abe41b45) Importer(815301076,1909f56bfc062723c751e8b465ee728b)
Start importing Assets/Temp art/pig_item_found.png using Guid(0a71008b1c8177645a542be2abe41b45) Importer(815301076,1909f56bfc062723c751e8b465ee728b)  -> (artifact id: '8d3e977919227e41e8021997d5f04231') in 0.023423 seconds 
========================================================================
Received Import Request.
  Time since last request: 34.179430 seconds.
  path: Assets/Temp art/pig_item_found.png
  artifactKey: Guid(0a71008b1c8177645a542be2abe41b45) Importer(815301076,1909f56bfc062723c751e8b465ee728b)
Start importing Assets/Temp art/pig_item_found.png using Guid(0a71008b1c8177645a542be2abe41b45) Importer(815301076,1909f56bfc062723c751e8b465ee728b)  -> (artifact id: '1d8dbcb8cb4d2b06e97c2be8af8a5098') in 0.021112 seconds 
========================================================================
Received Import Request.
  Time since last request: 60.759413 seconds.
  path: Assets/Settings/Lit2DSceneTemplate.scenetemplate
  artifactKey: Guid(d03ed43fc9d8a4f2e9fa70c1c7916eb9) Importer(815301076,1909f56bfc062723c751e8b465ee728b)
Start importing Assets/Settings/Lit2DSceneTemplate.scenetemplate using Guid(d03ed43fc9d8a4f2e9fa70c1c7916eb9) Importer(815301076,1909f56bfc062723c751e8b465ee728b)  -> (artifact id: 'c2d891e05196c8a0476ba19061504894') in 0.104314 seconds 
========================================================================
Received Import Request.
  Time since last request: 4.295741 seconds.
  path: Assets/Art/Tilemaps/Water/MEERTJE.png
  artifactKey: Guid(68e8db0d47f39b74f90d2247c04620ba) Importer(815301076,1909f56bfc062723c751e8b465ee728b)
Start importing Assets/Art/Tilemaps/Water/MEERTJE.png using Guid(68e8db0d47f39b74f90d2247c04620ba) Importer(815301076,1909f56bfc062723c751e8b465ee728b)  -> (artifact id: 'fd902336e1e2ac12a7f1d8b8e0731019') in 0.124997 seconds 
========================================================================
Received Import Request.
  Time since last request: 0.000033 seconds.
  path: Assets/Art/Tilemaps/Water/MEERTJE_18.asset
  artifactKey: Guid(cb6acbbe29ebb09459eed3649a0efcbf) Importer(815301076,1909f56bfc062723c751e8b465ee728b)
Start importing Assets/Art/Tilemaps/Water/MEERTJE_18.asset using Guid(cb6acbbe29ebb09459eed3649a0efcbf) Importer(815301076,1909f56bfc062723c751e8b465ee728b)  -> (artifact id: '6932ccbac60f3726800a2841dd1ea2aa') in 0.014969 seconds 
========================================================================
Received Import Request.
  Time since last request: 0.000039 seconds.
  path: Assets/Art/Tilemaps/Water/MEERTJE_20.asset
  artifactKey: Guid(b423d5f4372f1c041b7b50405278f9ab) Importer(815301076,1909f56bfc062723c751e8b465ee728b)
Start importing Assets/Art/Tilemaps/Water/MEERTJE_20.asset using Guid(b423d5f4372f1c041b7b50405278f9ab) Importer(815301076,1909f56bfc062723c751e8b465ee728b)  -> (artifact id: 'c18f5b4a89bd3067d6cb90d963c9f110') in 0.015584 seconds 
========================================================================
Received Import Request.
  Time since last request: 0.000027 seconds.
  path: Assets/Art/Tilemaps/Water/MEERTJE_15.asset
  artifactKey: Guid(64f6b45ab45fe5646be44e323ae199a1) Importer(815301076,1909f56bfc062723c751e8b465ee728b)
Start importing Assets/Art/Tilemaps/Water/MEERTJE_15.asset using Guid(64f6b45ab45fe5646be44e323ae199a1) Importer(815301076,1909f56bfc062723c751e8b465ee728b)  -> (artifact id: '761cfd347a3138b794dedf09efdfa9e1') in 0.016001 seconds 
========================================================================
Received Import Request.
  Time since last request: 0.000032 seconds.
  path: Assets/Art/Tilemaps/Water/Stenen voor waterrand_0.asset
  artifactKey: Guid(fe270b3ec9a427043bbf3dd68452cd93) Importer(815301076,1909f56bfc062723c751e8b465ee728b)
Start importing Assets/Art/Tilemaps/Water/Stenen voor waterrand_0.asset using Guid(fe270b3ec9a427043bbf3dd68452cd93) Importer(815301076,1909f56bfc062723c751e8b465ee728b)  -> (artifact id: '4d89be561057211380623c333524fef1') in 0.019410 seconds 
========================================================================
Received Import Request.
  Time since last request: 0.000039 seconds.
  path: Assets/Art/Tilemaps/Water/MEERTJE_8.asset
  artifactKey: Guid(818c494c06204904297a37e16fcf205a) Importer(815301076,1909f56bfc062723c751e8b465ee728b)
Start importing Assets/Art/Tilemaps/Water/MEERTJE_8.asset using Guid(818c494c06204904297a37e16fcf205a) Importer(815301076,1909f56bfc062723c751e8b465ee728b)  -> (artifact id: '25a4e1e222d91b110672fc6c9393489f') in 0.018722 seconds 
========================================================================
Received Import Request.
  Time since last request: 0.000055 seconds.
  path: Assets/Art/Tilemaps/Water/MEERTJE_10.asset
  artifactKey: Guid(5bd313a71ee6d1a458fee174dea0ab5f) Importer(815301076,1909f56bfc062723c751e8b465ee728b)
Start importing Assets/Art/Tilemaps/Water/MEERTJE_10.asset using Guid(5bd313a71ee6d1a458fee174dea0ab5f) Importer(815301076,1909f56bfc062723c751e8b465ee728b)  -> (artifact id: '793a6ca9273e26f8e3026759b1dfcaef') in 0.017007 seconds 
========================================================================
Received Import Request.
  Time since last request: 0.000034 seconds.
  path: Assets/Art/Tilemaps/Water/MEERTJE_23.asset
  artifactKey: Guid(76c7b5a288d0e1743a8936c95f69f782) Importer(815301076,1909f56bfc062723c751e8b465ee728b)
Start importing Assets/Art/Tilemaps/Water/MEERTJE_23.asset using Guid(76c7b5a288d0e1743a8936c95f69f782) Importer(815301076,1909f56bfc062723c751e8b465ee728b)  -> (artifact id: 'ddd4a0dfe80385851fa9fba5e69ec96e') in 0.015603 seconds 
========================================================================
Received Import Request.
  Time since last request: 0.000033 seconds.
  path: Assets/Art/Tilemaps/Water/Stenen voor waterrand_3.asset
  artifactKey: Guid(6104e2bfb7a872b4190b2e04ac93fa9b) Importer(815301076,1909f56bfc062723c751e8b465ee728b)
Start importing Assets/Art/Tilemaps/Water/Stenen voor waterrand_3.asset using Guid(6104e2bfb7a872b4190b2e04ac93fa9b) Importer(815301076,1909f56bfc062723c751e8b465ee728b)  -> (artifact id: 'e451cb23c8c5091776cf0c927c270090') in 0.015234 seconds 
========================================================================
Received Import Request.
  Time since last request: 0.000052 seconds.
  path: Assets/Art/Tilemaps/Water/Water tile.png
  artifactKey: Guid(a5788ee1cfc4e634bb38d3709d6085ad) Importer(815301076,1909f56bfc062723c751e8b465ee728b)
Start importing Assets/Art/Tilemaps/Water/Water tile.png using Guid(a5788ee1cfc4e634bb38d3709d6085ad) Importer(815301076,1909f56bfc062723c751e8b465ee728b)  -> (artifact id: '14f5cb959aea836441634937d1b0d557') in 0.026904 seconds 
========================================================================
Received Import Request.
  Time since last request: 0.000038 seconds.
  path: Assets/Art/Tilemaps/Water/MEERTJE_12.asset
  artifactKey: Guid(d044d3de20575984191fd294303b9916) Importer(815301076,1909f56bfc062723c751e8b465ee728b)
Start importing Assets/Art/Tilemaps/Water/MEERTJE_12.asset using Guid(d044d3de20575984191fd294303b9916) Importer(815301076,1909f56bfc062723c751e8b465ee728b)  -> (artifact id: '4063a18595e6ade8a2e005996361ffe6') in 0.018311 seconds 
========================================================================
Received Import Request.
  Time since last request: 0.000060 seconds.
  path: Assets/Art/Tilemaps/Water/Stenen voor waterrand_2.asset
  artifactKey: Guid(2f648a176b61ee1478edf224b1ac6bc2) Importer(815301076,1909f56bfc062723c751e8b465ee728b)
Start importing Assets/Art/Tilemaps/Water/Stenen voor waterrand_2.asset using Guid(2f648a176b61ee1478edf224b1ac6bc2) Importer(815301076,1909f56bfc062723c751e8b465ee728b)  -> (artifact id: 'f13b8103e1bbd2d1a60d4c475ffd248f') in 0.019642 seconds 
========================================================================
Received Import Request.
  Time since last request: 0.000042 seconds.
  path: Assets/Art/Tilemaps/Water/Stenen voor waterrand.png
  artifactKey: Guid(2983ab0f3c9f6bc418a26128006c1417) Importer(815301076,1909f56bfc062723c751e8b465ee728b)
Start importing Assets/Art/Tilemaps/Water/Stenen voor waterrand.png using Guid(2983ab0f3c9f6bc418a26128006c1417) Importer(815301076,1909f56bfc062723c751e8b465ee728b)  -> (artifact id: '6adb1e64bb8bcac16d07dc5100e953aa') in 0.040812 seconds 
========================================================================
Received Import Request.
  Time since last request: 0.000029 seconds.
  path: Assets/Art/Tilemaps/Water/MEERTJE_6.asset
  artifactKey: Guid(b5a271de75bd66541adea4e44ebdda0d) Importer(815301076,1909f56bfc062723c751e8b465ee728b)
Start importing Assets/Art/Tilemaps/Water/MEERTJE_6.asset using Guid(b5a271de75bd66541adea4e44ebdda0d) Importer(815301076,1909f56bfc062723c751e8b465ee728b)  -> (artifact id: '98409e1362c56f03d8e5e55f7945380f') in 0.016982 seconds 
========================================================================
Received Import Request.
  Time since last request: 2.791877 seconds.
  path: Assets/Art/Tilemaps/Water
  artifactKey: Guid(a7d54c2e6af924548ac0198cc2d51668) Importer(815301076,1909f56bfc062723c751e8b465ee728b)
Start importing Assets/Art/Tilemaps/Water using Guid(a7d54c2e6af924548ac0198cc2d51668) Importer(815301076,1909f56bfc062723c751e8b465ee728b)  -> (artifact id: '6164dc7e1e235d3ba1e3a4086fff153c') in 0.008131 seconds 
Editor requested this worker to shutdown with reason: Scaling down because of idle timeout
AssetImportWorker is now disconnected from the server
Process exiting
Exiting without the bug reporter. Application will terminate with return code 0