Using pre-set license
Built from '2021.3/staging' branch; Version is '2021.3.11f1 (0a5ca18544bf) revision 679073'; Using compiler version '192829333'; Build Type 'Release'
OS: 'Windows 10  (10.0.19044) 64bit Core' Language: 'en' Physical Memory: 32620 MB
BatchMode: 1, IsHumanControllingUs: 0, StartBugReporterOnCrash: 0, Is64bit: 1, IsPro: 1

COMMAND LINE ARGUMENTS:
C:\Program Files\Unity\Hub\Editor\2021.3.11f1\Editor\Unity.exe
-adb2
-batchMode
-noUpm
-name
AssetImportWorker3
-projectPath
C:/Users/timod/Desktop/GGJ-2023/GGJ-2023
-logFile
Logs/AssetImportWorker3.log
-srvPort
49156
Successfully changed project path to: C:/Users/timod/Desktop/GGJ-2023/GGJ-2023
C:/Users/timod/Desktop/GGJ-2023/GGJ-2023
[UnityMemory] Configuration Parameters - Can be set up in boot.config
    "memorysetup-bucket-allocator-granularity=16"
    "memorysetup-bucket-allocator-bucket-count=8"
    "memorysetup-bucket-allocator-block-size=33554432"
    "memorysetup-bucket-allocator-block-count=8"
    "memorysetup-main-allocator-block-size=16777216"
    "memorysetup-thread-allocator-block-size=16777216"
    "memorysetup-gfx-main-allocator-block-size=16777216"
    "memorysetup-gfx-thread-allocator-block-size=16777216"
    "memorysetup-cache-allocator-block-size=4194304"
    "memorysetup-typetree-allocator-block-size=2097152"
    "memorysetup-profiler-bucket-allocator-granularity=16"
    "memorysetup-profiler-bucket-allocator-bucket-count=8"
    "memorysetup-profiler-bucket-allocator-block-size=33554432"
    "memorysetup-profiler-bucket-allocator-block-count=8"
    "memorysetup-profiler-allocator-block-size=16777216"
    "memorysetup-profiler-editor-allocator-block-size=1048576"
    "memorysetup-temp-allocator-size-main=16777216"
    "memorysetup-job-temp-allocator-block-size=2097152"
    "memorysetup-job-temp-allocator-block-size-background=1048576"
    "memorysetup-job-temp-allocator-reduction-small-platforms=262144"
    "memorysetup-temp-allocator-size-background-worker=32768"
    "memorysetup-temp-allocator-size-job-worker=262144"
    "memorysetup-temp-allocator-size-preload-manager=33554432"
    "memorysetup-temp-allocator-size-nav-mesh-worker=65536"
    "memorysetup-temp-allocator-size-audio-worker=65536"
    "memorysetup-temp-allocator-size-cloud-worker=32768"
    "memorysetup-temp-allocator-size-gi-baking-worker=262144"
    "memorysetup-temp-allocator-size-gfx=262144"
Refreshing native plugins compatible for Editor in 112.64 ms, found 4 plugins.
Preloading 0 native plugins for Editor in 0.00 ms.
Initialize engine version: 2021.3.11f1 (0a5ca18544bf)
[Subsystems] Discovering subsystems at path C:/Program Files/Unity/Hub/Editor/2021.3.11f1/Editor/Data/Resources/UnitySubsystems
[Subsystems] Discovering subsystems at path C:/Users/timod/Desktop/GGJ-2023/GGJ-2023/Assets
GfxDevice: creating device client; threaded=0; jobified=0
Direct3D:
    Version:  Direct3D 11.0 [level 11.1]
    Renderer: NVIDIA GeForce RTX 3060 Laptop GPU (ID=0x2560)
    Vendor:   NVIDIA
    VRAM:     6023 MB
    Driver:   30.0.15.1236
Initialize mono
Mono path[0] = 'C:/Program Files/Unity/Hub/Editor/2021.3.11f1/Editor/Data/Managed'
Mono path[1] = 'C:/Program Files/Unity/Hub/Editor/2021.3.11f1/Editor/Data/MonoBleedingEdge/lib/mono/unityjit-win32'
Mono config path = 'C:/Program Files/Unity/Hub/Editor/2021.3.11f1/Editor/Data/MonoBleedingEdge/etc'
Using monoOptions --debugger-agent=transport=dt_socket,embedding=1,server=y,suspend=n,address=127.0.0.1:56700
Begin MonoManager ReloadAssembly
Registering precompiled unity dll's ...
Register platform support module: C:/Program Files/Unity/Hub/Editor/2021.3.11f1/Editor/Data/PlaybackEngines/WindowsStandaloneSupport/UnityEditor.WindowsStandalone.Extensions.dll
Registered in 0.008384 seconds.
Native extension for WindowsStandalone target not found
Refreshing native plugins compatible for Editor in 103.99 ms, found 4 plugins.
Preloading 0 native plugins for Editor in 0.00 ms.
Mono: successfully reloaded assembly
- Completed reload, in  0.943 seconds
Domain Reload Profiling:
	ReloadAssembly (943ms)
		BeginReloadAssembly (79ms)
			ExecutionOrderSort (0ms)
			DisableScriptedObjects (0ms)
			BackupInstance (0ms)
			ReleaseScriptingObjects (0ms)
			CreateAndSetChildDomain (1ms)
		EndReloadAssembly (622ms)
			LoadAssemblies (76ms)
			RebuildTransferFunctionScriptingTraits (0ms)
			SetupTypeCache (231ms)
			ReleaseScriptCaches (0ms)
			RebuildScriptCaches (26ms)
			SetupLoadedEditorAssemblies (315ms)
				LogAssemblyErrors (0ms)
				InitializePlatformSupportModulesInManaged (8ms)
				SetLoadedEditorAssemblies (0ms)
				RefreshPlugins (104ms)
				BeforeProcessingInitializeOnLoad (1ms)
				ProcessInitializeOnLoadAttributes (149ms)
				ProcessInitializeOnLoadMethodAttributes (53ms)
				AfterProcessingInitializeOnLoad (0ms)
				EditorAssembliesLoaded (0ms)
			ExecutionOrderSort2 (0ms)
			AwakeInstancesAfterBackupRestoration (0ms)
Platform modules already initialized, skipping
Registering precompiled user dll's ...
Registered in 0.008379 seconds.
Begin MonoManager ReloadAssembly
Symbol file LoadedFromMemory doesn't match image C:\Users\timod\Desktop\GGJ-2023\GGJ-2023\Library\PackageCache\com.unity.visualscripting@1.7.8\Editor\VisualScripting.Core\Dependencies\YamlDotNet\Unity.VisualScripting.YamlDotNet.dll
Symbol file LoadedFromMemory doesn't match image C:\Users\timod\Desktop\GGJ-2023\GGJ-2023\Library\PackageCache\com.unity.visualscripting@1.7.8\Editor\VisualScripting.Core\Dependencies\DotNetZip\Unity.VisualScripting.IonicZip.dll
Native extension for WindowsStandalone target not found
Refreshing native plugins compatible for Editor in 107.79 ms, found 4 plugins.
Preloading 0 native plugins for Editor in 0.00 ms.
Mono: successfully reloaded assembly
- Completed reload, in  1.364 seconds
Domain Reload Profiling:
	ReloadAssembly (1365ms)
		BeginReloadAssembly (112ms)
			ExecutionOrderSort (0ms)
			DisableScriptedObjects (5ms)
			BackupInstance (0ms)
			ReleaseScriptingObjects (0ms)
			CreateAndSetChildDomain (24ms)
		EndReloadAssembly (1134ms)
			LoadAssemblies (100ms)
			RebuildTransferFunctionScriptingTraits (0ms)
			SetupTypeCache (273ms)
			ReleaseScriptCaches (1ms)
			RebuildScriptCaches (61ms)
			SetupLoadedEditorAssemblies (649ms)
				LogAssemblyErrors (0ms)
				InitializePlatformSupportModulesInManaged (5ms)
				SetLoadedEditorAssemblies (0ms)
				RefreshPlugins (108ms)
				BeforeProcessingInitializeOnLoad (122ms)
				ProcessInitializeOnLoadAttributes (304ms)
				ProcessInitializeOnLoadMethodAttributes (102ms)
				AfterProcessingInitializeOnLoad (8ms)
				EditorAssembliesLoaded (0ms)
			ExecutionOrderSort2 (0ms)
			AwakeInstancesAfterBackupRestoration (8ms)
Platform modules already initialized, skipping
========================================================================
Worker process is ready to serve import requests
Launched and connected shader compiler UnityShaderCompiler.exe after 0.07 seconds
Refreshing native plugins compatible for Editor in 1.43 ms, found 4 plugins.
Preloading 0 native plugins for Editor in 0.00 ms.
Unloading 5533 Unused Serialized files (Serialized files now loaded: 0)
Unloading 43 unused Assets / (0.7 MB). Loaded Objects now: 5983.
Memory consumption went from 215.2 MB to 214.5 MB.
Total: 5.360900 ms (FindLiveObjects: 0.405600 ms CreateObjectMapping: 0.394800 ms MarkObjects: 4.224500 ms  DeleteObjects: 0.334400 ms)

AssetImportParameters requested are different than current active one (requested -> active):
  custom:video-decoder-ogg-theora: a1e56fd34408186e4bbccfd4996cb3dc -> 
  custom:container-muxer-webm: aa71ff27fc2769a1b78a27578f13a17b -> 
  custom:container-demuxer-webm: 4f35f7cbe854078d1ac9338744f61a02 -> 
  custom:video-encoder-webm-vp8: eb34c28f22e8b96e1ab97ce403110664 -> 
  custom:video-codec-MediaFoundation-h265: 746d11721c4dcdbdad8f713fa42b33f4 -> 
  custom:audio-encoder-webm-vorbis: bf7c407c2cedff20999df2af8eb42d56 -> 
  custom:framework-win-MediaFoundation: 216162199b28c13a410421893ffa2e32 -> 
  custom:container-demuxer-ogg: 62fdf1f143b41e24485cea50d1cbac27 -> 
  custom:video-decoder-webm-vp8: 9c59270c3fd7afecdb556c50c9e8de78 -> 
  custom:audio-decoder-ogg-vorbis: bf7c407c2cedff20999df2af8eb42d56 -> 
========================================================================
Received Import Request.
  Time since last request: 610932.780632 seconds.
  path: Assets/audio/stepnoise/step2.wav
  artifactKey: Guid(f9d34eebddfffb5438175044625653fa) Importer(815301076,1909f56bfc062723c751e8b465ee728b)
Start importing Assets/audio/stepnoise/step2.wav using Guid(f9d34eebddfffb5438175044625653fa) Importer(815301076,1909f56bfc062723c751e8b465ee728b)  -> (artifact id: '512922eeb08576421c91766c82a15ceb') in 0.116630 seconds 
========================================================================
Received Import Request.
  Time since last request: 210.740329 seconds.
  path: Assets/audio/stepnoise/step3.wav
  artifactKey: Guid(6f401cb918a7c464083e99d5183b820f) Importer(815301076,1909f56bfc062723c751e8b465ee728b)
Start importing Assets/audio/stepnoise/step3.wav using Guid(6f401cb918a7c464083e99d5183b820f) Importer(815301076,1909f56bfc062723c751e8b465ee728b)  -> (artifact id: '8065666d437519bc326e40f14931c343') in 0.025834 seconds 
========================================================================
Received Import Request.
  Time since last request: 9114.629274 seconds.
  path: Assets/audio/level start car vroom.wav
  artifactKey: Guid(d507ec720958eda49a72c7a0495b2d4b) Importer(815301076,1909f56bfc062723c751e8b465ee728b)
Start importing Assets/audio/level start car vroom.wav using Guid(d507ec720958eda49a72c7a0495b2d4b) Importer(815301076,1909f56bfc062723c751e8b465ee728b)  -> (artifact id: '2b56b411c94e06bf31ecbdc116429e39') in 0.015107 seconds 
========================================================================
Received Import Request.
  Time since last request: 594.824898 seconds.
  path: Assets/Temp art/cirkel linksonder.png
  artifactKey: Guid(a2796a498fdacd94e93342e6003dc3f3) Importer(815301076,1909f56bfc062723c751e8b465ee728b)
Start importing Assets/Temp art/cirkel linksonder.png using Guid(a2796a498fdacd94e93342e6003dc3f3) Importer(815301076,1909f56bfc062723c751e8b465ee728b)  -> (artifact id: '592886e546b45094732d44980608ba85') in 0.036201 seconds 
========================================================================
Received Import Request.
  Time since last request: 0.000028 seconds.
  path: Assets/Temp art/cirkel rechtsonder.png
  artifactKey: Guid(fb7b4d5c79743ad4c9aa0ee167659a24) Importer(815301076,1909f56bfc062723c751e8b465ee728b)
Start importing Assets/Temp art/cirkel rechtsonder.png using Guid(fb7b4d5c79743ad4c9aa0ee167659a24) Importer(815301076,1909f56bfc062723c751e8b465ee728b)  -> (artifact id: '3f73cbcab242ab81e487f254aae54a3d') in 0.014673 seconds 
========================================================================
Received Import Request.
  Time since last request: 1930.094472 seconds.
  path: Assets/audio/oinknoise/oink2.wav
  artifactKey: Guid(e69b2f7e4b9774243b007241b6ccad2e) Importer(815301076,1909f56bfc062723c751e8b465ee728b)
Start importing Assets/audio/oinknoise/oink2.wav using Guid(e69b2f7e4b9774243b007241b6ccad2e) Importer(815301076,1909f56bfc062723c751e8b465ee728b)  -> (artifact id: '0355f1387c55660f2162b7d0cbb389e6') in 0.020045 seconds 
========================================================================
Received Import Request.
  Time since last request: 0.000032 seconds.
  path: Assets/audio/oinknoise/oink4.wav
  artifactKey: Guid(32459467104458147bfbde0c0b55df34) Importer(815301076,1909f56bfc062723c751e8b465ee728b)
Start importing Assets/audio/oinknoise/oink4.wav using Guid(32459467104458147bfbde0c0b55df34) Importer(815301076,1909f56bfc062723c751e8b465ee728b)  -> (artifact id: '7f8fbbf29968186cbb88893ab5028ad3') in 0.023105 seconds 
========================================================================
Received Import Request.
  Time since last request: 0.000035 seconds.
  path: Assets/audio/oinknoise/oink3.wav
  artifactKey: Guid(c0fb247b569257e4fa72310b1dc0bc30) Importer(815301076,1909f56bfc062723c751e8b465ee728b)
Start importing Assets/audio/oinknoise/oink3.wav using Guid(c0fb247b569257e4fa72310b1dc0bc30) Importer(815301076,1909f56bfc062723c751e8b465ee728b)  -> (artifact id: 'a4c5690311890752e82be70af3c6b941') in 0.056807 seconds 
========================================================================
Received Import Request.
  Time since last request: 2490.634118 seconds.
  path: Assets/audio/explore loop lyr2.wav
  artifactKey: Guid(3730012528506904fbed197d97269fbf) Importer(815301076,1909f56bfc062723c751e8b465ee728b)
Start importing Assets/audio/explore loop lyr2.wav using Guid(3730012528506904fbed197d97269fbf) Importer(815301076,1909f56bfc062723c751e8b465ee728b)  -> (artifact id: '7fb3fb5664487f13bbc9a35502e7cb2b') in 0.021833 seconds 
========================================================================
Received Import Request.
  Time since last request: 0.000021 seconds.
  path: Assets/audio/explore loop lyr3 opt 2.wav
  artifactKey: Guid(2a7407409c3668f41ba3135619ca0580) Importer(815301076,1909f56bfc062723c751e8b465ee728b)
Start importing Assets/audio/explore loop lyr3 opt 2.wav using Guid(2a7407409c3668f41ba3135619ca0580) Importer(815301076,1909f56bfc062723c751e8b465ee728b)  -> (artifact id: '6692b795c75e906d1cbcf3c661401aef') in 0.014760 seconds 
========================================================================
Received Import Request.
  Time since last request: 2809.512061 seconds.
  path: Assets/TextMesh Pro/Resources/Fonts & Materials/LiberationSans SDF - Fallback.asset
  artifactKey: Guid(2e498d1c8094910479dc3e1b768306a4) Importer(815301076,1909f56bfc062723c751e8b465ee728b)
Start importing Assets/TextMesh Pro/Resources/Fonts & Materials/LiberationSans SDF - Fallback.asset using Guid(2e498d1c8094910479dc3e1b768306a4) Importer(815301076,1909f56bfc062723c751e8b465ee728b)  -> (artifact id: 'c64e366b699b456b85f567bb023b1fea') in 0.230240 seconds 
========================================================================
Received Import Request.
  Time since last request: 94.697986 seconds.
  path: Assets/fonts/adlibitum/Adlibitum_Bold TRIAL.ttf
  artifactKey: Guid(598739060fdf63346b58721f297ed0a9) Importer(815301076,1909f56bfc062723c751e8b465ee728b)
Start importing Assets/fonts/adlibitum/Adlibitum_Bold TRIAL.ttf using Guid(598739060fdf63346b58721f297ed0a9) Importer(815301076,1909f56bfc062723c751e8b465ee728b)  -> (artifact id: '6f92c780f28a7ad2be80ec1c6c7072ff') in 0.027309 seconds 
========================================================================
Received Import Request.
  Time since last request: 0.000028 seconds.
  path: Assets/fonts/adlibitum/Adlibitum_by_Zetafonts.png
  artifactKey: Guid(98206665198f021439dbf6884c95b736) Importer(815301076,1909f56bfc062723c751e8b465ee728b)
Start importing Assets/fonts/adlibitum/Adlibitum_by_Zetafonts.png using Guid(98206665198f021439dbf6884c95b736) Importer(815301076,1909f56bfc062723c751e8b465ee728b)  -> (artifact id: '3ed011757f2e119edc4efe6281dc5de9') in 0.174933 seconds 
========================================================================
Received Import Request.
  Time since last request: 112.939371 seconds.
  path: Assets/fonts/minim/minim_o.ttf
  artifactKey: Guid(dd8a5a178a34fce498a861689207fc85) Importer(815301076,1909f56bfc062723c751e8b465ee728b)
Start importing Assets/fonts/minim/minim_o.ttf using Guid(dd8a5a178a34fce498a861689207fc85) Importer(815301076,1909f56bfc062723c751e8b465ee728b)  -> (artifact id: '7c861904fe5b9d5793e19948332dfea0') in 0.025318 seconds 
========================================================================
Received Import Request.
  Time since last request: 475.889506 seconds.
  path: Assets/Animations/walk cycle/pig walk cycle test-Sheet.png
  artifactKey: Guid(831e6f02b40fe704cabab7910298d80c) Importer(815301076,1909f56bfc062723c751e8b465ee728b)
Start importing Assets/Animations/walk cycle/pig walk cycle test-Sheet.png using Guid(831e6f02b40fe704cabab7910298d80c) Importer(815301076,1909f56bfc062723c751e8b465ee728b)  -> (artifact id: '4fa0f2f6df3f3035d91253bcf27c5192') in 0.123157 seconds 
