Using pre-set license
Built from '2021.3/staging' branch; Version is '2021.3.11f1 (0a5ca18544bf) revision 679073'; Using compiler version '192829333'; Build Type 'Release'
OS: 'Windows 10  (10.0.19044) 64bit Core' Language: 'en' Physical Memory: 32620 MB
BatchMode: 1, IsHumanControllingUs: 0, StartBugReporterOnCrash: 0, Is64bit: 1, IsPro: 1

COMMAND LINE ARGUMENTS:
C:\Program Files\Unity\Hub\Editor\2021.3.11f1\Editor\Unity.exe
-adb2
-batchMode
-noUpm
-name
AssetImportWorker3
-projectPath
C:/Users/timod/Desktop/GGJ-2023/GGJ-2023
-logFile
Logs/AssetImportWorker3.log
-srvPort
57759
Successfully changed project path to: C:/Users/timod/Desktop/GGJ-2023/GGJ-2023
C:/Users/timod/Desktop/GGJ-2023/GGJ-2023
[UnityMemory] Configuration Parameters - Can be set up in boot.config
    "memorysetup-bucket-allocator-granularity=16"
    "memorysetup-bucket-allocator-bucket-count=8"
    "memorysetup-bucket-allocator-block-size=33554432"
    "memorysetup-bucket-allocator-block-count=8"
    "memorysetup-main-allocator-block-size=16777216"
    "memorysetup-thread-allocator-block-size=16777216"
    "memorysetup-gfx-main-allocator-block-size=16777216"
    "memorysetup-gfx-thread-allocator-block-size=16777216"
    "memorysetup-cache-allocator-block-size=4194304"
    "memorysetup-typetree-allocator-block-size=2097152"
    "memorysetup-profiler-bucket-allocator-granularity=16"
    "memorysetup-profiler-bucket-allocator-bucket-count=8"
    "memorysetup-profiler-bucket-allocator-block-size=33554432"
    "memorysetup-profiler-bucket-allocator-block-count=8"
    "memorysetup-profiler-allocator-block-size=16777216"
    "memorysetup-profiler-editor-allocator-block-size=1048576"
    "memorysetup-temp-allocator-size-main=16777216"
    "memorysetup-job-temp-allocator-block-size=2097152"
    "memorysetup-job-temp-allocator-block-size-background=1048576"
    "memorysetup-job-temp-allocator-reduction-small-platforms=262144"
    "memorysetup-temp-allocator-size-background-worker=32768"
    "memorysetup-temp-allocator-size-job-worker=262144"
    "memorysetup-temp-allocator-size-preload-manager=33554432"
    "memorysetup-temp-allocator-size-nav-mesh-worker=65536"
    "memorysetup-temp-allocator-size-audio-worker=65536"
    "memorysetup-temp-allocator-size-cloud-worker=32768"
    "memorysetup-temp-allocator-size-gi-baking-worker=262144"
    "memorysetup-temp-allocator-size-gfx=262144"
Refreshing native plugins compatible for Editor in 170.71 ms, found 4 plugins.
Preloading 0 native plugins for Editor in 0.00 ms.
Initialize engine version: 2021.3.11f1 (0a5ca18544bf)
[Subsystems] Discovering subsystems at path C:/Program Files/Unity/Hub/Editor/2021.3.11f1/Editor/Data/Resources/UnitySubsystems
[Subsystems] Discovering subsystems at path C:/Users/timod/Desktop/GGJ-2023/GGJ-2023/Assets
GfxDevice: creating device client; threaded=0; jobified=0
Direct3D:
    Version:  Direct3D 11.0 [level 11.1]
    Renderer: NVIDIA GeForce RTX 3060 Laptop GPU (ID=0x2560)
    Vendor:   NVIDIA
    VRAM:     6023 MB
    Driver:   30.0.15.1236
Initialize mono
Mono path[0] = 'C:/Program Files/Unity/Hub/Editor/2021.3.11f1/Editor/Data/Managed'
Mono path[1] = 'C:/Program Files/Unity/Hub/Editor/2021.3.11f1/Editor/Data/MonoBleedingEdge/lib/mono/unityjit-win32'
Mono config path = 'C:/Program Files/Unity/Hub/Editor/2021.3.11f1/Editor/Data/MonoBleedingEdge/etc'
Using monoOptions --debugger-agent=transport=dt_socket,embedding=1,server=y,suspend=n,address=127.0.0.1:56004
Begin MonoManager ReloadAssembly
Registering precompiled unity dll's ...
Register platform support module: C:/Program Files/Unity/Hub/Editor/2021.3.11f1/Editor/Data/PlaybackEngines/WindowsStandaloneSupport/UnityEditor.WindowsStandalone.Extensions.dll
Registered in 0.011149 seconds.
Native extension for WindowsStandalone target not found
Refreshing native plugins compatible for Editor in 128.68 ms, found 4 plugins.
Preloading 0 native plugins for Editor in 0.00 ms.
Mono: successfully reloaded assembly
- Completed reload, in  0.933 seconds
Domain Reload Profiling:
	ReloadAssembly (933ms)
		BeginReloadAssembly (108ms)
			ExecutionOrderSort (0ms)
			DisableScriptedObjects (0ms)
			BackupInstance (0ms)
			ReleaseScriptingObjects (0ms)
			CreateAndSetChildDomain (1ms)
		EndReloadAssembly (652ms)
			LoadAssemblies (103ms)
			RebuildTransferFunctionScriptingTraits (0ms)
			SetupTypeCache (177ms)
			ReleaseScriptCaches (0ms)
			RebuildScriptCaches (37ms)
			SetupLoadedEditorAssemblies (362ms)
				LogAssemblyErrors (0ms)
				InitializePlatformSupportModulesInManaged (9ms)
				SetLoadedEditorAssemblies (0ms)
				RefreshPlugins (129ms)
				BeforeProcessingInitializeOnLoad (1ms)
				ProcessInitializeOnLoadAttributes (169ms)
				ProcessInitializeOnLoadMethodAttributes (54ms)
				AfterProcessingInitializeOnLoad (0ms)
				EditorAssembliesLoaded (0ms)
			ExecutionOrderSort2 (0ms)
			AwakeInstancesAfterBackupRestoration (0ms)
Platform modules already initialized, skipping
Registering precompiled user dll's ...
Registered in 0.009453 seconds.
Begin MonoManager ReloadAssembly
Symbol file LoadedFromMemory doesn't match image C:\Users\timod\Desktop\GGJ-2023\GGJ-2023\Library\PackageCache\com.unity.visualscripting@1.7.8\Editor\VisualScripting.Core\Dependencies\YamlDotNet\Unity.VisualScripting.YamlDotNet.dll
Symbol file LoadedFromMemory doesn't match image C:\Users\timod\Desktop\GGJ-2023\GGJ-2023\Library\PackageCache\com.unity.visualscripting@1.7.8\Editor\VisualScripting.Core\Dependencies\DotNetZip\Unity.VisualScripting.IonicZip.dll
Native extension for WindowsStandalone target not found
Refreshing native plugins compatible for Editor in 140.04 ms, found 4 plugins.
Preloading 0 native plugins for Editor in 0.00 ms.
Mono: successfully reloaded assembly
- Completed reload, in  1.769 seconds
Domain Reload Profiling:
	ReloadAssembly (1770ms)
		BeginReloadAssembly (138ms)
			ExecutionOrderSort (0ms)
			DisableScriptedObjects (8ms)
			BackupInstance (0ms)
			ReleaseScriptingObjects (0ms)
			CreateAndSetChildDomain (27ms)
		EndReloadAssembly (1453ms)
			LoadAssemblies (127ms)
			RebuildTransferFunctionScriptingTraits (0ms)
			SetupTypeCache (382ms)
			ReleaseScriptCaches (1ms)
			RebuildScriptCaches (90ms)
			SetupLoadedEditorAssemblies (772ms)
				LogAssemblyErrors (0ms)
				InitializePlatformSupportModulesInManaged (5ms)
				SetLoadedEditorAssemblies (0ms)
				RefreshPlugins (140ms)
				BeforeProcessingInitializeOnLoad (160ms)
				ProcessInitializeOnLoadAttributes (328ms)
				ProcessInitializeOnLoadMethodAttributes (126ms)
				AfterProcessingInitializeOnLoad (11ms)
				EditorAssembliesLoaded (0ms)
			ExecutionOrderSort2 (0ms)
			AwakeInstancesAfterBackupRestoration (9ms)
Platform modules already initialized, skipping
========================================================================
Worker process is ready to serve import requests
Launched and connected shader compiler UnityShaderCompiler.exe after 0.07 seconds
Refreshing native plugins compatible for Editor in 2.29 ms, found 4 plugins.
Preloading 0 native plugins for Editor in 0.00 ms.
Unloading 5546 Unused Serialized files (Serialized files now loaded: 0)
Unloading 43 unused Assets / (0.7 MB). Loaded Objects now: 5996.
Memory consumption went from 217.5 MB to 216.8 MB.
Total: 7.010600 ms (FindLiveObjects: 0.529800 ms CreateObjectMapping: 0.512800 ms MarkObjects: 5.456600 ms  DeleteObjects: 0.510000 ms)

AssetImportParameters requested are different than current active one (requested -> active):
  custom:video-decoder-ogg-theora: a1e56fd34408186e4bbccfd4996cb3dc -> 
  custom:container-muxer-webm: aa71ff27fc2769a1b78a27578f13a17b -> 
  custom:container-demuxer-webm: 4f35f7cbe854078d1ac9338744f61a02 -> 
  custom:video-encoder-webm-vp8: eb34c28f22e8b96e1ab97ce403110664 -> 
  custom:video-codec-MediaFoundation-h265: 746d11721c4dcdbdad8f713fa42b33f4 -> 
  custom:audio-encoder-webm-vorbis: bf7c407c2cedff20999df2af8eb42d56 -> 
  custom:framework-win-MediaFoundation: 216162199b28c13a410421893ffa2e32 -> 
  custom:container-demuxer-ogg: 62fdf1f143b41e24485cea50d1cbac27 -> 
  custom:video-decoder-webm-vp8: 9c59270c3fd7afecdb556c50c9e8de78 -> 
  custom:audio-decoder-ogg-vorbis: bf7c407c2cedff20999df2af8eb42d56 -> 
========================================================================
Received Import Request.
  Time since last request: 635552.620107 seconds.
  path: Assets/Art/Tilemaps/Sand base tile.png
  artifactKey: Guid(a3855b946be76fb428f7e93227d5f6ae) Importer(815301076,1909f56bfc062723c751e8b465ee728b)
Start importing Assets/Art/Tilemaps/Sand base tile.png using Guid(a3855b946be76fb428f7e93227d5f6ae) Importer(815301076,1909f56bfc062723c751e8b465ee728b)  -> (artifact id: '82f14316a3f6b0cb2af92994b2ad3737') in 0.311228 seconds 
========================================================================
Received Import Request.
  Time since last request: 3.615890 seconds.
  path: Assets/Art/Tilemaps/Accesoires/Tree.png
  artifactKey: Guid(8b93de98ef51c584b98a4fb776e981a5) Importer(815301076,1909f56bfc062723c751e8b465ee728b)
Start importing Assets/Art/Tilemaps/Accesoires/Tree.png using Guid(8b93de98ef51c584b98a4fb776e981a5) Importer(815301076,1909f56bfc062723c751e8b465ee728b)  -> (artifact id: 'd595647e8b0de11f1b23c0a2dad23d71') in 0.028927 seconds 
========================================================================
Received Import Request.
  Time since last request: 0.000031 seconds.
  path: Assets/Art/Tilemaps/Accesoires/Water accesoires.png
  artifactKey: Guid(7631a0d85e1ae8a43a525226fbb1e972) Importer(815301076,1909f56bfc062723c751e8b465ee728b)
Start importing Assets/Art/Tilemaps/Accesoires/Water accesoires.png using Guid(7631a0d85e1ae8a43a525226fbb1e972) Importer(815301076,1909f56bfc062723c751e8b465ee728b)  -> (artifact id: '70971827cba4d0036b68d33e25af3fbe') in 0.025629 seconds 
========================================================================
Received Import Request.
  Time since last request: 291.876347 seconds.
  path: Assets/Art/Tilemaps/Tilepallete/bosrand_0.asset
  artifactKey: Guid(21879591db7e1ad44be31f9c9f4c342d) Importer(815301076,1909f56bfc062723c751e8b465ee728b)
Start importing Assets/Art/Tilemaps/Tilepallete/bosrand_0.asset using Guid(21879591db7e1ad44be31f9c9f4c342d) Importer(815301076,1909f56bfc062723c751e8b465ee728b)  -> (artifact id: '17174bcb2a19c22fcb2729a939f4a6f3') in 0.031618 seconds 
========================================================================
Received Import Request.
  Time since last request: 0.006598 seconds.
  path: Assets/Art/Tilemaps/Tilepallete/bosrand_3.asset
  artifactKey: Guid(6dde3ac524a85d642940772a49ace556) Importer(815301076,1909f56bfc062723c751e8b465ee728b)
Start importing Assets/Art/Tilemaps/Tilepallete/bosrand_3.asset using Guid(6dde3ac524a85d642940772a49ace556) Importer(815301076,1909f56bfc062723c751e8b465ee728b)  -> (artifact id: 'fb562cc22651f30b7725019d18d57391') in 0.019109 seconds 
========================================================================
Received Import Request.
  Time since last request: 0.000031 seconds.
  path: Assets/Art/Tilemaps/Tilepallete/bosrand_12.asset
  artifactKey: Guid(098bdaa59e1f61d48a73e7977e288adb) Importer(815301076,1909f56bfc062723c751e8b465ee728b)
Start importing Assets/Art/Tilemaps/Tilepallete/bosrand_12.asset using Guid(098bdaa59e1f61d48a73e7977e288adb) Importer(815301076,1909f56bfc062723c751e8b465ee728b)  -> (artifact id: '80ccbff60227f1a31add95545f21d024') in 0.017670 seconds 
========================================================================
Received Import Request.
  Time since last request: 0.000033 seconds.
  path: Assets/Art/Tilemaps/Tilepallete/Tilemap Forestfloor Grass 1_9.asset
  artifactKey: Guid(9448358f33fbe924b85019f52c6c45f7) Importer(815301076,1909f56bfc062723c751e8b465ee728b)
Start importing Assets/Art/Tilemaps/Tilepallete/Tilemap Forestfloor Grass 1_9.asset using Guid(9448358f33fbe924b85019f52c6c45f7) Importer(815301076,1909f56bfc062723c751e8b465ee728b)  -> (artifact id: '75006d72426d52eb5d3fc5e8dc8ec19a') in 0.030648 seconds 
========================================================================
Received Import Request.
  Time since last request: 0.000037 seconds.
  path: Assets/Art/Tilemaps/Tilepallete/Tilemap Forestfloor Grass 1_22.asset
  artifactKey: Guid(d6a9cd0b8efa1a14a806e080c7d5659f) Importer(815301076,1909f56bfc062723c751e8b465ee728b)
Start importing Assets/Art/Tilemaps/Tilepallete/Tilemap Forestfloor Grass 1_22.asset using Guid(d6a9cd0b8efa1a14a806e080c7d5659f) Importer(815301076,1909f56bfc062723c751e8b465ee728b)  -> (artifact id: 'e98b06c194fd7c8c28d1ed9778de8b86') in 0.052347 seconds 
========================================================================
Received Import Request.
  Time since last request: 0.000033 seconds.
  path: Assets/Art/Tilemaps/Tilepallete/bosrand_5.asset
  artifactKey: Guid(167617ba94519ed42ba0eb39defd201a) Importer(815301076,1909f56bfc062723c751e8b465ee728b)
Start importing Assets/Art/Tilemaps/Tilepallete/bosrand_5.asset using Guid(167617ba94519ed42ba0eb39defd201a) Importer(815301076,1909f56bfc062723c751e8b465ee728b)  -> (artifact id: 'c9583b4814624f2a30aa4dd2a941bdaa') in 0.018794 seconds 
========================================================================
Received Import Request.
  Time since last request: 0.000034 seconds.
  path: Assets/Art/Tilemaps/Tilepallete/Tilemap Forestfloor Grass 1_3.asset
  artifactKey: Guid(185b2a5c1c2e43e4295caabb2651f9cd) Importer(815301076,1909f56bfc062723c751e8b465ee728b)
Start importing Assets/Art/Tilemaps/Tilepallete/Tilemap Forestfloor Grass 1_3.asset using Guid(185b2a5c1c2e43e4295caabb2651f9cd) Importer(815301076,1909f56bfc062723c751e8b465ee728b)  -> (artifact id: 'f0021737cf91b43a99a59546c962ab84') in 0.014712 seconds 
========================================================================
Received Import Request.
  Time since last request: 0.000032 seconds.
  path: Assets/Art/Tilemaps/Tilepallete/Tilemap Forestfloor Grass 1_13.asset
  artifactKey: Guid(98270377290c82c44a8123240dfe8006) Importer(815301076,1909f56bfc062723c751e8b465ee728b)
Start importing Assets/Art/Tilemaps/Tilepallete/Tilemap Forestfloor Grass 1_13.asset using Guid(98270377290c82c44a8123240dfe8006) Importer(815301076,1909f56bfc062723c751e8b465ee728b)  -> (artifact id: 'aa968e15a4848c9c7b7c2c879269595b') in 0.015021 seconds 
========================================================================
Received Import Request.
  Time since last request: 0.000037 seconds.
  path: Assets/Art/Tilemaps/Tilepallete/Gras accesoires_4.asset
  artifactKey: Guid(0e947f1a9e2c0294a865ff0826bc661b) Importer(815301076,1909f56bfc062723c751e8b465ee728b)
Start importing Assets/Art/Tilemaps/Tilepallete/Gras accesoires_4.asset using Guid(0e947f1a9e2c0294a865ff0826bc661b) Importer(815301076,1909f56bfc062723c751e8b465ee728b)  -> (artifact id: 'd5cf5e3f0fedf42b69914a6f33ed5fbb') in 0.014616 seconds 
========================================================================
Received Import Request.
  Time since last request: 0.000041 seconds.
  path: Assets/Art/Tilemaps/Tilepallete/Tilemap Forestfloor Grass 1_15.asset
  artifactKey: Guid(6de1e418103671b48b21640922698f65) Importer(815301076,1909f56bfc062723c751e8b465ee728b)
Start importing Assets/Art/Tilemaps/Tilepallete/Tilemap Forestfloor Grass 1_15.asset using Guid(6de1e418103671b48b21640922698f65) Importer(815301076,1909f56bfc062723c751e8b465ee728b)  -> (artifact id: '5cdf291614a49e81c3b39280d4cc81ff') in 0.013251 seconds 
========================================================================
Received Import Request.
  Time since last request: 0.000032 seconds.
  path: Assets/Art/Tilemaps/Tilepallete/Tilemap Forestfloor Grass 1_17.asset
  artifactKey: Guid(c070afc715cee23459b0ec64bb994643) Importer(815301076,1909f56bfc062723c751e8b465ee728b)
Start importing Assets/Art/Tilemaps/Tilepallete/Tilemap Forestfloor Grass 1_17.asset using Guid(c070afc715cee23459b0ec64bb994643) Importer(815301076,1909f56bfc062723c751e8b465ee728b)  -> (artifact id: '0a6c1398e71113581c14e88035acf808') in 0.015215 seconds 
========================================================================
Received Import Request.
  Time since last request: 0.000032 seconds.
  path: Assets/Art/Tilemaps/Tilepallete/Tilemap Forestfloor Grass 1_20.asset
  artifactKey: Guid(1ba27f29a7aeb034e8141b704a65e413) Importer(815301076,1909f56bfc062723c751e8b465ee728b)
Start importing Assets/Art/Tilemaps/Tilepallete/Tilemap Forestfloor Grass 1_20.asset using Guid(1ba27f29a7aeb034e8141b704a65e413) Importer(815301076,1909f56bfc062723c751e8b465ee728b)  -> (artifact id: '19fcc1962366105add7ac7ef30871e57') in 0.014971 seconds 
========================================================================
Received Import Request.
  Time since last request: 0.000040 seconds.
  path: Assets/Art/Tilemaps/Tilepallete/Gras accesoires_15.asset
  artifactKey: Guid(2b8b5fc7f5e8a114e83ff7c4290a0403) Importer(815301076,1909f56bfc062723c751e8b465ee728b)
Start importing Assets/Art/Tilemaps/Tilepallete/Gras accesoires_15.asset using Guid(2b8b5fc7f5e8a114e83ff7c4290a0403) Importer(815301076,1909f56bfc062723c751e8b465ee728b)  -> (artifact id: 'f1e160a0d43cf1195f61ca028844d4a8') in 0.014364 seconds 
========================================================================
Received Import Request.
  Time since last request: 0.000030 seconds.
  path: Assets/Art/Tilemaps/Tilepallete/bosrand_2.asset
  artifactKey: Guid(9c02a34f0646c744b8cfc2fc0dfd1446) Importer(815301076,1909f56bfc062723c751e8b465ee728b)
Start importing Assets/Art/Tilemaps/Tilepallete/bosrand_2.asset using Guid(9c02a34f0646c744b8cfc2fc0dfd1446) Importer(815301076,1909f56bfc062723c751e8b465ee728b)  -> (artifact id: 'f4e36ffdba9d3b1adba4314ef792d1a9') in 0.014948 seconds 
========================================================================
Received Import Request.
  Time since last request: 0.000035 seconds.
  path: Assets/Art/Tilemaps/Tilepallete/Tilemap Forestfloor Grass 1_19.asset
  artifactKey: Guid(ad08f7f582c9c5943a8d58234c7e71a5) Importer(815301076,1909f56bfc062723c751e8b465ee728b)
Start importing Assets/Art/Tilemaps/Tilepallete/Tilemap Forestfloor Grass 1_19.asset using Guid(ad08f7f582c9c5943a8d58234c7e71a5) Importer(815301076,1909f56bfc062723c751e8b465ee728b)  -> (artifact id: 'dfd123a8b5480d1ee9d61c7881e2a406') in 0.014550 seconds 
========================================================================
Received Import Request.
  Time since last request: 0.000037 seconds.
  path: Assets/Art/Tilemaps/Tilepallete/Gras accesoires_17.asset
  artifactKey: Guid(218e35baea5911c46861cc9cafc7b94d) Importer(815301076,1909f56bfc062723c751e8b465ee728b)
Start importing Assets/Art/Tilemaps/Tilepallete/Gras accesoires_17.asset using Guid(218e35baea5911c46861cc9cafc7b94d) Importer(815301076,1909f56bfc062723c751e8b465ee728b)  -> (artifact id: '8ccffa1661b4c8ba42fefddd79641958') in 0.015613 seconds 
========================================================================
Received Import Request.
  Time since last request: 0.000029 seconds.
  path: Assets/Art/Tilemaps/Tilepallete/Gras accesoires_16.asset
  artifactKey: Guid(807e99a1054657e4286209877fa8087a) Importer(815301076,1909f56bfc062723c751e8b465ee728b)
Start importing Assets/Art/Tilemaps/Tilepallete/Gras accesoires_16.asset using Guid(807e99a1054657e4286209877fa8087a) Importer(815301076,1909f56bfc062723c751e8b465ee728b)  -> (artifact id: 'a391a5bb6a35c651f5ef72e0a5ac3f86') in 0.014612 seconds 
========================================================================
Received Import Request.
  Time since last request: 0.000025 seconds.
  path: Assets/Art/Tilemaps/Tilepallete/Tilemap Forestfloor Grass 1_18.asset
  artifactKey: Guid(d0d469c63e6e1da4db3b67fef9b748da) Importer(815301076,1909f56bfc062723c751e8b465ee728b)
Start importing Assets/Art/Tilemaps/Tilepallete/Tilemap Forestfloor Grass 1_18.asset using Guid(d0d469c63e6e1da4db3b67fef9b748da) Importer(815301076,1909f56bfc062723c751e8b465ee728b)  -> (artifact id: '23e0462a67eca165e765ca21ea66a3f6') in 0.013649 seconds 
========================================================================
Received Import Request.
  Time since last request: 0.000029 seconds.
  path: Assets/Art/Tilemaps/Tilepallete/bosrand_10.asset
  artifactKey: Guid(237fa0f1974f26043a60360a84dea460) Importer(815301076,1909f56bfc062723c751e8b465ee728b)
Start importing Assets/Art/Tilemaps/Tilepallete/bosrand_10.asset using Guid(237fa0f1974f26043a60360a84dea460) Importer(815301076,1909f56bfc062723c751e8b465ee728b)  -> (artifact id: '1e18933a595a7b770db09b3627e0f231') in 0.014078 seconds 
========================================================================
Received Import Request.
  Time since last request: 0.000031 seconds.
  path: Assets/Art/Tilemaps/Tilepallete/Tilemap Forestfloor Grass 1_1.asset
  artifactKey: Guid(83fcfd2fa23a4324fb665e778f11968b) Importer(815301076,1909f56bfc062723c751e8b465ee728b)
Start importing Assets/Art/Tilemaps/Tilepallete/Tilemap Forestfloor Grass 1_1.asset using Guid(83fcfd2fa23a4324fb665e778f11968b) Importer(815301076,1909f56bfc062723c751e8b465ee728b)  -> (artifact id: '796770898bdcd1d9358468397222acf2') in 0.013496 seconds 
========================================================================
Received Import Request.
  Time since last request: 0.000030 seconds.
  path: Assets/Art/Tilemaps/Tilepallete/Gras accesoires_18.asset
  artifactKey: Guid(1f377f09293cffa429803cc0b00d349f) Importer(815301076,1909f56bfc062723c751e8b465ee728b)
Start importing Assets/Art/Tilemaps/Tilepallete/Gras accesoires_18.asset using Guid(1f377f09293cffa429803cc0b00d349f) Importer(815301076,1909f56bfc062723c751e8b465ee728b)  -> (artifact id: '4823b67c8155826de37884da8415d050') in 0.014542 seconds 
========================================================================
Received Import Request.
  Time since last request: 0.000034 seconds.
  path: Assets/Art/Tilemaps/Tilepallete/Gras accesoires_10.asset
  artifactKey: Guid(dd26962dba660344fac1fb496d1bf204) Importer(815301076,1909f56bfc062723c751e8b465ee728b)
Start importing Assets/Art/Tilemaps/Tilepallete/Gras accesoires_10.asset using Guid(dd26962dba660344fac1fb496d1bf204) Importer(815301076,1909f56bfc062723c751e8b465ee728b)  -> (artifact id: 'cf04560927e8541c2fc264aa6f8b478e') in 0.013935 seconds 
========================================================================
Received Import Request.
  Time since last request: 0.000030 seconds.
  path: Assets/Art/Tilemaps/Tilepallete/Gras accesoires_14.asset
  artifactKey: Guid(7c514005252675848bb69f5f277da403) Importer(815301076,1909f56bfc062723c751e8b465ee728b)
Start importing Assets/Art/Tilemaps/Tilepallete/Gras accesoires_14.asset using Guid(7c514005252675848bb69f5f277da403) Importer(815301076,1909f56bfc062723c751e8b465ee728b)  -> (artifact id: 'e56838ffad81d627d64d0e1875d33a33') in 0.014082 seconds 
========================================================================
Received Import Request.
  Time since last request: 0.000056 seconds.
  path: Assets/Art/Tilemaps/Tilepallete/Gras accesoires_5.asset
  artifactKey: Guid(f2a941df614bc4341affec18bacdfcbe) Importer(815301076,1909f56bfc062723c751e8b465ee728b)
Start importing Assets/Art/Tilemaps/Tilepallete/Gras accesoires_5.asset using Guid(f2a941df614bc4341affec18bacdfcbe) Importer(815301076,1909f56bfc062723c751e8b465ee728b)  -> (artifact id: '3fd96114dd7ea9e6765240aafad3d1ab') in 0.012882 seconds 
========================================================================
Received Import Request.
  Time since last request: 0.000034 seconds.
  path: Assets/Art/Tilemaps/Tilepallete/bosrand_9.asset
  artifactKey: Guid(b9eaac95db311474dbecadcb8bb68a20) Importer(815301076,1909f56bfc062723c751e8b465ee728b)
Start importing Assets/Art/Tilemaps/Tilepallete/bosrand_9.asset using Guid(b9eaac95db311474dbecadcb8bb68a20) Importer(815301076,1909f56bfc062723c751e8b465ee728b)  -> (artifact id: 'd9fcbd13a1a3c95de23cc4fdd9a0519e') in 0.012983 seconds 
========================================================================
Received Import Request.
  Time since last request: 0.000052 seconds.
  path: Assets/Art/Tilemaps/Tilepallete/Water accesoires_0.asset
  artifactKey: Guid(9ae9513e1237b4f428a177c1cc2ece2a) Importer(815301076,1909f56bfc062723c751e8b465ee728b)
Start importing Assets/Art/Tilemaps/Tilepallete/Water accesoires_0.asset using Guid(9ae9513e1237b4f428a177c1cc2ece2a) Importer(815301076,1909f56bfc062723c751e8b465ee728b)  -> (artifact id: 'd4554d693d72a37587ff7cbd42fd69ae') in 0.016987 seconds 
========================================================================
Received Import Request.
  Time since last request: 0.000035 seconds.
  path: Assets/Art/Tilemaps/Tilepallete/Tilemap Forestfloor Grass 1_14.asset
  artifactKey: Guid(44132b3fe7731f54eb7a5307b0e482f3) Importer(815301076,1909f56bfc062723c751e8b465ee728b)
Start importing Assets/Art/Tilemaps/Tilepallete/Tilemap Forestfloor Grass 1_14.asset using Guid(44132b3fe7731f54eb7a5307b0e482f3) Importer(815301076,1909f56bfc062723c751e8b465ee728b)  -> (artifact id: '3beedb56d82d4df951a6e3825da8ff28') in 0.015695 seconds 
========================================================================
Received Import Request.
  Time since last request: 0.000035 seconds.
  path: Assets/Art/Tilemaps/Tilepallete/bosrand_8.asset
  artifactKey: Guid(b51e6aa7c8be3f142a67ba3fba30350a) Importer(815301076,1909f56bfc062723c751e8b465ee728b)
Start importing Assets/Art/Tilemaps/Tilepallete/bosrand_8.asset using Guid(b51e6aa7c8be3f142a67ba3fba30350a) Importer(815301076,1909f56bfc062723c751e8b465ee728b)  -> (artifact id: 'a001a391f7af4d7f609e1b7efecc04e3') in 0.012284 seconds 
========================================================================
Received Import Request.
  Time since last request: 0.000044 seconds.
  path: Assets/Art/Tilemaps/Tilepallete/Gras accesoires_8.asset
  artifactKey: Guid(bcc693a9b031c614881391b876e66ee9) Importer(815301076,1909f56bfc062723c751e8b465ee728b)
Start importing Assets/Art/Tilemaps/Tilepallete/Gras accesoires_8.asset using Guid(bcc693a9b031c614881391b876e66ee9) Importer(815301076,1909f56bfc062723c751e8b465ee728b)  -> (artifact id: '58676eee03e2909997c944cfaffaaf7b') in 0.013429 seconds 
========================================================================
Received Import Request.
  Time since last request: 0.000031 seconds.
  path: Assets/Art/Tilemaps/Tilepallete/Gras accesoires_2.asset
  artifactKey: Guid(cd1d2d8ea708c2e4b8302e822661832b) Importer(815301076,1909f56bfc062723c751e8b465ee728b)
Start importing Assets/Art/Tilemaps/Tilepallete/Gras accesoires_2.asset using Guid(cd1d2d8ea708c2e4b8302e822661832b) Importer(815301076,1909f56bfc062723c751e8b465ee728b)  -> (artifact id: '27df4138290f5a376fdaf29e4bb0f65c') in 0.015851 seconds 
========================================================================
Received Import Request.
  Time since last request: 0.000040 seconds.
  path: Assets/Art/Tilemaps/Tilepallete/Tilemap Forestfloor Grass 1_24.asset
  artifactKey: Guid(da0522ecd1c891647906ad0694cf50cf) Importer(815301076,1909f56bfc062723c751e8b465ee728b)
Start importing Assets/Art/Tilemaps/Tilepallete/Tilemap Forestfloor Grass 1_24.asset using Guid(da0522ecd1c891647906ad0694cf50cf) Importer(815301076,1909f56bfc062723c751e8b465ee728b)  -> (artifact id: '663396deeac5e73245f9fe0a6340faaa') in 0.013262 seconds 
========================================================================
Received Import Request.
  Time since last request: 0.000034 seconds.
  path: Assets/Art/Tilemaps/Tilepallete/Tilemap Forestfloor Grass 1_8.asset
  artifactKey: Guid(c73a0b534cc2dce4e93d1ebfab749e79) Importer(815301076,1909f56bfc062723c751e8b465ee728b)
Start importing Assets/Art/Tilemaps/Tilepallete/Tilemap Forestfloor Grass 1_8.asset using Guid(c73a0b534cc2dce4e93d1ebfab749e79) Importer(815301076,1909f56bfc062723c751e8b465ee728b)  -> (artifact id: '9ffea7499b36b3d691e8da257b5d42ca') in 0.012999 seconds 
========================================================================
Received Import Request.
  Time since last request: 0.733290 seconds.
  path: Assets/Art/Tilemaps/Tilepallete/Water accesoires_2.asset
  artifactKey: Guid(eba48e88da0cf584bba89aed4ab5c43c) Importer(815301076,1909f56bfc062723c751e8b465ee728b)
Start importing Assets/Art/Tilemaps/Tilepallete/Water accesoires_2.asset using Guid(eba48e88da0cf584bba89aed4ab5c43c) Importer(815301076,1909f56bfc062723c751e8b465ee728b)  -> (artifact id: '6afbb0d1f70948c59097b9ea3a133c83') in 0.013329 seconds 
========================================================================
Received Import Request.
  Time since last request: 0.000044 seconds.
  path: Assets/Art/Tilemaps/Tilepallete/Zand-Gras transitite 1_8.asset
  artifactKey: Guid(6f5c1f1cef088544092ec663ee37e385) Importer(815301076,1909f56bfc062723c751e8b465ee728b)
Start importing Assets/Art/Tilemaps/Tilepallete/Zand-Gras transitite 1_8.asset using Guid(6f5c1f1cef088544092ec663ee37e385) Importer(815301076,1909f56bfc062723c751e8b465ee728b)  -> (artifact id: '647de7035285c312425bb99cefcac86b') in 0.013604 seconds 
========================================================================
Received Import Request.
  Time since last request: 0.000032 seconds.
  path: Assets/Art/Tilemaps/Tilepallete/Zand-Gras transitite 1_16.asset
  artifactKey: Guid(9f4e98f81620d104abc27bb8232a8cfd) Importer(815301076,1909f56bfc062723c751e8b465ee728b)
Start importing Assets/Art/Tilemaps/Tilepallete/Zand-Gras transitite 1_16.asset using Guid(9f4e98f81620d104abc27bb8232a8cfd) Importer(815301076,1909f56bfc062723c751e8b465ee728b)  -> (artifact id: 'fb97cfa05b57b75db0488e07ec7ee7fd') in 0.013486 seconds 
========================================================================
Received Import Request.
  Time since last request: 0.000028 seconds.
  path: Assets/Art/Tilemaps/Tilepallete/Zand-Gras transitite_5.asset
  artifactKey: Guid(b0f96c32dd39ce541af781b24d137ce3) Importer(815301076,1909f56bfc062723c751e8b465ee728b)
Start importing Assets/Art/Tilemaps/Tilepallete/Zand-Gras transitite_5.asset using Guid(b0f96c32dd39ce541af781b24d137ce3) Importer(815301076,1909f56bfc062723c751e8b465ee728b)  -> (artifact id: '29beb146e21ffa18513b2d20e1c63bb8') in 0.012353 seconds 
========================================================================
Received Import Request.
  Time since last request: 0.000034 seconds.
  path: Assets/Art/Tilemaps/Tilepallete/Zand-Gras transitite_21.asset
  artifactKey: Guid(4a4c9c1a3095a7d4e9f4fc53d35312a5) Importer(815301076,1909f56bfc062723c751e8b465ee728b)
Start importing Assets/Art/Tilemaps/Tilepallete/Zand-Gras transitite_21.asset using Guid(4a4c9c1a3095a7d4e9f4fc53d35312a5) Importer(815301076,1909f56bfc062723c751e8b465ee728b)  -> (artifact id: '33e6e19e19106215be6292db82d77f0d') in 0.011058 seconds 
========================================================================
Received Import Request.
  Time since last request: 0.000039 seconds.
  path: Assets/Art/Tilemaps/Tilepallete/Zand-Gras transitite_22.asset
  artifactKey: Guid(ee4b7473625ca3d44a8fcaee44b8b57b) Importer(815301076,1909f56bfc062723c751e8b465ee728b)
Start importing Assets/Art/Tilemaps/Tilepallete/Zand-Gras transitite_22.asset using Guid(ee4b7473625ca3d44a8fcaee44b8b57b) Importer(815301076,1909f56bfc062723c751e8b465ee728b)  -> (artifact id: '91aadf98bcff7c169f9a07d85778fa30') in 0.010310 seconds 
========================================================================
Received Import Request.
  Time since last request: 0.000031 seconds.
  path: Assets/Art/Tilemaps/Tilepallete/Zand-Gras transitite_1.asset
  artifactKey: Guid(cce2dee7c5ae2044286a9e09d54b0775) Importer(815301076,1909f56bfc062723c751e8b465ee728b)
Start importing Assets/Art/Tilemaps/Tilepallete/Zand-Gras transitite_1.asset using Guid(cce2dee7c5ae2044286a9e09d54b0775) Importer(815301076,1909f56bfc062723c751e8b465ee728b)  -> (artifact id: 'e415aea4bf3a0cb1d2f9f103050434a7') in 0.010911 seconds 
========================================================================
Received Import Request.
  Time since last request: 0.000058 seconds.
  path: Assets/Art/Tilemaps/Tilepallete/Zand-Gras transitite 1_18.asset
  artifactKey: Guid(fd055633380afa34a82dbe29d9db7638) Importer(815301076,1909f56bfc062723c751e8b465ee728b)
Start importing Assets/Art/Tilemaps/Tilepallete/Zand-Gras transitite 1_18.asset using Guid(fd055633380afa34a82dbe29d9db7638) Importer(815301076,1909f56bfc062723c751e8b465ee728b)  -> (artifact id: 'f7edddf75b47354ce457f3cfc2f8bc3f') in 0.011535 seconds 
========================================================================
Received Import Request.
  Time since last request: 0.000048 seconds.
  path: Assets/Art/Tilemaps/Tilepallete/Zand-Gras transitite 1_3.asset
  artifactKey: Guid(36080f9579962da4ea0066b8ea6c41d9) Importer(815301076,1909f56bfc062723c751e8b465ee728b)
Start importing Assets/Art/Tilemaps/Tilepallete/Zand-Gras transitite 1_3.asset using Guid(36080f9579962da4ea0066b8ea6c41d9) Importer(815301076,1909f56bfc062723c751e8b465ee728b)  -> (artifact id: '28d38ca28c352f8c1a4283aae922673f') in 0.011669 seconds 
========================================================================
Received Import Request.
  Time since last request: 0.000023 seconds.
  path: Assets/Art/Tilemaps/Tilepallete/Zand-Gras transitite_15.asset
  artifactKey: Guid(af810c1ff435c9245a02c567e9da90a1) Importer(815301076,1909f56bfc062723c751e8b465ee728b)
Start importing Assets/Art/Tilemaps/Tilepallete/Zand-Gras transitite_15.asset using Guid(af810c1ff435c9245a02c567e9da90a1) Importer(815301076,1909f56bfc062723c751e8b465ee728b)  -> (artifact id: '319e2795e789954ddf26f615002e25a6') in 0.011420 seconds 
========================================================================
Received Import Request.
  Time since last request: 0.000031 seconds.
  path: Assets/Art/Tilemaps/Tilepallete/Zand-Gras transitite_13.asset
  artifactKey: Guid(4315baa56c056a548b7505979811a526) Importer(815301076,1909f56bfc062723c751e8b465ee728b)
Start importing Assets/Art/Tilemaps/Tilepallete/Zand-Gras transitite_13.asset using Guid(4315baa56c056a548b7505979811a526) Importer(815301076,1909f56bfc062723c751e8b465ee728b)  -> (artifact id: '5dbf7c9fdefd6d861c250117fd1be88b') in 0.011655 seconds 
========================================================================
Received Import Request.
  Time since last request: 0.000035 seconds.
  path: Assets/Art/Tilemaps/Tilepallete/Zand-Gras transitite_23.asset
  artifactKey: Guid(c0069062e143cf543bc1066b14ae8548) Importer(815301076,1909f56bfc062723c751e8b465ee728b)
Start importing Assets/Art/Tilemaps/Tilepallete/Zand-Gras transitite_23.asset using Guid(c0069062e143cf543bc1066b14ae8548) Importer(815301076,1909f56bfc062723c751e8b465ee728b)  -> (artifact id: '47cf022bd6ffc944876d54e07424e3e4') in 0.011786 seconds 
========================================================================
Received Import Request.
  Time since last request: 0.000031 seconds.
  path: Assets/Art/Tilemaps/Tilepallete/Zand-Gras transitite 1_9.asset
  artifactKey: Guid(e68ccdc39611c8943b2fc74f10179ff2) Importer(815301076,1909f56bfc062723c751e8b465ee728b)
Start importing Assets/Art/Tilemaps/Tilepallete/Zand-Gras transitite 1_9.asset using Guid(e68ccdc39611c8943b2fc74f10179ff2) Importer(815301076,1909f56bfc062723c751e8b465ee728b)  -> (artifact id: 'c7df3b45d996a1f785eabeae3ebd2ee1') in 0.012675 seconds 
========================================================================
Received Import Request.
  Time since last request: 0.000032 seconds.
  path: Assets/Art/Tilemaps/Tilepallete/Zand-Gras transitite 1_24.asset
  artifactKey: Guid(d16631c4aa25c4549886c8f224b8866e) Importer(815301076,1909f56bfc062723c751e8b465ee728b)
Start importing Assets/Art/Tilemaps/Tilepallete/Zand-Gras transitite 1_24.asset using Guid(d16631c4aa25c4549886c8f224b8866e) Importer(815301076,1909f56bfc062723c751e8b465ee728b)  -> (artifact id: '30ea9c4e5fda300da77c953e773497c6') in 0.014162 seconds 
========================================================================
Received Import Request.
  Time since last request: 0.000042 seconds.
  path: Assets/Art/Tilemaps/Tilepallete/Zand-Gras transitite_20.asset
  artifactKey: Guid(03b7e3c6df9e7684f9dc53765216c038) Importer(815301076,1909f56bfc062723c751e8b465ee728b)
Start importing Assets/Art/Tilemaps/Tilepallete/Zand-Gras transitite_20.asset using Guid(03b7e3c6df9e7684f9dc53765216c038) Importer(815301076,1909f56bfc062723c751e8b465ee728b)  -> (artifact id: 'cfb3cbaa7de17586e9be308b2d2b6fa9') in 0.010328 seconds 
========================================================================
Received Import Request.
  Time since last request: 0.000032 seconds.
  path: Assets/Art/Tilemaps/Tilepallete/Zand-Gras transitite_14.asset
  artifactKey: Guid(fcc7311fe5bae5348b8e17369fe8686d) Importer(815301076,1909f56bfc062723c751e8b465ee728b)
Start importing Assets/Art/Tilemaps/Tilepallete/Zand-Gras transitite_14.asset using Guid(fcc7311fe5bae5348b8e17369fe8686d) Importer(815301076,1909f56bfc062723c751e8b465ee728b)  -> (artifact id: '55b7c17387484a0eaa1376000f4642b6') in 0.012625 seconds 
========================================================================
Received Import Request.
  Time since last request: 0.000035 seconds.
  path: Assets/Art/Tilemaps/Tilepallete/Zand-Gras transitite 1_11.asset
  artifactKey: Guid(1cbcf6da5ef53d44db7a8f5145d1f181) Importer(815301076,1909f56bfc062723c751e8b465ee728b)
Start importing Assets/Art/Tilemaps/Tilepallete/Zand-Gras transitite 1_11.asset using Guid(1cbcf6da5ef53d44db7a8f5145d1f181) Importer(815301076,1909f56bfc062723c751e8b465ee728b)  -> (artifact id: 'c56e4cb2fc81909d19141932238a5db9') in 0.012173 seconds 
========================================================================
Received Import Request.
  Time since last request: 0.000039 seconds.
  path: Assets/Art/Tilemaps/Tilepallete/Zand-Gras transitite 1_6.asset
  artifactKey: Guid(70d79a594507dcf498185f99587af356) Importer(815301076,1909f56bfc062723c751e8b465ee728b)
Start importing Assets/Art/Tilemaps/Tilepallete/Zand-Gras transitite 1_6.asset using Guid(70d79a594507dcf498185f99587af356) Importer(815301076,1909f56bfc062723c751e8b465ee728b)  -> (artifact id: '8664f35fc835c4e0f915c54523153649') in 0.012281 seconds 
========================================================================
Received Import Request.
  Time since last request: 0.000028 seconds.
  path: Assets/Art/Tilemaps/Tilepallete/Zand-Gras transitite_3.asset
  artifactKey: Guid(c906014ab84610e4a8a9350a4b1ed559) Importer(815301076,1909f56bfc062723c751e8b465ee728b)
Start importing Assets/Art/Tilemaps/Tilepallete/Zand-Gras transitite_3.asset using Guid(c906014ab84610e4a8a9350a4b1ed559) Importer(815301076,1909f56bfc062723c751e8b465ee728b)  -> (artifact id: 'a76b6824e3d7f400d99bdf9e291602cc') in 0.012561 seconds 
========================================================================
Received Import Request.
  Time since last request: 0.000035 seconds.
  path: Assets/Art/Tilemaps/Tilepallete/Zand-Gras transitite_12.asset
  artifactKey: Guid(03773c518daa5d94e8743ef1d85852e3) Importer(815301076,1909f56bfc062723c751e8b465ee728b)
Start importing Assets/Art/Tilemaps/Tilepallete/Zand-Gras transitite_12.asset using Guid(03773c518daa5d94e8743ef1d85852e3) Importer(815301076,1909f56bfc062723c751e8b465ee728b)  -> (artifact id: '8ce0636ebcdb4cf08d8b2872dce3ddaa') in 0.011223 seconds 
========================================================================
Received Import Request.
  Time since last request: 0.000031 seconds.
  path: Assets/Art/Tilemaps/Tilepallete/Zand-Gras transitite_16.asset
  artifactKey: Guid(eb66973932dede14ab865c182d712d7d) Importer(815301076,1909f56bfc062723c751e8b465ee728b)
Start importing Assets/Art/Tilemaps/Tilepallete/Zand-Gras transitite_16.asset using Guid(eb66973932dede14ab865c182d712d7d) Importer(815301076,1909f56bfc062723c751e8b465ee728b)  -> (artifact id: '4f5a8f1c39833f8604749e24d466bdf6') in 0.011987 seconds 
========================================================================
Received Import Request.
  Time since last request: 0.000067 seconds.
  path: Assets/Art/Tilemaps/Tilepallete/Zand-Gras transitite 1_13.asset
  artifactKey: Guid(767b7ca6929920944a952114d7a2e0c7) Importer(815301076,1909f56bfc062723c751e8b465ee728b)
Start importing Assets/Art/Tilemaps/Tilepallete/Zand-Gras transitite 1_13.asset using Guid(767b7ca6929920944a952114d7a2e0c7) Importer(815301076,1909f56bfc062723c751e8b465ee728b)  -> (artifact id: 'c86b5d6de485c0e3e54d9dabfa98936c') in 0.013417 seconds 
========================================================================
Received Import Request.
  Time since last request: 0.000028 seconds.
  path: Assets/Art/Tilemaps/Tilepallete/Zand-Gras transitite_24.asset
  artifactKey: Guid(1c0def8fc49f1174bbd7fb03a089844a) Importer(815301076,1909f56bfc062723c751e8b465ee728b)
Start importing Assets/Art/Tilemaps/Tilepallete/Zand-Gras transitite_24.asset using Guid(1c0def8fc49f1174bbd7fb03a089844a) Importer(815301076,1909f56bfc062723c751e8b465ee728b)  -> (artifact id: 'f73df8aa7de9b820a270c79f9e5c4e0f') in 0.012773 seconds 
========================================================================
Received Import Request.
  Time since last request: 0.000043 seconds.
  path: Assets/Art/Tilemaps/Tilepallete/Zand-Gras transitite 1_1.asset
  artifactKey: Guid(b1f033080f3b23c45b68f6c93a55c842) Importer(815301076,1909f56bfc062723c751e8b465ee728b)
Start importing Assets/Art/Tilemaps/Tilepallete/Zand-Gras transitite 1_1.asset using Guid(b1f033080f3b23c45b68f6c93a55c842) Importer(815301076,1909f56bfc062723c751e8b465ee728b)  -> (artifact id: '05d82998983f0118029166e6f4744319') in 0.014239 seconds 
========================================================================
Received Import Request.
  Time since last request: 0.000031 seconds.
  path: Assets/Art/Tilemaps/Tilepallete/Zand-Gras transitite_18.asset
  artifactKey: Guid(6b4986494ea93b144a74ed9173f2ede5) Importer(815301076,1909f56bfc062723c751e8b465ee728b)
Start importing Assets/Art/Tilemaps/Tilepallete/Zand-Gras transitite_18.asset using Guid(6b4986494ea93b144a74ed9173f2ede5) Importer(815301076,1909f56bfc062723c751e8b465ee728b)  -> (artifact id: 'ffcc074107fc9beb56277ad25c686a4f') in 0.012332 seconds 
========================================================================
Received Import Request.
  Time since last request: 0.000034 seconds.
  path: Assets/Art/Tilemaps/Tilepallete/Zand-Gras transitite 1_19.asset
  artifactKey: Guid(009b9b9f7905288439717e4d2c773e7a) Importer(815301076,1909f56bfc062723c751e8b465ee728b)
Start importing Assets/Art/Tilemaps/Tilepallete/Zand-Gras transitite 1_19.asset using Guid(009b9b9f7905288439717e4d2c773e7a) Importer(815301076,1909f56bfc062723c751e8b465ee728b)  -> (artifact id: '0c53c831487afd593ede0f92f6912bf4') in 0.013970 seconds 
========================================================================
Received Import Request.
  Time since last request: 4.328093 seconds.
  path: Assets/Art/Tilemaps/Woods/1 forest tile.png
  artifactKey: Guid(6941df479aebd9b4895c0a2effe9780a) Importer(815301076,1909f56bfc062723c751e8b465ee728b)
Start importing Assets/Art/Tilemaps/Woods/1 forest tile.png using Guid(6941df479aebd9b4895c0a2effe9780a) Importer(815301076,1909f56bfc062723c751e8b465ee728b)  -> (artifact id: 'cad1d86bb1504f7849a6e3cfc145a6df') in 0.025814 seconds 
========================================================================
Received Import Request.
  Time since last request: 0.000032 seconds.
  path: Assets/Art/Tilemaps/Woods/FOREPST.png
  artifactKey: Guid(67a8d3050ddc7a44baffa604c4bd55da) Importer(815301076,1909f56bfc062723c751e8b465ee728b)
Start importing Assets/Art/Tilemaps/Woods/FOREPST.png using Guid(67a8d3050ddc7a44baffa604c4bd55da) Importer(815301076,1909f56bfc062723c751e8b465ee728b)  -> (artifact id: '09302f9c827b592e019e62ca81ba15cc') in 0.049620 seconds 
========================================================================
Received Import Request.
  Time since last request: 0.000037 seconds.
  path: Assets/Art/Tilemaps/Woods/Tilemap Forestfloor Grass 1.png
  artifactKey: Guid(f67e69604fcf93344a9a70a6a524c472) Importer(815301076,1909f56bfc062723c751e8b465ee728b)
Start importing Assets/Art/Tilemaps/Woods/Tilemap Forestfloor Grass 1.png using Guid(f67e69604fcf93344a9a70a6a524c472) Importer(815301076,1909f56bfc062723c751e8b465ee728b)  -> (artifact id: 'a2120ade34d82bf02d57849f205ee46b') in 0.175007 seconds 
========================================================================
Received Import Request.
  Time since last request: 328.091154 seconds.
  path: Assets/Settings/Renderer2D.asset
  artifactKey: Guid(424799608f7334c24bf367e4bbfa7f9a) Importer(815301076,1909f56bfc062723c751e8b465ee728b)
Start importing Assets/Settings/Renderer2D.asset using Guid(424799608f7334c24bf367e4bbfa7f9a) Importer(815301076,1909f56bfc062723c751e8b465ee728b)  -> (artifact id: '13d983e8e46830c21d777fa86a32e8fa') in 0.012224 seconds 
========================================================================
Received Import Request.
  Time since last request: 0.000033 seconds.
  path: Assets/Settings/UniversalRP.asset
  artifactKey: Guid(681886c5eb7344803b6206f758bf0b1c) Importer(815301076,1909f56bfc062723c751e8b465ee728b)
Start importing Assets/Settings/UniversalRP.asset using Guid(681886c5eb7344803b6206f758bf0b1c) Importer(815301076,1909f56bfc062723c751e8b465ee728b)  -> (artifact id: '4f32402741679e166e6f4c0b390951e1') in 0.015296 seconds 
========================================================================
Received Import Request.
  Time since last request: 4.360645 seconds.
  path: Assets/Art/Tilemaps/Water/MEERTJE_0.asset
  artifactKey: Guid(9c665308ecdaf29418487729ded5c64e) Importer(815301076,1909f56bfc062723c751e8b465ee728b)
Start importing Assets/Art/Tilemaps/Water/MEERTJE_0.asset using Guid(9c665308ecdaf29418487729ded5c64e) Importer(815301076,1909f56bfc062723c751e8b465ee728b)  -> (artifact id: '28fb3d1d1dbe1442eb1b583f3c9bf360') in 0.015170 seconds 
========================================================================
Received Import Request.
  Time since last request: 0.011024 seconds.
  path: Assets/Art/Tilemaps/Water/MEERTJE_5.asset
  artifactKey: Guid(21e6b8c36d9ecd8488b5ea843e5618c1) Importer(815301076,1909f56bfc062723c751e8b465ee728b)
Start importing Assets/Art/Tilemaps/Water/MEERTJE_5.asset using Guid(21e6b8c36d9ecd8488b5ea843e5618c1) Importer(815301076,1909f56bfc062723c751e8b465ee728b)  -> (artifact id: 'c47dd79cab2ef30dbd514de6adc498c4') in 0.016080 seconds 
========================================================================
Received Import Request.
  Time since last request: 0.000044 seconds.
  path: Assets/Art/Tilemaps/Water/MEERTJE_14.asset
  artifactKey: Guid(638e9c14bd3341e478ac770740357908) Importer(815301076,1909f56bfc062723c751e8b465ee728b)
Start importing Assets/Art/Tilemaps/Water/MEERTJE_14.asset using Guid(638e9c14bd3341e478ac770740357908) Importer(815301076,1909f56bfc062723c751e8b465ee728b)  -> (artifact id: '9d518615c0958eec0fd868b6dc661264') in 0.015227 seconds 
========================================================================
Received Import Request.
  Time since last request: 0.000029 seconds.
  path: Assets/Art/Tilemaps/Water/Tree_2.asset
  artifactKey: Guid(7db984ac79361254da4461fac476843a) Importer(815301076,1909f56bfc062723c751e8b465ee728b)
Start importing Assets/Art/Tilemaps/Water/Tree_2.asset using Guid(7db984ac79361254da4461fac476843a) Importer(815301076,1909f56bfc062723c751e8b465ee728b)  -> (artifact id: '391cea9df58f5c50ba088a6dfacc6fac') in 0.013445 seconds 
========================================================================
Received Import Request.
  Time since last request: 0.000041 seconds.
  path: Assets/Art/Tilemaps/Water/MEERTJE_2.asset
  artifactKey: Guid(c01baa1a1799f33459e571a409eacc0e) Importer(815301076,1909f56bfc062723c751e8b465ee728b)
Start importing Assets/Art/Tilemaps/Water/MEERTJE_2.asset using Guid(c01baa1a1799f33459e571a409eacc0e) Importer(815301076,1909f56bfc062723c751e8b465ee728b)  -> (artifact id: 'ea06eba21593b1c675bc9321ef363f06') in 0.014060 seconds 
========================================================================
Received Import Request.
  Time since last request: 0.000073 seconds.
  path: Assets/Art/Tilemaps/Water/MEERTJE_4.asset
  artifactKey: Guid(f310aafd372708e4d97bb1c43947aaf1) Importer(815301076,1909f56bfc062723c751e8b465ee728b)
Start importing Assets/Art/Tilemaps/Water/MEERTJE_4.asset using Guid(f310aafd372708e4d97bb1c43947aaf1) Importer(815301076,1909f56bfc062723c751e8b465ee728b)  -> (artifact id: '65b62d6f0991017aa66d9f2eb9f7af4b') in 0.013653 seconds 
========================================================================
Received Import Request.
  Time since last request: 0.000035 seconds.
  path: Assets/Art/Tilemaps/Water/MEERTJE_22.asset
  artifactKey: Guid(cf2d4233934a3a24bae6226f39833a6e) Importer(815301076,1909f56bfc062723c751e8b465ee728b)
Start importing Assets/Art/Tilemaps/Water/MEERTJE_22.asset using Guid(cf2d4233934a3a24bae6226f39833a6e) Importer(815301076,1909f56bfc062723c751e8b465ee728b)  -> (artifact id: 'b4f9d4f79a63837621d671174d655ba9') in 0.015195 seconds 
========================================================================
Received Import Request.
  Time since last request: 0.000031 seconds.
  path: Assets/Art/Tilemaps/Water/MEERTJE_1.asset
  artifactKey: Guid(324fbd51f131b384fa9f1241a9dd8789) Importer(815301076,1909f56bfc062723c751e8b465ee728b)
Start importing Assets/Art/Tilemaps/Water/MEERTJE_1.asset using Guid(324fbd51f131b384fa9f1241a9dd8789) Importer(815301076,1909f56bfc062723c751e8b465ee728b)  -> (artifact id: '2527362c2e1c72c55c5bac1a3eb07445') in 0.016606 seconds 
========================================================================
Received Import Request.
  Time since last request: 0.000027 seconds.
  path: Assets/Art/Tilemaps/Water/MEERTJE_19.asset
  artifactKey: Guid(9dfe7ea2a61efd846ac853d51071c30c) Importer(815301076,1909f56bfc062723c751e8b465ee728b)
Start importing Assets/Art/Tilemaps/Water/MEERTJE_19.asset using Guid(9dfe7ea2a61efd846ac853d51071c30c) Importer(815301076,1909f56bfc062723c751e8b465ee728b)  -> (artifact id: 'aeea734363856a113bee96ae0668460e') in 0.018613 seconds 
========================================================================
Received Import Request.
  Time since last request: 0.000029 seconds.
  path: Assets/Art/Tilemaps/Water/MEERTJE_11.asset
  artifactKey: Guid(8c68db49185c7374a8a73e179c7d3da6) Importer(815301076,1909f56bfc062723c751e8b465ee728b)
Start importing Assets/Art/Tilemaps/Water/MEERTJE_11.asset using Guid(8c68db49185c7374a8a73e179c7d3da6) Importer(815301076,1909f56bfc062723c751e8b465ee728b)  -> (artifact id: 'e60e9e9da2661869cdb2fb03ffeb70c6') in 0.017058 seconds 
========================================================================
Received Import Request.
  Time since last request: 0.000036 seconds.
  path: Assets/Art/Tilemaps/Water/MEERTJE_9.asset
  artifactKey: Guid(eb355158447bbb0419c3daef7e15a7fd) Importer(815301076,1909f56bfc062723c751e8b465ee728b)
Start importing Assets/Art/Tilemaps/Water/MEERTJE_9.asset using Guid(eb355158447bbb0419c3daef7e15a7fd) Importer(815301076,1909f56bfc062723c751e8b465ee728b)  -> (artifact id: '78c0786c21d3c4971c46bd42422987d1') in 0.016277 seconds 
========================================================================
Received Import Request.
  Time since last request: 0.000039 seconds.
  path: Assets/Art/Tilemaps/Water/MEERTJE_3.asset
  artifactKey: Guid(0f078a935241b0c4cbce5b18bb795b6f) Importer(815301076,1909f56bfc062723c751e8b465ee728b)
Start importing Assets/Art/Tilemaps/Water/MEERTJE_3.asset using Guid(0f078a935241b0c4cbce5b18bb795b6f) Importer(815301076,1909f56bfc062723c751e8b465ee728b)  -> (artifact id: '6aca79223feb9bca36670d40ae8c20fb') in 0.016396 seconds 
========================================================================
Received Import Request.
  Time since last request: 0.000054 seconds.
  path: Assets/Art/Tilemaps/Water/MEERTJE_13.asset
  artifactKey: Guid(cb208088d7065c34b893a914be2e302e) Importer(815301076,1909f56bfc062723c751e8b465ee728b)
Start importing Assets/Art/Tilemaps/Water/MEERTJE_13.asset using Guid(cb208088d7065c34b893a914be2e302e) Importer(815301076,1909f56bfc062723c751e8b465ee728b)  -> (artifact id: '3da74494ba0bba30f5f4ca85250b98fd') in 0.016391 seconds 
========================================================================
Received Import Request.
  Time since last request: 0.000046 seconds.
  path: Assets/Art/Tilemaps/Water/MEERTJE_17.asset
  artifactKey: Guid(a7183db2a7122f847aec6c4e7b0b4008) Importer(815301076,1909f56bfc062723c751e8b465ee728b)
Start importing Assets/Art/Tilemaps/Water/MEERTJE_17.asset using Guid(a7183db2a7122f847aec6c4e7b0b4008) Importer(815301076,1909f56bfc062723c751e8b465ee728b)  -> (artifact id: '8dfdb4979c9726cbd35dfc27d7edb614') in 0.018325 seconds 
========================================================================
Received Import Request.
  Time since last request: 0.000049 seconds.
  path: Assets/Art/Tilemaps/Water/Stenen voor waterrand_1.asset
  artifactKey: Guid(292f3a3a50c94df46a283212ae8edff0) Importer(815301076,1909f56bfc062723c751e8b465ee728b)
Start importing Assets/Art/Tilemaps/Water/Stenen voor waterrand_1.asset using Guid(292f3a3a50c94df46a283212ae8edff0) Importer(815301076,1909f56bfc062723c751e8b465ee728b)  -> (artifact id: '4df444ae845ca56ae01f4768e0888a5c') in 0.019007 seconds 
========================================================================
Received Import Request.
  Time since last request: 0.000044 seconds.
  path: Assets/Art/Tilemaps/Water/MEERTJE_21.asset
  artifactKey: Guid(f97082519facd14449eb81196532546b) Importer(815301076,1909f56bfc062723c751e8b465ee728b)
Start importing Assets/Art/Tilemaps/Water/MEERTJE_21.asset using Guid(f97082519facd14449eb81196532546b) Importer(815301076,1909f56bfc062723c751e8b465ee728b)  -> (artifact id: '7ca4b8c009edde0c1470471e702092d0') in 0.018165 seconds 
========================================================================
Received Import Request.
  Time since last request: 0.000052 seconds.
  path: Assets/Art/Tilemaps/Water/Tree_0.asset
  artifactKey: Guid(3ccbf1a3143e0e141819ecb3c58bbed3) Importer(815301076,1909f56bfc062723c751e8b465ee728b)
Start importing Assets/Art/Tilemaps/Water/Tree_0.asset using Guid(3ccbf1a3143e0e141819ecb3c58bbed3) Importer(815301076,1909f56bfc062723c751e8b465ee728b)  -> (artifact id: '0f9f56695fbe8756089e280bce3befc3') in 0.016825 seconds 
========================================================================
Received Import Request.
  Time since last request: 0.000039 seconds.
  path: Assets/Art/Tilemaps/Water/MEERTJE_16.asset
  artifactKey: Guid(15bd6d8f6e9e4e04fa649a8879847b71) Importer(815301076,1909f56bfc062723c751e8b465ee728b)
Start importing Assets/Art/Tilemaps/Water/MEERTJE_16.asset using Guid(15bd6d8f6e9e4e04fa649a8879847b71) Importer(815301076,1909f56bfc062723c751e8b465ee728b)  -> (artifact id: '0fddc67adba442280978c17f46b14dcc') in 0.015939 seconds 
========================================================================
Received Import Request.
  Time since last request: 0.000161 seconds.
  path: Assets/Art/Tilemaps/Water/MEERTJE_7.asset
  artifactKey: Guid(ad1dd6f52fc25004b86554e662d6d22b) Importer(815301076,1909f56bfc062723c751e8b465ee728b)
Start importing Assets/Art/Tilemaps/Water/MEERTJE_7.asset using Guid(ad1dd6f52fc25004b86554e662d6d22b) Importer(815301076,1909f56bfc062723c751e8b465ee728b)  -> (artifact id: 'c3e93cf88928dbeb79ee81bf7fa54781') in 0.016857 seconds 
========================================================================
Received Import Request.
  Time since last request: 0.000035 seconds.
  path: Assets/Art/Tilemaps/Water/Tree_1.asset
  artifactKey: Guid(00ad4c006df153749bab7956c75d9e87) Importer(815301076,1909f56bfc062723c751e8b465ee728b)
Start importing Assets/Art/Tilemaps/Water/Tree_1.asset using Guid(00ad4c006df153749bab7956c75d9e87) Importer(815301076,1909f56bfc062723c751e8b465ee728b)  -> (artifact id: '165ea3aaeb5557e9535a6f84cd537530') in 0.014064 seconds 
Editor requested this worker to shutdown with reason: Scaling down because of idle timeout
AssetImportWorker is now disconnected from the server
Process exiting
Exiting without the bug reporter. Application will terminate with return code 0