Using pre-set license
Built from '2021.3/staging' branch; Version is '2021.3.11f1 (0a5ca18544bf) revision 679073'; Using compiler version '192829333'; Build Type 'Release'
OS: 'Windows 10  (10.0.19044) 64bit Core' Language: 'en' Physical Memory: 32620 MB
BatchMode: 1, IsHumanControllingUs: 0, StartBugReporterOnCrash: 0, Is64bit: 1, IsPro: 1

COMMAND LINE ARGUMENTS:
C:\Program Files\Unity\Hub\Editor\2021.3.11f1\Editor\Unity.exe
-adb2
-batchMode
-noUpm
-name
AssetImportWorker0
-projectPath
C:/Users/timod/Desktop/GGJ-2023/GGJ-2023
-logFile
Logs/AssetImportWorker0.log
-srvPort
57759
Successfully changed project path to: C:/Users/timod/Desktop/GGJ-2023/GGJ-2023
C:/Users/timod/Desktop/GGJ-2023/GGJ-2023
[UnityMemory] Configuration Parameters - Can be set up in boot.config
    "memorysetup-bucket-allocator-granularity=16"
    "memorysetup-bucket-allocator-bucket-count=8"
    "memorysetup-bucket-allocator-block-size=33554432"
    "memorysetup-bucket-allocator-block-count=8"
    "memorysetup-main-allocator-block-size=16777216"
    "memorysetup-thread-allocator-block-size=16777216"
    "memorysetup-gfx-main-allocator-block-size=16777216"
    "memorysetup-gfx-thread-allocator-block-size=16777216"
    "memorysetup-cache-allocator-block-size=4194304"
    "memorysetup-typetree-allocator-block-size=2097152"
    "memorysetup-profiler-bucket-allocator-granularity=16"
    "memorysetup-profiler-bucket-allocator-bucket-count=8"
    "memorysetup-profiler-bucket-allocator-block-size=33554432"
    "memorysetup-profiler-bucket-allocator-block-count=8"
    "memorysetup-profiler-allocator-block-size=16777216"
    "memorysetup-profiler-editor-allocator-block-size=1048576"
    "memorysetup-temp-allocator-size-main=16777216"
    "memorysetup-job-temp-allocator-block-size=2097152"
    "memorysetup-job-temp-allocator-block-size-background=1048576"
    "memorysetup-job-temp-allocator-reduction-small-platforms=262144"
    "memorysetup-temp-allocator-size-background-worker=32768"
    "memorysetup-temp-allocator-size-job-worker=262144"
    "memorysetup-temp-allocator-size-preload-manager=33554432"
    "memorysetup-temp-allocator-size-nav-mesh-worker=65536"
    "memorysetup-temp-allocator-size-audio-worker=65536"
    "memorysetup-temp-allocator-size-cloud-worker=32768"
    "memorysetup-temp-allocator-size-gi-baking-worker=262144"
    "memorysetup-temp-allocator-size-gfx=262144"
Refreshing native plugins compatible for Editor in 157.45 ms, found 4 plugins.
Preloading 0 native plugins for Editor in 0.00 ms.
Initialize engine version: 2021.3.11f1 (0a5ca18544bf)
[Subsystems] Discovering subsystems at path C:/Program Files/Unity/Hub/Editor/2021.3.11f1/Editor/Data/Resources/UnitySubsystems
[Subsystems] Discovering subsystems at path C:/Users/timod/Desktop/GGJ-2023/GGJ-2023/Assets
GfxDevice: creating device client; threaded=0; jobified=0
Direct3D:
    Version:  Direct3D 11.0 [level 11.1]
    Renderer: NVIDIA GeForce RTX 3060 Laptop GPU (ID=0x2560)
    Vendor:   NVIDIA
    VRAM:     6023 MB
    Driver:   30.0.15.1236
Initialize mono
Mono path[0] = 'C:/Program Files/Unity/Hub/Editor/2021.3.11f1/Editor/Data/Managed'
Mono path[1] = 'C:/Program Files/Unity/Hub/Editor/2021.3.11f1/Editor/Data/MonoBleedingEdge/lib/mono/unityjit-win32'
Mono config path = 'C:/Program Files/Unity/Hub/Editor/2021.3.11f1/Editor/Data/MonoBleedingEdge/etc'
Using monoOptions --debugger-agent=transport=dt_socket,embedding=1,server=y,suspend=n,address=127.0.0.1:56404
Begin MonoManager ReloadAssembly
Registering precompiled unity dll's ...
Register platform support module: C:/Program Files/Unity/Hub/Editor/2021.3.11f1/Editor/Data/PlaybackEngines/WindowsStandaloneSupport/UnityEditor.WindowsStandalone.Extensions.dll
Registered in 0.011836 seconds.
Native extension for WindowsStandalone target not found
Refreshing native plugins compatible for Editor in 137.39 ms, found 4 plugins.
Preloading 0 native plugins for Editor in 0.00 ms.
Mono: successfully reloaded assembly
- Completed reload, in  0.918 seconds
Domain Reload Profiling:
	ReloadAssembly (919ms)
		BeginReloadAssembly (115ms)
			ExecutionOrderSort (0ms)
			DisableScriptedObjects (0ms)
			BackupInstance (0ms)
			ReleaseScriptingObjects (0ms)
			CreateAndSetChildDomain (1ms)
		EndReloadAssembly (631ms)
			LoadAssemblies (112ms)
			RebuildTransferFunctionScriptingTraits (0ms)
			SetupTypeCache (145ms)
			ReleaseScriptCaches (0ms)
			RebuildScriptCaches (33ms)
			SetupLoadedEditorAssemblies (386ms)
				LogAssemblyErrors (0ms)
				InitializePlatformSupportModulesInManaged (10ms)
				SetLoadedEditorAssemblies (0ms)
				RefreshPlugins (138ms)
				BeforeProcessingInitializeOnLoad (1ms)
				ProcessInitializeOnLoadAttributes (178ms)
				ProcessInitializeOnLoadMethodAttributes (58ms)
				AfterProcessingInitializeOnLoad (0ms)
				EditorAssembliesLoaded (0ms)
			ExecutionOrderSort2 (0ms)
			AwakeInstancesAfterBackupRestoration (0ms)
Platform modules already initialized, skipping
Registering precompiled user dll's ...
Registered in 0.013824 seconds.
Begin MonoManager ReloadAssembly
Symbol file LoadedFromMemory doesn't match image C:\Users\timod\Desktop\GGJ-2023\GGJ-2023\Library\PackageCache\com.unity.visualscripting@1.7.8\Editor\VisualScripting.Core\Dependencies\YamlDotNet\Unity.VisualScripting.YamlDotNet.dll
Symbol file LoadedFromMemory doesn't match image C:\Users\timod\Desktop\GGJ-2023\GGJ-2023\Library\PackageCache\com.unity.visualscripting@1.7.8\Editor\VisualScripting.Core\Dependencies\DotNetZip\Unity.VisualScripting.IonicZip.dll
Native extension for WindowsStandalone target not found
Refreshing native plugins compatible for Editor in 142.59 ms, found 4 plugins.
Preloading 0 native plugins for Editor in 0.00 ms.
Mono: successfully reloaded assembly
- Completed reload, in  1.685 seconds
Domain Reload Profiling:
	ReloadAssembly (1686ms)
		BeginReloadAssembly (141ms)
			ExecutionOrderSort (0ms)
			DisableScriptedObjects (7ms)
			BackupInstance (0ms)
			ReleaseScriptingObjects (0ms)
			CreateAndSetChildDomain (28ms)
		EndReloadAssembly (1395ms)
			LoadAssemblies (117ms)
			RebuildTransferFunctionScriptingTraits (0ms)
			SetupTypeCache (349ms)
			ReleaseScriptCaches (1ms)
			RebuildScriptCaches (83ms)
			SetupLoadedEditorAssemblies (780ms)
				LogAssemblyErrors (0ms)
				InitializePlatformSupportModulesInManaged (6ms)
				SetLoadedEditorAssemblies (0ms)
				RefreshPlugins (143ms)
				BeforeProcessingInitializeOnLoad (155ms)
				ProcessInitializeOnLoadAttributes (338ms)
				ProcessInitializeOnLoadMethodAttributes (127ms)
				AfterProcessingInitializeOnLoad (11ms)
				EditorAssembliesLoaded (0ms)
			ExecutionOrderSort2 (0ms)
			AwakeInstancesAfterBackupRestoration (7ms)
Platform modules already initialized, skipping
========================================================================
Worker process is ready to serve import requests
Launched and connected shader compiler UnityShaderCompiler.exe after 0.06 seconds
Refreshing native plugins compatible for Editor in 2.55 ms, found 4 plugins.
Preloading 0 native plugins for Editor in 0.00 ms.
Unloading 5546 Unused Serialized files (Serialized files now loaded: 0)
Unloading 43 unused Assets / (0.7 MB). Loaded Objects now: 5996.
Memory consumption went from 217.5 MB to 216.8 MB.
Total: 12.042900 ms (FindLiveObjects: 5.455200 ms CreateObjectMapping: 0.912300 ms MarkObjects: 5.346000 ms  DeleteObjects: 0.327700 ms)

AssetImportParameters requested are different than current active one (requested -> active):
  custom:video-decoder-ogg-theora: a1e56fd34408186e4bbccfd4996cb3dc -> 
  custom:container-muxer-webm: aa71ff27fc2769a1b78a27578f13a17b -> 
  custom:container-demuxer-webm: 4f35f7cbe854078d1ac9338744f61a02 -> 
  custom:video-encoder-webm-vp8: eb34c28f22e8b96e1ab97ce403110664 -> 
  custom:video-codec-MediaFoundation-h265: 746d11721c4dcdbdad8f713fa42b33f4 -> 
  custom:audio-encoder-webm-vorbis: bf7c407c2cedff20999df2af8eb42d56 -> 
  custom:framework-win-MediaFoundation: 216162199b28c13a410421893ffa2e32 -> 
  custom:container-demuxer-ogg: 62fdf1f143b41e24485cea50d1cbac27 -> 
  custom:video-decoder-webm-vp8: 9c59270c3fd7afecdb556c50c9e8de78 -> 
  custom:audio-decoder-ogg-vorbis: bf7c407c2cedff20999df2af8eb42d56 -> 
========================================================================
Received Import Request.
  Time since last request: 630293.393674 seconds.
  path: Assets/Temp art/download.png
  artifactKey: Guid(7b9c8073a6e0ab24f8df41fd3b7c2ed7) Importer(815301076,1909f56bfc062723c751e8b465ee728b)
Start importing Assets/Temp art/download.png using Guid(7b9c8073a6e0ab24f8df41fd3b7c2ed7) Importer(815301076,1909f56bfc062723c751e8b465ee728b)  -> (artifact id: '1f0f1c4e54448a8985cbfa59868edde5') in 0.133740 seconds 
========================================================================
Received Import Request.
  Time since last request: 16.131403 seconds.
  path: Assets/Temp art/download.png
  artifactKey: Guid(7b9c8073a6e0ab24f8df41fd3b7c2ed7) Importer(815301076,1909f56bfc062723c751e8b465ee728b)
Start importing Assets/Temp art/download.png using Guid(7b9c8073a6e0ab24f8df41fd3b7c2ed7) Importer(815301076,1909f56bfc062723c751e8b465ee728b)  -> (artifact id: '93a778c7a24170b1fee1757e7d8a8ef8') in 0.034237 seconds 
========================================================================
Received Import Request.
  Time since last request: 5.331631 seconds.
  path: Assets/Temp art/download.png
  artifactKey: Guid(7b9c8073a6e0ab24f8df41fd3b7c2ed7) Importer(815301076,1909f56bfc062723c751e8b465ee728b)
Start importing Assets/Temp art/download.png using Guid(7b9c8073a6e0ab24f8df41fd3b7c2ed7) Importer(815301076,1909f56bfc062723c751e8b465ee728b)  -> (artifact id: '6d965b763cdf38ccabce7b64a14c5bb7') in 0.021537 seconds 
========================================================================
Received Import Request.
  Time since last request: 397.470807 seconds.
  path: Assets/Temp art/pig_walk_cycle.gif
  artifactKey: Guid(eaf58f60c15371c49805f8caf7836324) Importer(815301076,1909f56bfc062723c751e8b465ee728b)
Start importing Assets/Temp art/pig_walk_cycle.gif using Guid(eaf58f60c15371c49805f8caf7836324) Importer(815301076,1909f56bfc062723c751e8b465ee728b)  -> (artifact id: '1a98b2f74d131727b3a42d38b3ba07bf') in 0.037395 seconds 
========================================================================
Received Import Request.
  Time since last request: 285.416073 seconds.
  path: Assets/fonts/old-game-fatty
  artifactKey: Guid(367bca4fac9eda647a842a043c401c72) Importer(815301076,1909f56bfc062723c751e8b465ee728b)
Start importing Assets/fonts/old-game-fatty using Guid(367bca4fac9eda647a842a043c401c72) Importer(815301076,1909f56bfc062723c751e8b465ee728b)  -> (artifact id: '77e2dc2bd50e5090e736519896870035') in 0.011380 seconds 
========================================================================
Received Import Request.
  Time since last request: 0.033250 seconds.
  path: Assets/fonts/old-game-fatty/OldGameFatty.ttf
  artifactKey: Guid(a1bf0388a269fba42a95b89dceee0cce) Importer(815301076,1909f56bfc062723c751e8b465ee728b)
Start importing Assets/fonts/old-game-fatty/OldGameFatty.ttf using Guid(a1bf0388a269fba42a95b89dceee0cce) Importer(815301076,1909f56bfc062723c751e8b465ee728b)  -> (artifact id: '96651cbf3de475c82c4576b086d19501') in 0.212969 seconds 
========================================================================
Received Import Request.
  Time since last request: 7.916347 seconds.
  path: Assets/fonts/old-game-fatty/OldGameFatty SDF.asset
  artifactKey: Guid(b9fb25dd902f1c642917da5d5d4ce8a7) Importer(815301076,1909f56bfc062723c751e8b465ee728b)
Start importing Assets/fonts/old-game-fatty/OldGameFatty SDF.asset using Guid(b9fb25dd902f1c642917da5d5d4ce8a7) Importer(815301076,1909f56bfc062723c751e8b465ee728b)  -> (artifact id: '514e34b3694fe5eba133440428b9ce59') in 0.046534 seconds 
========================================================================
Received Import Request.
  Time since last request: 62.799070 seconds.
  path: Assets/TextMesh Pro
  artifactKey: Guid(f54d1bd14bd3ca042bd867b519fee8cc) Importer(815301076,1909f56bfc062723c751e8b465ee728b)
Start importing Assets/TextMesh Pro using Guid(f54d1bd14bd3ca042bd867b519fee8cc) Importer(815301076,1909f56bfc062723c751e8b465ee728b)  -> (artifact id: 'f5648c5ef36b7beab651a001a8d08867') in 0.010337 seconds 
========================================================================
Received Import Request.
  Time since last request: 9.451962 seconds.
  path: Assets/Temp art/download.png
  artifactKey: Guid(7b9c8073a6e0ab24f8df41fd3b7c2ed7) Importer(815301076,1909f56bfc062723c751e8b465ee728b)
Start importing Assets/Temp art/download.png using Guid(7b9c8073a6e0ab24f8df41fd3b7c2ed7) Importer(815301076,1909f56bfc062723c751e8b465ee728b)  -> (artifact id: 'e4e5e5ed21bb8b9da1218320fc420523') in 0.025263 seconds 
========================================================================
Received Import Request.
  Time since last request: 3.620016 seconds.
  path: Assets/Temp art/download.png
  artifactKey: Guid(7b9c8073a6e0ab24f8df41fd3b7c2ed7) Importer(815301076,1909f56bfc062723c751e8b465ee728b)
Start importing Assets/Temp art/download.png using Guid(7b9c8073a6e0ab24f8df41fd3b7c2ed7) Importer(815301076,1909f56bfc062723c751e8b465ee728b)  -> (artifact id: '9356a702bcc56fd43c5c4e650b3518d8') in 0.021763 seconds 
========================================================================
Received Import Request.
  Time since last request: 7.838526 seconds.
  path: Assets/Temp art/download.png
  artifactKey: Guid(7b9c8073a6e0ab24f8df41fd3b7c2ed7) Importer(815301076,1909f56bfc062723c751e8b465ee728b)
Start importing Assets/Temp art/download.png using Guid(7b9c8073a6e0ab24f8df41fd3b7c2ed7) Importer(815301076,1909f56bfc062723c751e8b465ee728b)  -> (artifact id: '47857b9cf3614698eca213ae9ab9c1ec') in 0.027904 seconds 
========================================================================
Received Import Request.
  Time since last request: 65.709895 seconds.
  path: Packages/com.unity.render-pipelines.universal/Runtime/Materials/Decal.mat
  artifactKey: Guid(31d0dcc6f2dd4e4408d18036a2c93862) Importer(815301076,1909f56bfc062723c751e8b465ee728b)
Start importing Packages/com.unity.render-pipelines.universal/Runtime/Materials/Decal.mat using Guid(31d0dcc6f2dd4e4408d18036a2c93862) Importer(815301076,1909f56bfc062723c751e8b465ee728b)  -> (artifact id: '1467b467c994c1fceef3ba0710f950f4') in 0.033805 seconds 
========================================================================
Received Import Request.
  Time since last request: 0.000045 seconds.
  path: Packages/com.unity.render-pipelines.universal/Runtime/Materials/SpatialMappingOcclusion.mat
  artifactKey: Guid(b51db210fe78df745a372851b3db949e) Importer(815301076,1909f56bfc062723c751e8b465ee728b)
Start importing Packages/com.unity.render-pipelines.universal/Runtime/Materials/SpatialMappingOcclusion.mat using Guid(b51db210fe78df745a372851b3db949e) Importer(815301076,1909f56bfc062723c751e8b465ee728b)  -> (artifact id: 'a26f5e106de59b68788ce90677708189') in 0.044108 seconds 
========================================================================
Received Import Request.
  Time since last request: 0.000058 seconds.
  path: Packages/com.unity.render-pipelines.universal/Runtime/Materials/ParticlesUnlit.mat
  artifactKey: Guid(e823cd5b5d27c0f4b8256e7c12ee3e6d) Importer(815301076,1909f56bfc062723c751e8b465ee728b)
Start importing Packages/com.unity.render-pipelines.universal/Runtime/Materials/ParticlesUnlit.mat using Guid(e823cd5b5d27c0f4b8256e7c12ee3e6d) Importer(815301076,1909f56bfc062723c751e8b465ee728b)  -> (artifact id: 'bfd4f1ee076faaab28579bc427adb8db') in 0.621513 seconds 
========================================================================
Received Import Request.
  Time since last request: 0.000060 seconds.
  path: Packages/com.unity.render-pipelines.universal/Runtime/Materials/Sprite-Unlit-Default.mat
  artifactKey: Guid(9dfc825aed78fcd4ba02077103263b40) Importer(815301076,1909f56bfc062723c751e8b465ee728b)
Start importing Packages/com.unity.render-pipelines.universal/Runtime/Materials/Sprite-Unlit-Default.mat using Guid(9dfc825aed78fcd4ba02077103263b40) Importer(815301076,1909f56bfc062723c751e8b465ee728b)  -> (artifact id: 'bed6cd72b70c0adca2dfe2ed648f24c7') in 0.025868 seconds 
========================================================================
Received Import Request.
  Time since last request: 0.000029 seconds.
  path: Packages/com.unity.render-pipelines.universal/Runtime/Materials/SimpleLit.mat
  artifactKey: Guid(6a1143ee683302f4aa628c052723efc1) Importer(815301076,1909f56bfc062723c751e8b465ee728b)
Start importing Packages/com.unity.render-pipelines.universal/Runtime/Materials/SimpleLit.mat using Guid(6a1143ee683302f4aa628c052723efc1) Importer(815301076,1909f56bfc062723c751e8b465ee728b)  -> (artifact id: '32ebe30e125e0a7706340de76e7bbb04') in 0.108500 seconds 
========================================================================
Received Import Request.
  Time since last request: 0.000034 seconds.
  path: Packages/com.unity.render-pipelines.universal/Runtime/Materials/Sprite-Lit-Default.mat
  artifactKey: Guid(a97c105638bdf8b4a8650670310a4cd3) Importer(815301076,1909f56bfc062723c751e8b465ee728b)
Start importing Packages/com.unity.render-pipelines.universal/Runtime/Materials/Sprite-Lit-Default.mat using Guid(a97c105638bdf8b4a8650670310a4cd3) Importer(815301076,1909f56bfc062723c751e8b465ee728b)  -> (artifact id: '3da19f7e9d9ba569ec940d27b001378e') in 0.023462 seconds 
Editor requested this worker to shutdown with reason: Scaling down because of idle timeout
AssetImportWorker is now disconnected from the server
Process exiting
Exiting without the bug reporter. Application will terminate with return code 0